<?xml version="1.0" encoding="UTF-8"?>
<!-- Generated by org.testng.reporters.JUnitReportReporter -->
<testsuite hostname="DESKTOP-T6L47BI" failures="0" tests="10" name="live_functions.A_testClass_dailyCheckPointList" time="194.218" errors="0" timestamp="2024-12-23T19:08:11 IST" skipped="0">
  <testcase classname="live_functions.A_testClass_dailyCheckPointList" name="createChatgroupByFirefighter" time="21.633">
    <system-out>
      <![CDATA[ 
The process of creating chat group by fire fightr is started.
The process of creating chat group by fire fightr is complete.
 ]]>
    </system-out>
  </testcase> <!-- createChatgroupByFirefighter -->
  <testcase classname="live_functions.A_testClass_dailyCheckPointList" name="sendMessageChatGrouCreatedByAlarmLoop" time="21.432">
    <system-out>
      <![CDATA[ 
The process of sending message to a chat group created by AlarmLoop is started.
The process of sending message to a chat group created by AlarmLoop is complete.
 ]]>
    </system-out>
  </testcase> <!-- sendMessageChatGrouCreatedByAlarmLoop -->
  <testcase classname="live_functions.A_testClass_dailyCheckPointList" name="userDetails" time="2.606">
    <system-out>
      <![CDATA[ 
Department user # bhupesh.dept_dev@atpl.in # log in sucessfully
 ]]>
    </system-out>
  </testcase> <!-- userDetails -->
  <testcase classname="live_functions.A_testClass_dailyCheckPointList" name="createChatgroupByAlarmloop" time="24.970">
    <system-out>
      <![CDATA[ 
The process of creating chat group by alarm loop is started.
The process of creating chat group by alarm loop is complete.
 ]]>
    </system-out>
  </testcase> <!-- createChatgroupByAlarmloop -->
  <testcase classname="live_functions.A_testClass_dailyCheckPointList" name="createChatgroupByResource" time="24.688">
    <system-out>
      <![CDATA[ 
The process of creating chat group by resource is started.
The process of creating chat group by resource is complete.
 ]]>
    </system-out>
  </testcase> <!-- createChatgroupByResource -->
  <testcase classname="live_functions.A_testClass_dailyCheckPointList" name="sendMessageChatGrouCreatedByAttribute" time="21.158">
    <system-out>
      <![CDATA[ 
The process of sending message to a chat group created by attribute is started.
The process of sending message to a chat group created by attribute is complete.
 ]]>
    </system-out>
  </testcase> <!-- sendMessageChatGrouCreatedByAttribute -->
  <testcase classname="live_functions.A_testClass_dailyCheckPointList" name="detailsAboutScript" time="5.787">
    <system-out>
      <![CDATA[ 
Login  date-23.12.2024 & login  time -14:34
Logout date-23-12-2024 & logout time -14:38
 ]]>
    </system-out>
  </testcase> <!-- detailsAboutScript -->
  <testcase classname="live_functions.A_testClass_dailyCheckPointList" name="sendMessageChatGrouCreatedByResource" time="21.425">
    <system-out>
      <![CDATA[ 
The process of sending message to a chat group created by Resource is started.
The process of sending message to a chat group created by Resource is complete.
 ]]>
    </system-out>
  </testcase> <!-- sendMessageChatGrouCreatedByResource -->
  <testcase classname="live_functions.A_testClass_dailyCheckPointList" name="createChatgroupByAttribute" time="28.941">
    <system-out>
      <![CDATA[ 
The process of creating chat group by attribute is started.
The process of creating chat group by attribute is complete.
 ]]>
    </system-out>
  </testcase> <!-- createChatgroupByAttribute -->
  <testcase classname="live_functions.A_testClass_dailyCheckPointList" name="sendMessageChatGrouCreatedByFirefighter" time="21.578">
    <system-out>
      <![CDATA[ 
The process of sending message to a chat group created by Firefighter is started.
The process of sending message to a chat group created by Firefighter is complete.
 ]]>
    </system-out>
  </testcase> <!-- sendMessageChatGrouCreatedByFirefighter -->
  <system-out>
    <![CDATA[Hello, Daily check point checking process of 3 has started.-23.12.2024>14:34
 
Todays is 4 Monday of this month.
 
 
Department user # bhupesh.dept_dev@atpl.in # log in sucessfully
 
 
The process of creating chat group by attribute is started.
The process of creating chat group by attribute is complete.
 
 
The process of creating chat group by resource is started.
The process of creating chat group by resource is complete.
 
 
The process of creating chat group by fire fightr is started.
The process of creating chat group by fire fightr is complete.
 
 
The process of creating chat group by alarm loop is started.
The process of creating chat group by alarm loop is complete.
 
 
The process of sending message to a chat group created by attribute is started.
The process of sending message to a chat group created by attribute is complete.
 
 
The process of sending message to a chat group created by Resource is started.
The process of sending message to a chat group created by Resource is complete.
 
 
The process of sending message to a chat group created by Firefighter is started.
The process of sending message to a chat group created by Firefighter is complete.
 
 
The process of sending message to a chat group created by AlarmLoop is started.
The process of sending message to a chat group created by AlarmLoop is complete.
 
 
Login  date-23.12.2024 & login  time -14:34
Logout date-23-12-2024 & logout time -14:38
 
Logout sucessfully.
 
Refresh the URL before successfully closing the browser.
Browser close sucessfully.
 ]]>
  </system-out>
</testsuite> <!-- live_functions.A_testClass_dailyCheckPointList -->
