<?xml version="1.0" encoding="UTF-8"?>
<!-- Generated by org.testng.reporters.JUnitReportReporter -->
<testsuite hostname="DESKTOP-T6L47BI" failures="0" tests="6" name="live_functions.A_testClass_dailyCheckPointList" time="96.222" errors="0" timestamp="2024-12-24T16:20:07 IST" skipped="0">
  <testcase classname="live_functions.A_testClass_dailyCheckPointList" name="createAlamLoop" time="16.205">
    <system-out>
      <![CDATA[ 
The process of adding new alarm loop is started.
Alarm Loop >BG:AlarmLoop-2412_114826 added successfully.
The process of adding new alarm loop is complete.
 ]]>
    </system-out>
  </testcase> <!-- createAlamLoop -->
  <testcase classname="live_functions.A_testClass_dailyCheckPointList" name="addEventCategory" time="24.053">
    <system-out>
      <![CDATA[ 
The process of adding new event category is started.
 BG-EventCategoty-2412_114826 added successfully.
The process of new event category is complete.
 ]]>
    </system-out>
  </testcase> <!-- addEventCategory -->
  <testcase classname="live_functions.A_testClass_dailyCheckPointList" name="createAlamTemplate" time="28.582">
    <system-out>
      <![CDATA[ 
The process of adding new alarm template is started.
Alarm Template> BG-Template-2412_114826 adde successfully.
The process of adding new alarm template is complete.
 ]]>
    </system-out>
  </testcase> <!-- createAlamTemplate -->
  <testcase classname="live_functions.A_testClass_dailyCheckPointList" name="detailsAboutScript" time="6.019">
    <system-out>
      <![CDATA[ 
Login  date-24.12.2024 & login  time -11:48
Logout date-24-12-2024 & logout time -11:49
 ]]>
    </system-out>
  </testcase> <!-- detailsAboutScript -->
  <testcase classname="live_functions.A_testClass_dailyCheckPointList" name="userDetails" time="3.305">
    <system-out>
      <![CDATA[ 
Department user # bhupesh.dept_dev@atpl.in # log in sucessfully
 ]]>
    </system-out>
  </testcase> <!-- userDetails -->
  <testcase classname="live_functions.A_testClass_dailyCheckPointList" name="createResource" time="18.058">
    <system-out>
      <![CDATA[ 
The process of adding new resource is started.
BG:Resorce-2412_114826> added successfully
The process of adding new resource is complete.
 ]]>
    </system-out>
  </testcase> <!-- createResource -->
  <system-out>
    <![CDATA[Hello, Daily check point checking process of 3 has started.-24.12.2024>11:48
 
Todays is 4 Tuesday of this month.
 
 
Department user # bhupesh.dept_dev@atpl.in # log in sucessfully
 
 
The process of adding new resource is started.
BG:Resorce-2412_114826> added successfully
The process of adding new resource is complete.
 
 
The process of adding new alarm loop is started.
Alarm Loop >BG:AlarmLoop-2412_114826 added successfully.
The process of adding new alarm loop is complete.
 
 
The process of adding new alarm template is started.
Alarm Template> BG-Template-2412_114826 adde successfully.
The process of adding new alarm template is complete.
 
 
The process of adding new event category is started.
 BG-EventCategoty-2412_114826 added successfully.
The process of new event category is complete.
 
 
Login  date-24.12.2024 & login  time -11:48
Logout date-24-12-2024 & logout time -11:49
 
Logout sucessfully.
 
Refresh the URL before successfully closing the browser.
Browser close sucessfully.
 ]]>
  </system-out>
</testsuite> <!-- live_functions.A_testClass_dailyCheckPointList -->
