<?xml version="1.0" encoding="UTF-8"?>
<!-- Generated by org.testng.reporters.JUnitReportReporter -->
<testsuite hostname="DESKTOP-T6L47BI" failures="0" tests="4" name="live_functions.A_testClass_dailyCheckPointList" time="117.110" errors="0" timestamp="2024-11-14T16:56:23 IST" skipped="0">
  <testcase classname="live_functions.A_testClass_dailyCheckPointList" name="createAvailabilityRequestSendImmediat" time="30.982">
    <system-out>
      <![CDATA[ 
The process of create availability request > send imediate is started.
The process of create availability request > send imediate is complete.
 ]]>
    </system-out>
  </testcase> <!-- createAvailabilityRequestSendImmediat -->
  <testcase classname="live_functions.A_testClass_dailyCheckPointList" name="createInfoEventByResourceSchedule" time="27.657">
    <system-out>
      <![CDATA[ 
The process of create info-event schedule by resource is started.
info-event created for 13:31 to 13:46
The process of create info-event schedule by attribute is complete.
 ]]>
    </system-out>
  </testcase> <!-- createInfoEventByResourceSchedule -->
  <testcase classname="live_functions.A_testClass_dailyCheckPointList" name="createInfoEventByFighterSchedule" time="29.900">
    <system-out>
      <![CDATA[ 
The process of create info-event schedule by firefighter is started.
info-event created for 15-11-2024 > 12:32 to 12:47
The process of create info-event schedule by firefighter is complete.
 ]]>
    </system-out>
  </testcase> <!-- createInfoEventByFighterSchedule -->
  <testcase classname="live_functions.A_testClass_dailyCheckPointList" name="createInfoEventByAttributeSchedule" time="28.571">
    <system-out>
      <![CDATA[ 
The process of create info-event schedule by attribute is started.
info-event created for 12:31 to 12:46
The process of create info-event schedule by attribute is complete.
 ]]>
    </system-out>
  </testcase> <!-- createInfoEventByAttributeSchedule -->
  <system-out>
    <![CDATA[Hello, Daily check point checking process has started.-14.11.2024>12:24
 
Todays is 2 Thursday of this month.
 
 
The process of create info-event schedule by resource is started.
info-event created for 13:31 to 13:46
The process of create info-event schedule by attribute is complete.
 
 
The process of create info-event schedule by attribute is started.
info-event created for 12:31 to 12:46
The process of create info-event schedule by attribute is complete.
 
 
The process of create info-event schedule by firefighter is started.
info-event created for 15-11-2024 > 12:32 to 12:47
The process of create info-event schedule by firefighter is complete.
 
 
The process of create availability request > send imediate is started.
The process of create availability request > send imediate is complete.
 
Logout sucessfully.
 
Refresh the URL before successfully closing the browser.
Browser close sucessfully.
 ]]>
  </system-out>
</testsuite> <!-- live_functions.A_testClass_dailyCheckPointList -->
