<?xml version="1.0" encoding="UTF-8"?>
<!-- Generated by org.testng.reporters.JUnitReportReporter -->
<testsuite hostname="DESKTOP-T6L47BI" failures="0" tests="59" name="live_functions.A_testClass_dailyCheckPointList" time="1987.621" errors="2" timestamp="2024-12-04T11:44:22 IST" skipped="0">
  <testcase classname="live_functions.A_testClass_dailyCheckPointList" name="extendAlarmToSecondStation" time="30.585">
    <system-out>
      <![CDATA[ 
The process of extend alarm is started.
The process of extend alarm is complete.
 ]]>
    </system-out>
  </testcase> <!-- extendAlarmToSecondStation -->
  <testcase classname="live_functions.A_testClass_dailyCheckPointList" name="createInformationByAttribute" time="28.076">
    <system-out>
      <![CDATA[ 
The process of creating information by attribute is started.
The process of creating information by attribute is complete.
 ]]>
    </system-out>
  </testcase> <!-- createInformationByAttribute -->
  <testcase classname="live_functions.A_testClass_dailyCheckPointList" name="addStationUserForStation06" time="43.138">
    <system-out>
      <![CDATA[ 
The process of add station user is started.
basic detailas save successfully.
adding role save successfully.
user details
User first name >ghatole
User last name > NewStUser
User mail id > ghatole.NewStUser@atpl.in
The process of add station uers is complete.
 ]]>
    </system-out>
  </testcase> <!-- addStationUserForStation06 -->
  <testcase classname="live_functions.A_testClass_dailyCheckPointList" name="addFirefighterForNewStation06" time="130.528">
    <system-out>
      <![CDATA[ 
The process of add fire fighter is started.
basic detailas save successfully.
user role save successfully.
permission save successfully.
adding atrribute successfully.
adding resource successfully.
user details
User first name > ghatole
User last name > ff-1
User mail id > dghatole.ff1@atpl.in
  
basic detailas save successfully.
user role save successfully.
permission save successfully.
adding atrribute successfully.
adding resource successfully.
user details
User first name > ghatole
User last name > ff-2
User mail id > dghatole.ff2@atpl.in
  
The process of add fire fighter is complete.
 ]]>
    </system-out>
  </testcase> <!-- addFirefighterForNewStation06 -->
  <testcase classname="live_functions.A_testClass_dailyCheckPointList" name="sendmessageToinfoEventUsers" time="20.309">
    <system-out>
      <![CDATA[ 
The process of send message to info-event users is started.
The process of send message to info-event users is started is complete.
 ]]>
    </system-out>
  </testcase> <!-- sendmessageToinfoEventUsers -->
  <testcase classname="live_functions.A_testClass_dailyCheckPointList" name="createTestAlarmByAttributeRecursivedaily" time="37.999">
    <system-out>
      <![CDATA[ 
The process of creating a test alarm by resource with remindar recursive > daily is started.
test alarm created for >04.12.2024-06:55
The process of creating a test alarm by resource with remindar recursive > daily is complete.
 ]]>
    </system-out>
  </testcase> <!-- createTestAlarmByAttributeRecursivedaily -->
  <testcase classname="live_functions.A_testClass_dailyCheckPointList" name="createNormalCheckList" time="33.917">
    <system-out>
      <![CDATA[ 
The process of creating normal check list is started.
Normal check list number-1 is added sucessfully.
Normal check list number-2 is added sucessfully.
The process of creating normal check list is complete.
 ]]>
    </system-out>
  </testcase> <!-- createNormalCheckList -->
  <testcase classname="live_functions.A_testClass_dailyCheckPointList" name="createManualAlarmByAttribute" time="46.113">
    <system-out>
      <![CDATA[ 
The process of creating a manual alarm by attribute is started.
The process of creating a manual alarm by attribute is complete.
 ]]>
    </system-out>
  </testcase> <!-- createManualAlarmByAttribute -->
  <testcase classname="live_functions.A_testClass_dailyCheckPointList" name="sendmessageToinfoUsers" time="15.549">
    <system-out>
      <![CDATA[ 
The process of send message to information users is started.
The process of send message to information users is started is complete.
 ]]>
    </system-out>
  </testcase> <!-- sendmessageToinfoUsers -->
  <testcase classname="live_functions.A_testClass_dailyCheckPointList" name="cretecalendarEventAttributeSchedule" time="31.144">
    <system-out>
      <![CDATA[ 
The process of create calendar event by attribute is started.
calendar event by attribute from-04-12-2024070234 to 04-12-2024071734
The process of create calendar event by attribute is complete.
 ]]>
    </system-out>
  </testcase> <!-- cretecalendarEventAttributeSchedule -->
  <testcase classname="live_functions.A_testClass_dailyCheckPointList" name="createTestAlarmByAttributeOneTime" time="49.274">
    <system-out>
      <![CDATA[ 
The process of creating a test alarm by attribute with remindar one time is started.
test alarm created for >04.12.2024-06:52
The process of creating a test alarm by attribute with remindar one time is complete.
 ]]>
    </system-out>
  </testcase> <!-- createTestAlarmByAttributeOneTime -->
  <testcase classname="live_functions.A_testClass_dailyCheckPointList" name="createChatgroupByAttribute" time="30.855">
    <system-out>
      <![CDATA[ 
The process of creating chat group by attribute is started.
The process of creating chat group by attribute is complete.
 ]]>
    </system-out>
  </testcase> <!-- createChatgroupByAttribute -->
  <testcase classname="live_functions.A_testClass_dailyCheckPointList" name="lowPriorityAlarmWithEscalationResource" time="26.102">
    <system-out>
      <![CDATA[ 
The process of creating low priority alarm with escalation resource is started.
The create creating low priority alarm with escalation resource is complete.
 ]]>
    </system-out>
  </testcase> <!-- lowPriorityAlarmWithEscalationResource -->
  <testcase classname="live_functions.A_testClass_dailyCheckPointList" name="createAlamTemplate" time="29.154">
    <system-out>
      <![CDATA[ 
The process of adding new alarm template is started.
Alarm Template> BG-Template-0412_064109 adde successfully.
The process of adding new alarm template is complete.
 ]]>
    </system-out>
  </testcase> <!-- createAlamTemplate -->
  <testcase classname="live_functions.A_testClass_dailyCheckPointList" name="createChatgroupByFirefighter" time="31.153">
    <system-out>
      <![CDATA[ 
The process of creating chat group by fire fightr is started.
The process of creating chat group by fire fightr is complete.
 ]]>
    </system-out>
  </testcase> <!-- createChatgroupByFirefighter -->
  <testcase classname="live_functions.A_testClass_dailyCheckPointList" name="createAvailabilityRequestSendMultipleDays" time="26.003">
    <system-out>
      <![CDATA[ 
The process of create availability request > multiple days is started.
Availability request recursive >04-12-2024-07:02
Availability request recursive >04-12-2024-06:52
Availability request recursive >04-12-2024-06:56
The process of create availability request > multiple days is complete.
 ]]>
    </system-out>
  </testcase> <!-- createAvailabilityRequestSendMultipleDays -->
  <testcase classname="live_functions.A_testClass_dailyCheckPointList" name="SendmessagetoARUsers" time="18.591">
    <system-out>
      <![CDATA[ 
The process of send message to availability request users is started.
The process of csend message to availability request users is complete.
 ]]>
    </system-out>
  </testcase> <!-- SendmessagetoARUsers -->
  <testcase classname="live_functions.A_testClass_dailyCheckPointList" name="createTestAlarmByAttributeRecursiveWeekly" time="42.540">
    <system-out>
      <![CDATA[ 
The process of creating a test alarm by fire fighter with remindar recursive > weekly is started.
test alarm created for >04.12.2024-06:58
The process of creating a test alarm by fire fighter with remindar recursive > weekly is complete.
 ]]>
    </system-out>
  </testcase> <!-- createTestAlarmByAttributeRecursiveWeekly -->
  <testcase classname="live_functions.A_testClass_dailyCheckPointList" name="createChatgroupByResource" time="34.584">
    <system-out>
      <![CDATA[ 
The process of creating chat group by resource is started.
The process of creating chat group by resource is complete.
 ]]>
    </system-out>
  </testcase> <!-- createChatgroupByResource -->
  <testcase classname="live_functions.A_testClass_dailyCheckPointList" name="cretecalendarEventFirefighterSchedule" time="32.130">
    <system-out>
      <![CDATA[ 
The process of create calendar event by Firefighter is started.
calendar event by firefighter from-05-12-2024070335 to 04-12-2024071835
The process of create calendar event by Firefighter is complete.
 ]]>
    </system-out>
  </testcase> <!-- cretecalendarEventFirefighterSchedule -->
  <testcase classname="live_functions.A_testClass_dailyCheckPointList" name="createInformationByResource" time="24.316">
    <system-out>
      <![CDATA[ 
The process of creating information by resource is started.
The process of creating information by resource is complete.
 ]]>
    </system-out>
  </testcase> <!-- createInformationByResource -->
  <testcase classname="live_functions.A_testClass_dailyCheckPointList" name="createAlamLoop" time="18.204">
    <system-out>
      <![CDATA[ 
The process of adding new alarm loop is started.
Alarm Loop >BG:AlarmLoop-0412_064109 added successfully.
The process of adding new alarm loop is complete.
 ]]>
    </system-out>
  </testcase> <!-- createAlamLoop -->
  <testcase classname="live_functions.A_testClass_dailyCheckPointList" name="createLowPriorityManualAlarmByAttribute" time="41.948">
    <system-out>
      <![CDATA[ 
The process of creating low priority manual alarm by attribute is started.
The process of creating low priority manual alarm by attribute is complete.
 ]]>
    </system-out>
  </testcase> <!-- createLowPriorityManualAlarmByAttribute -->
  <testcase classname="live_functions.A_testClass_dailyCheckPointList" name="createInfoEventByAttributeSchedule" time="29.469">
    <system-out>
      <![CDATA[ 
The process of create info-event schedule by attribute is started.
info-event created for 07:01 to 07:16
The process of create info-event schedule by attribute is complete.
 ]]>
    </system-out>
  </testcase> <!-- createInfoEventByAttributeSchedule -->
  <testcase classname="live_functions.A_testClass_dailyCheckPointList" name="sendmessageToTestAlarmUsers" time="15.522">
    <system-out>
      <![CDATA[ 
The process of send message to test alarm user is started
The process of send message to test alarm user is complete.
 ]]>
    </system-out>
  </testcase> <!-- sendmessageToTestAlarmUsers -->
  <testcase classname="live_functions.A_testClass_dailyCheckPointList" name="createMonitorInformation02" time="24.395">
    <system-out>
      <![CDATA[ 
The process of creating information 2 from 06:56 to 07:11 for monitor is started.
The process of creating information 2 for monitor is complete.
 ]]>
    </system-out>
  </testcase> <!-- createMonitorInformation02 -->
  <testcase classname="live_functions.A_testClass_dailyCheckPointList" name="createAvailabilityRequestSendSchedule" time="25.061">
    <system-out>
      <![CDATA[ 
The process of create availability request > schedule is started.
Availability request schedule>04-12-2024-07:02
The process of create availability request > schedule is complete.
 ]]>
    </system-out>
  </testcase> <!-- createAvailabilityRequestSendSchedule -->
  <testcase classname="live_functions.A_testClass_dailyCheckPointList" name="createInfoEventByResource" time="31.685">
    <system-out>
      <![CDATA[ 
The process of create info-event by resource is started.
The process of create info-event by resource is complete.
 ]]>
    </system-out>
  </testcase> <!-- createInfoEventByResource -->
  <testcase classname="live_functions.A_testClass_dailyCheckPointList" name="sendMessageChatGrouCreatedByAttribute" time="23.949">
    <system-out>
      <![CDATA[ 
The process of sending message to a chat group created by attribute is started.
The process of sending message to a chat group created by attribute is complete.
 ]]>
    </system-out>
  </testcase> <!-- sendMessageChatGrouCreatedByAttribute -->
  <testcase classname="live_functions.A_testClass_dailyCheckPointList" name="sendMessageChatGrouCreatedByAlarmLoop" time="24.219">
    <system-out>
      <![CDATA[ 
The process of sending message to a chat group created by AlarmLoop is started.
The process of sending message to a chat group created by AlarmLoop is complete.
 ]]>
    </system-out>
  </testcase> <!-- sendMessageChatGrouCreatedByAlarmLoop -->
  <testcase classname="live_functions.A_testClass_dailyCheckPointList" name="extendAlarmFrom07To06ByAttribute" time="89.882">
    <system-out>
      <![CDATA[ 
The process of create alarm from stataion 06 and extend to station 07 is started.
The create alarm from stataion 06 and extend to station 07 is complete.
 ]]>
    </system-out>
  </testcase> <!-- extendAlarmFrom07To06ByAttribute -->
  <testcase classname="live_functions.A_testClass_dailyCheckPointList" name="cretecalendarEventResourceSchedule" time="30.671">
    <system-out>
      <![CDATA[ 
The process of create calendar event by resource is started.
calendar event by attribute from-04-12-2024080305 to 04-12-2024082405
The process of create calendar event by resource is complete.
 ]]>
    </system-out>
  </testcase> <!-- cretecalendarEventResourceSchedule -->
  <testcase classname="live_functions.A_testClass_dailyCheckPointList" name="createStormAlarm" time="34.497">
    <system-out>
      <![CDATA[ 
The process of create new storm is started.
The process of create new storm is complete.
 
The process of extend storm is started.
The process of extend storm is complete.
 ]]>
    </system-out>
  </testcase> <!-- createStormAlarm -->
  <testcase classname="live_functions.A_testClass_dailyCheckPointList" name="createInfoEventByResourceSchedule" time="30.142">
    <system-out>
      <![CDATA[ 
The process of create info-event schedule by resource is started.
info-event created for 07:48 to 08:16
The process of create info-event schedule by attribute is complete.
 ]]>
    </system-out>
  </testcase> <!-- createInfoEventByResourceSchedule -->
  <testcase classname="live_functions.A_testClass_dailyCheckPointList" name="createResource" time="19.656">
    <system-out>
      <![CDATA[ 
The process of adding new resource is started.
BG:Resorce-0412_064109> added successfully
The process of adding new resource is complete.
 ]]>
    </system-out>
  </testcase> <!-- createResource -->
  <testcase classname="live_functions.A_testClass_dailyCheckPointList" name="createPermissionGroupDefaultStation" time="57.120">
    <system-out>
      <![CDATA[ 
The process of creating permission group for default station is started.
BG-Station defalult permission group-0412064109-1
BG-Station defalult permission group-0412064109-2
The process of creating permission group for default station is complete.
 ]]>
    </system-out>
  </testcase> <!-- createPermissionGroupDefaultStation -->
  <testcase classname="live_functions.A_testClass_dailyCheckPointList" name="createInfoEventByAttribute" time="29.642">
    <error message="no such element: Unable to locate element: {&quot;method&quot;:&quot;xpath&quot;,&quot;selector&quot;:&quot;//input[@value=&quot;15429&quot;]&quot;}
  (Session info: chrome=131.0.6778.86)
For documentation on this error, please visit: https://www.selenium.dev/documentation/webdriver/troubleshooting/errors#no-such-element-exception
Build info: version: &#039;4.17.0&#039;, revision: &#039;e52b1be057*&#039;
System info: os.name: &#039;Windows 11&#039;, os.arch: &#039;amd64&#039;, os.version: &#039;10.0&#039;, java.version: &#039;17.0.9&#039;
Driver info: org.openqa.selenium.chrome.ChromeDriver
Command: [aaf061447ec19a7227a2109c6cf44dbc, findElement {using=xpath, value=//input[@value=&quot;15429&quot;]}]
Capabilities {acceptInsecureCerts: false, browserName: chrome, browserVersion: 131.0.6778.86, chrome: {chromedriverVersion: 131.0.6778.87 (ce31cae94873..., userDataDir: C:\Users\BHUPESH\AppData\Lo...}, fedcm:accounts: true, goog:chromeOptions: {debuggerAddress: localhost:51264}, networkConnectionEnabled: false, pageLoadStrategy: normal, platformName: windows, proxy: Proxy(), se:cdp: ws://localhost:51264/devtoo..., se:cdpVersion: 131.0.6778.86, setWindowRect: true, strictFileInteractability: false, timeouts: {implicit: 0, pageLoad: 300000, script: 30000}, unhandledPromptBehavior: dismiss and notify, webauthn:extension:credBlob: true, webauthn:extension:largeBlob: true, webauthn:extension:minPinLength: true, webauthn:extension:prf: true, webauthn:virtualAuthenticators: true}
Session ID: aaf061447ec19a7227a2109c6cf44dbc" type="org.openqa.selenium.NoSuchElementException">
      <![CDATA[org.openqa.selenium.NoSuchElementException: no such element: Unable to locate element: {"method":"xpath","selector":"//input[@value="15429"]"}
  (Session info: chrome=131.0.6778.86)
For documentation on this error, please visit: https://www.selenium.dev/documentation/webdriver/troubleshooting/errors#no-such-element-exception
Build info: version: '4.17.0', revision: 'e52b1be057*'
System info: os.name: 'Windows 11', os.arch: 'amd64', os.version: '10.0', java.version: '17.0.9'
Driver info: org.openqa.selenium.chrome.ChromeDriver
Command: [aaf061447ec19a7227a2109c6cf44dbc, findElement {using=xpath, value=//input[@value="15429"]}]
Capabilities {acceptInsecureCerts: false, browserName: chrome, browserVersion: 131.0.6778.86, chrome: {chromedriverVersion: 131.0.6778.87 (ce31cae94873..., userDataDir: C:\Users\BHUPESH\AppData\Lo...}, fedcm:accounts: true, goog:chromeOptions: {debuggerAddress: localhost:51264}, networkConnectionEnabled: false, pageLoadStrategy: normal, platformName: windows, proxy: Proxy(), se:cdp: ws://localhost:51264/devtoo..., se:cdpVersion: 131.0.6778.86, setWindowRect: true, strictFileInteractability: false, timeouts: {implicit: 0, pageLoad: 300000, script: 30000}, unhandledPromptBehavior: dismiss and notify, webauthn:extension:credBlob: true, webauthn:extension:largeBlob: true, webauthn:extension:minPinLength: true, webauthn:extension:prf: true, webauthn:virtualAuthenticators: true}
Session ID: aaf061447ec19a7227a2109c6cf44dbc
at java.base/jdk.internal.reflect.NativeConstructorAccessorImpl.newInstance0(Native Method)
at java.base/jdk.internal.reflect.NativeConstructorAccessorImpl.newInstance(NativeConstructorAccessorImpl.java:77)
at java.base/jdk.internal.reflect.DelegatingConstructorAccessorImpl.newInstance(DelegatingConstructorAccessorImpl.java:45)
at java.base/java.lang.reflect.Constructor.newInstanceWithCaller(Constructor.java:499)
at java.base/java.lang.reflect.Constructor.newInstance(Constructor.java:480)
at org.openqa.selenium.remote.codec.w3c.W3CHttpResponseCodec.createException(W3CHttpResponseCodec.java:185)
at org.openqa.selenium.remote.codec.w3c.W3CHttpResponseCodec.decode(W3CHttpResponseCodec.java:134)
at org.openqa.selenium.remote.codec.w3c.W3CHttpResponseCodec.decode(W3CHttpResponseCodec.java:51)
at org.openqa.selenium.remote.HttpCommandExecutor.execute(HttpCommandExecutor.java:190)
at org.openqa.selenium.remote.service.DriverCommandExecutor.invokeExecute(DriverCommandExecutor.java:216)
at org.openqa.selenium.remote.service.DriverCommandExecutor.execute(DriverCommandExecutor.java:174)
at org.openqa.selenium.remote.RemoteWebDriver.execute(RemoteWebDriver.java:519)
at org.openqa.selenium.remote.ElementLocation$ElementFinder$2.findElement(ElementLocation.java:165)
at org.openqa.selenium.remote.ElementLocation.findElement(ElementLocation.java:59)
at org.openqa.selenium.remote.RemoteWebDriver.findElement(RemoteWebDriver.java:356)
at org.openqa.selenium.remote.RemoteWebDriver.findElement(RemoteWebDriver.java:350)
at org.openqa.selenium.support.pagefactory.DefaultElementLocator.findElement(DefaultElementLocator.java:68)
at org.openqa.selenium.support.pagefactory.internal.LocatingElementHandler.invoke(LocatingElementHandler.java:38)
at jdk.proxy2/jdk.proxy2.$Proxy18.click(Unknown Source)
at live_functions.G_InfoEvent.createEventByAttribute(G_InfoEvent.java:298)
at live_functions.A_testClass_dailyCheckPointList.createInfoEventByAttribute(A_testClass_dailyCheckPointList.java:1078)
at java.base/jdk.internal.reflect.NativeMethodAccessorImpl.invoke0(Native Method)
at java.base/jdk.internal.reflect.NativeMethodAccessorImpl.invoke(NativeMethodAccessorImpl.java:77)
at java.base/jdk.internal.reflect.DelegatingMethodAccessorImpl.invoke(DelegatingMethodAccessorImpl.java:43)
at java.base/java.lang.reflect.Method.invoke(Method.java:568)
at org.testng.internal.invokers.MethodInvocationHelper.invokeMethod(MethodInvocationHelper.java:139)
at org.testng.internal.invokers.TestInvoker.invokeMethod(TestInvoker.java:664)
at org.testng.internal.invokers.TestInvoker.invokeTestMethod(TestInvoker.java:228)
at org.testng.internal.invokers.MethodRunner.runInSequence(MethodRunner.java:63)
at org.testng.internal.invokers.TestInvoker$MethodInvocationAgent.invoke(TestInvoker.java:961)
at org.testng.internal.invokers.TestInvoker.invokeTestMethods(TestInvoker.java:201)
at org.testng.internal.invokers.TestMethodWorker.invokeTestMethods(TestMethodWorker.java:148)
at org.testng.internal.invokers.TestMethodWorker.run(TestMethodWorker.java:128)
at java.base/java.util.ArrayList.forEach(ArrayList.java:1511)
at org.testng.TestRunner.privateRun(TestRunner.java:819)
at org.testng.TestRunner.run(TestRunner.java:619)
at org.testng.SuiteRunner.runTest(SuiteRunner.java:443)
at org.testng.SuiteRunner.runSequentially(SuiteRunner.java:437)
at org.testng.SuiteRunner.privateRun(SuiteRunner.java:397)
at org.testng.SuiteRunner.run(SuiteRunner.java:336)
at org.testng.SuiteRunnerWorker.runSuite(SuiteRunnerWorker.java:52)
at org.testng.SuiteRunnerWorker.run(SuiteRunnerWorker.java:95)
at org.testng.TestNG.runSuitesSequentially(TestNG.java:1301)
at org.testng.TestNG.runSuitesLocally(TestNG.java:1228)
at org.testng.TestNG.runSuites(TestNG.java:1134)
at org.testng.TestNG.run(TestNG.java:1101)
at org.testng.remote.AbstractRemoteTestNG.run(AbstractRemoteTestNG.java:115)
at org.testng.remote.RemoteTestNG.initAndRun(RemoteTestNG.java:251)
at org.testng.remote.RemoteTestNG.main(RemoteTestNG.java:77)
]]>
    </error>
    <system-out>
      <![CDATA[ 
The process of create info-event by attribute is started.]]>
    </system-out>
  </testcase> <!-- createInfoEventByAttribute -->
  <testcase classname="live_functions.A_testClass_dailyCheckPointList" name="testAlarmByRecursiveMonthlyDayWise" time="39.105">
    <system-out>
      <![CDATA[ 
The process of creating a test alarm by alarm loop 1 with remindar recirsive > monthly > day wise is started.
test alarm created for >04.12.2024-06:58
The process of creating a test alarm by alarm loop 2 with remindar recirsive > monthly > day wise is complete.
 ]]>
    </system-out>
  </testcase> <!-- testAlarmByRecursiveMonthlyDayWise -->
  <testcase classname="live_functions.A_testClass_dailyCheckPointList" name="createInformationByFirefighter" time="27.789">
    <system-out>
      <![CDATA[ 
The process of creating information by firefighter is started.
The process of creating information by firefighter is complete.
 ]]>
    </system-out>
  </testcase> <!-- createInformationByFirefighter -->
  <testcase classname="live_functions.A_testClass_dailyCheckPointList" name="extendLowPriorityAlarmFrom07To06ByAttribute" time="73.853">
    <system-out>
      <![CDATA[ 
The process of create low priority alarm from stataion 06 and extend to station 07 is started.
The create low priority alarm from stataion 06 and extend to station 07 is complete.
 ]]>
    </system-out>
  </testcase> <!-- extendLowPriorityAlarmFrom07To06ByAttribute -->
  <testcase classname="live_functions.A_testClass_dailyCheckPointList" name="createTestAlarmByAttributeRecursiveMontlyDateWise" time="40.569">
    <system-out>
      <![CDATA[ 
The process of creating a test alarm by alarm loop 2 with remindar recursive > monthly > date wise is started.
test alarm created for >04.12.2024-06:52
The process of creating a test alarm by alarm loop 2 with remindar recursive > monthly > date wise is complete.
 ]]>
    </system-out>
  </testcase> <!-- createTestAlarmByAttributeRecursiveMontlyDateWise -->
  <testcase classname="live_functions.A_testClass_dailyCheckPointList" name="createManualAlarmByEscalationResource" time="27.359">
    <system-out>
      <![CDATA[ 
The process of creating a manual alarm by escaltion resource is started.
The process of creating a manual alarm by escaltion resource is complete.
 ]]>
    </system-out>
  </testcase> <!-- createManualAlarmByEscalationResource -->
  <testcase classname="live_functions.A_testClass_dailyCheckPointList" name="createMonitorInformation01" time="31.262">
    <system-out>
      <![CDATA[ 
The process of creating information 1 from 06:58 to 07:03 for monitor is started.
The process of creating information 1 for monitor is complete.
 ]]>
    </system-out>
  </testcase> <!-- createMonitorInformation01 -->
  <testcase classname="live_functions.A_testClass_dailyCheckPointList" name="detailsAboutScript" time="7.226">
    <system-out>
      <![CDATA[ 
Login  date-04-12-2024 & login  time -06:41
Logout date-04-12-2024 & logout time -07:14
 ]]>
    </system-out>
  </testcase> <!-- detailsAboutScript -->
  <testcase classname="live_functions.A_testClass_dailyCheckPointList" name="addVehicleUserForStation06" time="48.331">
    <system-out>
      <![CDATA[ 
The process of add new vehicle for station 06 is started.
vehicle Bhupesh+adst06V1newDaily@atinatechnology.in added successfully.
vehicle Bhupesh+adst06V2newDaily@atinatechnology.in added successfully.
The process of aadd new vehicle for station 06 is complete.
 ]]>
    </system-out>
  </testcase> <!-- addVehicleUserForStation06 -->
  <testcase classname="live_functions.A_testClass_dailyCheckPointList" name="createAvailabilityRequestSendImmediat" time="31.617">
    <system-out>
      <![CDATA[ 
The process of create availability request > send imediate is started.
The process of create availability request > send imediate is complete.
 ]]>
    </system-out>
  </testcase> <!-- createAvailabilityRequestSendImmediat -->
  <testcase classname="live_functions.A_testClass_dailyCheckPointList" name="createManualAlarmByFireFighte" time="46.620">
    <system-out>
      <![CDATA[ 
The process of creating a manual alarm by firefighter is started.
The process of creating a manual alarm by firefighter is complete.
 ]]>
    </system-out>
  </testcase> <!-- createManualAlarmByFireFighte -->
  <testcase classname="live_functions.A_testClass_dailyCheckPointList" name="sendMessageChatGrouCreatedByFirefighter" time="22.698">
    <system-out>
      <![CDATA[ 
The process of sending message to a chat group created by Firefighter is started.
The process of sending message to a chat group created by Firefighter is complete.
 ]]>
    </system-out>
  </testcase> <!-- sendMessageChatGrouCreatedByFirefighter -->
  <testcase classname="live_functions.A_testClass_dailyCheckPointList" name="createInfoEventByFighterSchedule" time="28.907">
    <error message="no such element: Unable to locate element: {&quot;method&quot;:&quot;xpath&quot;,&quot;selector&quot;:&quot;//input[@id=&quot;selectCheckboxes&quot;]&quot;}
  (Session info: chrome=131.0.6778.86)
For documentation on this error, please visit: https://www.selenium.dev/documentation/webdriver/troubleshooting/errors#no-such-element-exception
Build info: version: &#039;4.17.0&#039;, revision: &#039;e52b1be057*&#039;
System info: os.name: &#039;Windows 11&#039;, os.arch: &#039;amd64&#039;, os.version: &#039;10.0&#039;, java.version: &#039;17.0.9&#039;
Driver info: org.openqa.selenium.chrome.ChromeDriver
Command: [aaf061447ec19a7227a2109c6cf44dbc, findElement {using=xpath, value=//input[@id=&quot;selectCheckboxes&quot;]}]
Capabilities {acceptInsecureCerts: false, browserName: chrome, browserVersion: 131.0.6778.86, chrome: {chromedriverVersion: 131.0.6778.87 (ce31cae94873..., userDataDir: C:\Users\BHUPESH\AppData\Lo...}, fedcm:accounts: true, goog:chromeOptions: {debuggerAddress: localhost:51264}, networkConnectionEnabled: false, pageLoadStrategy: normal, platformName: windows, proxy: Proxy(), se:cdp: ws://localhost:51264/devtoo..., se:cdpVersion: 131.0.6778.86, setWindowRect: true, strictFileInteractability: false, timeouts: {implicit: 0, pageLoad: 300000, script: 30000}, unhandledPromptBehavior: dismiss and notify, webauthn:extension:credBlob: true, webauthn:extension:largeBlob: true, webauthn:extension:minPinLength: true, webauthn:extension:prf: true, webauthn:virtualAuthenticators: true}
Session ID: aaf061447ec19a7227a2109c6cf44dbc" type="org.openqa.selenium.NoSuchElementException">
      <![CDATA[org.openqa.selenium.NoSuchElementException: no such element: Unable to locate element: {"method":"xpath","selector":"//input[@id="selectCheckboxes"]"}
  (Session info: chrome=131.0.6778.86)
For documentation on this error, please visit: https://www.selenium.dev/documentation/webdriver/troubleshooting/errors#no-such-element-exception
Build info: version: '4.17.0', revision: 'e52b1be057*'
System info: os.name: 'Windows 11', os.arch: 'amd64', os.version: '10.0', java.version: '17.0.9'
Driver info: org.openqa.selenium.chrome.ChromeDriver
Command: [aaf061447ec19a7227a2109c6cf44dbc, findElement {using=xpath, value=//input[@id="selectCheckboxes"]}]
Capabilities {acceptInsecureCerts: false, browserName: chrome, browserVersion: 131.0.6778.86, chrome: {chromedriverVersion: 131.0.6778.87 (ce31cae94873..., userDataDir: C:\Users\BHUPESH\AppData\Lo...}, fedcm:accounts: true, goog:chromeOptions: {debuggerAddress: localhost:51264}, networkConnectionEnabled: false, pageLoadStrategy: normal, platformName: windows, proxy: Proxy(), se:cdp: ws://localhost:51264/devtoo..., se:cdpVersion: 131.0.6778.86, setWindowRect: true, strictFileInteractability: false, timeouts: {implicit: 0, pageLoad: 300000, script: 30000}, unhandledPromptBehavior: dismiss and notify, webauthn:extension:credBlob: true, webauthn:extension:largeBlob: true, webauthn:extension:minPinLength: true, webauthn:extension:prf: true, webauthn:virtualAuthenticators: true}
Session ID: aaf061447ec19a7227a2109c6cf44dbc
at java.base/jdk.internal.reflect.NativeConstructorAccessorImpl.newInstance0(Native Method)
at java.base/jdk.internal.reflect.NativeConstructorAccessorImpl.newInstance(NativeConstructorAccessorImpl.java:77)
at java.base/jdk.internal.reflect.DelegatingConstructorAccessorImpl.newInstance(DelegatingConstructorAccessorImpl.java:45)
at java.base/java.lang.reflect.Constructor.newInstanceWithCaller(Constructor.java:499)
at java.base/java.lang.reflect.Constructor.newInstance(Constructor.java:480)
at org.openqa.selenium.remote.codec.w3c.W3CHttpResponseCodec.createException(W3CHttpResponseCodec.java:185)
at org.openqa.selenium.remote.codec.w3c.W3CHttpResponseCodec.decode(W3CHttpResponseCodec.java:134)
at org.openqa.selenium.remote.codec.w3c.W3CHttpResponseCodec.decode(W3CHttpResponseCodec.java:51)
at org.openqa.selenium.remote.HttpCommandExecutor.execute(HttpCommandExecutor.java:190)
at org.openqa.selenium.remote.service.DriverCommandExecutor.invokeExecute(DriverCommandExecutor.java:216)
at org.openqa.selenium.remote.service.DriverCommandExecutor.execute(DriverCommandExecutor.java:174)
at org.openqa.selenium.remote.RemoteWebDriver.execute(RemoteWebDriver.java:519)
at org.openqa.selenium.remote.ElementLocation$ElementFinder$2.findElement(ElementLocation.java:165)
at org.openqa.selenium.remote.ElementLocation.findElement(ElementLocation.java:59)
at org.openqa.selenium.remote.RemoteWebDriver.findElement(RemoteWebDriver.java:356)
at org.openqa.selenium.remote.RemoteWebDriver.findElement(RemoteWebDriver.java:350)
at org.openqa.selenium.support.pagefactory.DefaultElementLocator.findElement(DefaultElementLocator.java:68)
at org.openqa.selenium.support.pagefactory.internal.LocatingElementHandler.invoke(LocatingElementHandler.java:38)
at jdk.proxy2/jdk.proxy2.$Proxy18.click(Unknown Source)
at live_functions.G_InfoEvent.createEventByFireFightrSchedule(G_InfoEvent.java:245)
at live_functions.A_testClass_dailyCheckPointList.createInfoEventByFighterSchedule(A_testClass_dailyCheckPointList.java:1065)
at java.base/jdk.internal.reflect.NativeMethodAccessorImpl.invoke0(Native Method)
at java.base/jdk.internal.reflect.NativeMethodAccessorImpl.invoke(NativeMethodAccessorImpl.java:77)
at java.base/jdk.internal.reflect.DelegatingMethodAccessorImpl.invoke(DelegatingMethodAccessorImpl.java:43)
at java.base/java.lang.reflect.Method.invoke(Method.java:568)
at org.testng.internal.invokers.MethodInvocationHelper.invokeMethod(MethodInvocationHelper.java:139)
at org.testng.internal.invokers.TestInvoker.invokeMethod(TestInvoker.java:664)
at org.testng.internal.invokers.TestInvoker.invokeTestMethod(TestInvoker.java:228)
at org.testng.internal.invokers.MethodRunner.runInSequence(MethodRunner.java:63)
at org.testng.internal.invokers.TestInvoker$MethodInvocationAgent.invoke(TestInvoker.java:961)
at org.testng.internal.invokers.TestInvoker.invokeTestMethods(TestInvoker.java:201)
at org.testng.internal.invokers.TestMethodWorker.invokeTestMethods(TestMethodWorker.java:148)
at org.testng.internal.invokers.TestMethodWorker.run(TestMethodWorker.java:128)
at java.base/java.util.ArrayList.forEach(ArrayList.java:1511)
at org.testng.TestRunner.privateRun(TestRunner.java:819)
at org.testng.TestRunner.run(TestRunner.java:619)
at org.testng.SuiteRunner.runTest(SuiteRunner.java:443)
at org.testng.SuiteRunner.runSequentially(SuiteRunner.java:437)
at org.testng.SuiteRunner.privateRun(SuiteRunner.java:397)
at org.testng.SuiteRunner.run(SuiteRunner.java:336)
at org.testng.SuiteRunnerWorker.runSuite(SuiteRunnerWorker.java:52)
at org.testng.SuiteRunnerWorker.run(SuiteRunnerWorker.java:95)
at org.testng.TestNG.runSuitesSequentially(TestNG.java:1301)
at org.testng.TestNG.runSuitesLocally(TestNG.java:1228)
at org.testng.TestNG.runSuites(TestNG.java:1134)
at org.testng.TestNG.run(TestNG.java:1101)
at org.testng.remote.AbstractRemoteTestNG.run(AbstractRemoteTestNG.java:115)
at org.testng.remote.RemoteTestNG.initAndRun(RemoteTestNG.java:251)
at org.testng.remote.RemoteTestNG.main(RemoteTestNG.java:77)
]]>
    </error>
    <system-out>
      <![CDATA[ 
The process of create info-event schedule by firefighter is started.]]>
    </system-out>
  </testcase> <!-- createInfoEventByFighterSchedule -->
  <testcase classname="live_functions.A_testClass_dailyCheckPointList" name="userDetails" time="4.147">
    <system-out>
      <![CDATA[ 
Department user # 6039-DE-andrew-deptu-2 # log in sucessfully
 ]]>
    </system-out>
  </testcase> <!-- userDetails -->
  <testcase classname="live_functions.A_testClass_dailyCheckPointList" name="createAvailabilityRequestSendRecursive" time="23.877">
    <system-out>
      <![CDATA[ 
The process of create availability request > recursive is started.
Availability request recursive >04-12-2024-Wednesday-07:02
The process of create availability request > recursive is complete.
 ]]>
    </system-out>
  </testcase> <!-- createAvailabilityRequestSendRecursive -->
  <testcase classname="live_functions.A_testClass_dailyCheckPointList" name="createInfoEventByFirefighter" time="35.143">
    <system-out>
      <![CDATA[ 
The process of create info-event by firefighter is started.
The process of create info-event by firefighter is complete.
 ]]>
    </system-out>
  </testcase> <!-- createInfoEventByFirefighter -->
  <testcase classname="live_functions.A_testClass_dailyCheckPointList" name="addEventCategory" time="24.805">
    <system-out>
      <![CDATA[ 
The process of adding new event category is started.
 BG-EventCategoty-0412_064109 added successfully.
The process of new event category is complete.
 ]]>
    </system-out>
  </testcase> <!-- addEventCategory -->
  <testcase classname="live_functions.A_testClass_dailyCheckPointList" name="createAlarmCheckList" time="35.332">
    <system-out>
      <![CDATA[ 
The process of creating alarm check list is started.
Alarm check list number-1 is added sucessfully.
Alarm check list number-2 is added sucessfully.
The process of creating alarm check list is complete.
 ]]>
    </system-out>
  </testcase> <!-- createAlarmCheckList -->
  <testcase classname="live_functions.A_testClass_dailyCheckPointList" name="CreateAttributeForDepartment" time="24.484">
    <system-out>
      <![CDATA[ 
The process of creating attribute is started.
BG:Attri>0412064109>added successfully
The process of creating attribute is is complete.
 ]]>
    </system-out>
  </testcase> <!-- CreateAttributeForDepartment -->
  <testcase classname="live_functions.A_testClass_dailyCheckPointList" name="sendmessageToAlarmUser" time="51.965">
    <system-out>
      <![CDATA[ 
The Process of send message to user is started.
image attached properly
pdf attached properly
word file attached properly
The Process of send message to user is complete.
 ]]>
    </system-out>
  </testcase> <!-- sendmessageToAlarmUser -->
  <testcase classname="live_functions.A_testClass_dailyCheckPointList" name="createChatgroupByAlarmloop" time="24.539">
    <system-out>
      <![CDATA[ 
The process of creating chat group by alarm loop is started.
The process of creating chat group by alarm loop is complete.
 ]]>
    </system-out>
  </testcase> <!-- createChatgroupByAlarmloop -->
  <testcase classname="live_functions.A_testClass_dailyCheckPointList" name="createManualAlarmByResource" time="27.053">
    <system-out>
      <![CDATA[ 
The process of creating a manual alarm by resource is started.
The process of creating a manual alarm by resource is complete.
 ]]>
    </system-out>
  </testcase> <!-- createManualAlarmByResource -->
  <testcase classname="live_functions.A_testClass_dailyCheckPointList" name="sendMessageChatGrouCreatedByResource" time="22.818">
    <system-out>
      <![CDATA[ 
The process of sending message to a chat group created by Resource is started.
The process of sending message to a chat group created by Resource is complete.
 ]]>
    </system-out>
  </testcase> <!-- sendMessageChatGrouCreatedByResource -->
  <system-out>
    <![CDATA[Hello, Daily check point checking process of live has started.-04.12.2024>06:41
 
Todays is 1 Wednesday of this month.
 
 
Department user # 6039-DE-andrew-deptu-2 # log in sucessfully
 
 
The process of creating a manual alarm by attribute is started.
The process of creating a manual alarm by attribute is complete.
 
 
The process of creating a manual alarm by resource is started.
The process of creating a manual alarm by resource is complete.
 
 
The process of creating a manual alarm by firefighter is started.
The process of creating a manual alarm by firefighter is complete.
 
 
The process of creating a manual alarm by escaltion resource is started.
The process of creating a manual alarm by escaltion resource is complete.
 
 
The process of creating low priority manual alarm by attribute is started.
The process of creating low priority manual alarm by attribute is complete.
 
 
The process of extend alarm is started.
The process of extend alarm is complete.
 
 
The process of create new storm is started.
The process of create new storm is complete.
 
The process of extend storm is started.
The process of extend storm is complete.
 
 
The process of create alarm from stataion 06 and extend to station 07 is started.
The create alarm from stataion 06 and extend to station 07 is complete.
 
 
The process of create low priority alarm from stataion 06 and extend to station 07 is started.
The create low priority alarm from stataion 06 and extend to station 07 is complete.
 
 
The process of creating low priority alarm with escalation resource is started.
The create creating low priority alarm with escalation resource is complete.
 
 
The Process of send message to user is started.
image attached properly
pdf attached properly
word file attached properly
The Process of send message to user is complete.
 
 
The process of creating a test alarm by attribute with remindar one time is started.
test alarm created for >04.12.2024-06:52
The process of creating a test alarm by attribute with remindar one time is complete.
 
 
The process of creating a test alarm by resource with remindar recursive > daily is started.
test alarm created for >04.12.2024-06:55
The process of creating a test alarm by resource with remindar recursive > daily is complete.
 
 
The process of creating a test alarm by fire fighter with remindar recursive > weekly is started.
test alarm created for >04.12.2024-06:58
The process of creating a test alarm by fire fighter with remindar recursive > weekly is complete.
 
 
The process of creating a test alarm by alarm loop 1 with remindar recirsive > monthly > day wise is started.
test alarm created for >04.12.2024-06:58
The process of creating a test alarm by alarm loop 2 with remindar recirsive > monthly > day wise is complete.
 
 
The process of creating a test alarm by alarm loop 2 with remindar recursive > monthly > date wise is started.
test alarm created for >04.12.2024-06:52
The process of creating a test alarm by alarm loop 2 with remindar recursive > monthly > date wise is complete.
 
 
The process of creating information 1 from 06:58 to 07:03 for monitor is started.
The process of creating information 1 for monitor is complete.
 
 
The process of creating information 2 from 06:56 to 07:11 for monitor is started.
The process of creating information 2 for monitor is complete.
 
 
The process of create info-event schedule by attribute is started.
info-event created for 07:01 to 07:16
The process of create info-event schedule by attribute is complete.
 
 
The process of create info-event schedule by resource is started.
info-event created for 07:48 to 08:16
The process of create info-event schedule by attribute is complete.
 
 
The process of create info-event schedule by firefighter is started.
 
The process of create calendar event by attribute is started.
calendar event by attribute from-04-12-2024070234 to 04-12-2024071734
The process of create calendar event by attribute is complete.
 
 
The process of create calendar event by resource is started.
calendar event by attribute from-04-12-2024080305 to 04-12-2024082405
The process of create calendar event by resource is complete.
 
 
The process of create calendar event by Firefighter is started.
calendar event by firefighter from-05-12-2024070335 to 04-12-2024071835
The process of create calendar event by Firefighter is complete.
 
 
The process of create availability request > send imediate is started.
The process of create availability request > send imediate is complete.
 
 
The process of create availability request > schedule is started.
Availability request schedule>04-12-2024-07:02
The process of create availability request > schedule is complete.
 
 
The process of create availability request > recursive is started.
Availability request recursive >04-12-2024-Wednesday-07:02
The process of create availability request > recursive is complete.
 
 
The process of create availability request > multiple days is started.
Availability request recursive >04-12-2024-07:02
Availability request recursive >04-12-2024-06:52
Availability request recursive >04-12-2024-06:56
The process of create availability request > multiple days is complete.
 
 
The process of creating information by attribute is started.
The process of creating information by attribute is complete.
 
 
The process of creating information by resource is started.
The process of creating information by resource is complete.
 
 
The process of creating information by firefighter is started.
The process of creating information by firefighter is complete.
 
 
The process of create info-event by attribute is started.
 
The process of create info-event by resource is started.
The process of create info-event by resource is complete.
 
 
The process of create info-event by firefighter is started.
The process of create info-event by firefighter is complete.
 
 
The process of creating chat group by attribute is started.
The process of creating chat group by attribute is complete.
 
 
The process of creating chat group by resource is started.
The process of creating chat group by resource is complete.
 
 
The process of creating chat group by fire fightr is started.
The process of creating chat group by fire fightr is complete.
 
 
The process of creating chat group by alarm loop is started.
The process of creating chat group by alarm loop is complete.
 
 
The process of creating normal check list is started.
Normal check list number-1 is added sucessfully.
Normal check list number-2 is added sucessfully.
The process of creating normal check list is complete.
 
 
The process of creating alarm check list is started.
Alarm check list number-1 is added sucessfully.
Alarm check list number-2 is added sucessfully.
The process of creating alarm check list is complete.
 
 
The process of send message to availability request users is started.
The process of csend message to availability request users is complete.
 
 
The process of send message to information users is started.
The process of send message to information users is started is complete.
 
 
The process of send message to info-event users is started.
The process of send message to info-event users is started is complete.
 
 
The process of send message to test alarm user is started
The process of send message to test alarm user is complete.
 
 
The process of sending message to a chat group created by attribute is started.
The process of sending message to a chat group created by attribute is complete.
 
 
The process of sending message to a chat group created by Resource is started.
The process of sending message to a chat group created by Resource is complete.
 
 
The process of sending message to a chat group created by Firefighter is started.
The process of sending message to a chat group created by Firefighter is complete.
 
 
The process of sending message to a chat group created by AlarmLoop is started.
The process of sending message to a chat group created by AlarmLoop is complete.
 
 
The process of add station user is started.
basic detailas save successfully.
adding role save successfully.
user details
User first name >ghatole
User last name > NewStUser
User mail id > ghatole.NewStUser@atpl.in
The process of add station uers is complete.
 
 
The process of add fire fighter is started.
basic detailas save successfully.
user role save successfully.
permission save successfully.
adding atrribute successfully.
adding resource successfully.
user details
User first name > ghatole
User last name > ff-1
User mail id > dghatole.ff1@atpl.in
  
basic detailas save successfully.
user role save successfully.
permission save successfully.
adding atrribute successfully.
adding resource successfully.
user details
User first name > ghatole
User last name > ff-2
User mail id > dghatole.ff2@atpl.in
  
The process of add fire fighter is complete.
 
 
The process of add new vehicle for station 06 is started.
vehicle Bhupesh+adst06V1newDaily@atinatechnology.in added successfully.
vehicle Bhupesh+adst06V2newDaily@atinatechnology.in added successfully.
The process of aadd new vehicle for station 06 is complete.
 
 
The process of creating permission group for default station is started.
BG-Station defalult permission group-0412064109-1
BG-Station defalult permission group-0412064109-2
The process of creating permission group for default station is complete.
 
 
The process of creating attribute is started.
BG:Attri>0412064109>added successfully
The process of creating attribute is is complete.
 
 
The process of adding new resource is started.
BG:Resorce-0412_064109> added successfully
The process of adding new resource is complete.
 
 
The process of adding new alarm loop is started.
Alarm Loop >BG:AlarmLoop-0412_064109 added successfully.
The process of adding new alarm loop is complete.
 
 
The process of adding new alarm template is started.
Alarm Template> BG-Template-0412_064109 adde successfully.
The process of adding new alarm template is complete.
 
 
The process of adding new event category is started.
 BG-EventCategoty-0412_064109 added successfully.
The process of new event category is complete.
 
 
Login  date-04-12-2024 & login  time -06:41
Logout date-04-12-2024 & logout time -07:14
 
Logout sucessfully.
 
Refresh the URL before successfully closing the browser.
Browser close sucessfully.
 ]]>
  </system-out>
</testsuite> <!-- live_functions.A_testClass_dailyCheckPointList -->
