<?xml version="1.0" encoding="UTF-8"?>
<!-- Generated by org.testng.reporters.JUnitReportReporter -->
<testsuite hostname="DESKTOP-T6L47BI" failures="0" tests="4" name="live_functions.A_testClass_dailyCheckPointList" time="178.073" errors="0" timestamp="2024-11-25T18:44:02 IST" skipped="0">
  <testcase classname="live_functions.A_testClass_dailyCheckPointList" name="addFirefighterForNewStation06" time="128.436">
    <system-out>
      <![CDATA[ 
The process of add fire fighter is started.
basic detailas save successfully.
user role save successfully.
permission save successfully.
adding atrribute successfully.
adding resource successfully.
user details
User first name > ghatole
User last name > ff-1
User mail id > dghatole.ff1@atpl.in
  
basic detailas save successfully.
user role save successfully.
permission save successfully.
adding atrribute successfully.
adding resource successfully.
user details
User first name > ghatole
User last name > ff-2
User mail id > dghatole.ff2@atpl.in
  
The process of add fire fighter is complete.
 ]]>
    </system-out>
  </testcase> <!-- addFirefighterForNewStation06 -->
  <testcase classname="live_functions.A_testClass_dailyCheckPointList" name="addStationUserForStation06" time="37.798">
    <system-out>
      <![CDATA[ 
The process of add station user is started.
basic detailas save successfully.
adding role save successfully.
user details
User first name >ghatole
User last name > NewStUser
User mail id > ghatole.NewStUser@atpl.in
The process of add station uers is complete.
 ]]>
    </system-out>
  </testcase> <!-- addStationUserForStation06 -->
  <testcase classname="live_functions.A_testClass_dailyCheckPointList" name="userDetails" time="4.349">
    <system-out>
      <![CDATA[ 
live department user # 6039-DE-andrew-deptu-2 # log in sucessfully
 ]]>
    </system-out>
  </testcase> <!-- userDetails -->
  <testcase classname="live_functions.A_testClass_dailyCheckPointList" name="detailsAboutScript" time="7.490">
    <system-out>
      <![CDATA[ 
Login  date-25.11.2024 & login  time -14:10
Logout date-25-11-2024 & logout time -14:13
 ]]>
    </system-out>
  </testcase> <!-- detailsAboutScript -->
  <system-out>
    <![CDATA[Hello, Daily check point checking process has started.-25.11.2024>14:10
 
Todays is 4 Monday of this month.
 
 
live department user # 6039-DE-andrew-deptu-2 # log in sucessfully
 
 
The process of add station user is started.
basic detailas save successfully.
adding role save successfully.
user details
User first name >ghatole
User last name > NewStUser
User mail id > ghatole.NewStUser@atpl.in
The process of add station uers is complete.
 
 
The process of add fire fighter is started.
basic detailas save successfully.
user role save successfully.
permission save successfully.
adding atrribute successfully.
adding resource successfully.
user details
User first name > ghatole
User last name > ff-1
User mail id > dghatole.ff1@atpl.in
  
basic detailas save successfully.
user role save successfully.
permission save successfully.
adding atrribute successfully.
adding resource successfully.
user details
User first name > ghatole
User last name > ff-2
User mail id > dghatole.ff2@atpl.in
  
The process of add fire fighter is complete.
 
 
Login  date-25.11.2024 & login  time -14:10
Logout date-25-11-2024 & logout time -14:13
 
Logout sucessfully.
 
Refresh the URL before successfully closing the browser.
Browser close sucessfully.
 ]]>
  </system-out>
</testsuite> <!-- live_functions.A_testClass_dailyCheckPointList -->
