<?xml version="1.0" encoding="UTF-8"?>
<!-- Generated by org.testng.reporters.JUnitReportReporter -->
<testsuite hostname="DESKTOP-T6L47BI" failures="0" tests="6" name="live_functions.A_testClass_dailyCheckPointList" time="96.108" errors="0" timestamp="2024-12-16T18:09:53 IST" skipped="0">
  <testcase classname="live_functions.A_testClass_dailyCheckPointList" name="createAlamTemplate" time="30.306">
    <system-out>
      <![CDATA[ 
The process of adding new alarm template is started.
Alarm Template> BG-Template-1612_133812 adde successfully.
The process of adding new alarm template is complete.
 ]]>
    </system-out>
  </testcase> <!-- createAlamTemplate -->
  <testcase classname="live_functions.A_testClass_dailyCheckPointList" name="detailsAboutScript" time="6.066">
    <system-out>
      <![CDATA[ 
Login  date-16.12.2024 & login  time -13:38
Logout date-16-12-2024 & logout time -13:39
 ]]>
    </system-out>
  </testcase> <!-- detailsAboutScript -->
  <testcase classname="live_functions.A_testClass_dailyCheckPointList" name="userDetails" time="2.881">
    <system-out>
      <![CDATA[ 
Department user # 914-IN-U11-U011-1 # log in sucessfully
 ]]>
    </system-out>
  </testcase> <!-- userDetails -->
  <testcase classname="live_functions.A_testClass_dailyCheckPointList" name="createResource" time="15.535">
    <system-out>
      <![CDATA[ 
The process of adding new resource is started.
BG:Resorce-1612_133812> added successfully
The process of adding new resource is complete.
 ]]>
    </system-out>
  </testcase> <!-- createResource -->
  <testcase classname="live_functions.A_testClass_dailyCheckPointList" name="createAlamLoop" time="18.427">
    <system-out>
      <![CDATA[ 
The process of adding new alarm loop is started.
Alarm Loop >BG:AlarmLoop-1612_133812 added successfully.
The process of adding new alarm loop is complete.
 ]]>
    </system-out>
  </testcase> <!-- createAlamLoop -->
  <testcase classname="live_functions.A_testClass_dailyCheckPointList" name="addEventCategory" time="22.893">
    <system-out>
      <![CDATA[ 
The process of adding new event category is started.
 BG-EventCategoty-1612_133812 added successfully.
The process of new event category is complete.
 ]]>
    </system-out>
  </testcase> <!-- addEventCategory -->
  <system-out>
    <![CDATA[Hello, Daily check point checking process of 2 has started.-16.12.2024>13:38
 
Todays is 3 Monday of this month.
 
 
Department user # 914-IN-U11-U011-1 # log in sucessfully
 
 
The process of adding new resource is started.
BG:Resorce-1612_133812> added successfully
The process of adding new resource is complete.
 
 
The process of adding new alarm loop is started.
Alarm Loop >BG:AlarmLoop-1612_133812 added successfully.
The process of adding new alarm loop is complete.
 
 
The process of adding new alarm template is started.
Alarm Template> BG-Template-1612_133812 adde successfully.
The process of adding new alarm template is complete.
 
 
The process of adding new event category is started.
 BG-EventCategoty-1612_133812 added successfully.
The process of new event category is complete.
 
 
Login  date-16.12.2024 & login  time -13:38
Logout date-16-12-2024 & logout time -13:39
 
Logout sucessfully.
 
Refresh the URL before successfully closing the browser.
Browser close sucessfully.
 ]]>
  </system-out>
</testsuite> <!-- live_functions.A_testClass_dailyCheckPointList -->
