<?xml version="1.0" encoding="UTF-8"?>
<!-- Generated by org.testng.reporters.JUnitReportReporter -->
<testsuite hostname="DESKTOP-T6L47BI" failures="0" tests="3" name="live_functions.A_testClass_dailyCheckPointList" time="59.210" errors="0" timestamp="2024-12-24T17:40:58 IST" skipped="0">
  <testcase classname="live_functions.A_testClass_dailyCheckPointList" name="detailsAboutScript" time="8.302">
    <system-out>
      <![CDATA[ 
Login  date-24.12.2024 & login  time -13:09
Logout date-24-12-2024 & logout time -13:10
 ]]>
    </system-out>
  </testcase> <!-- detailsAboutScript -->
  <testcase classname="live_functions.A_testClass_dailyCheckPointList" name="addVehicleUserForStation06" time="47.797">
    <system-out>
      <![CDATA[ 
The process of add new vehicle for station 06 is started.
vehicle Bhupesh+bh1st1v1newDaily@atinatechnology.in added successfully.
vehicle Bhupesh+bh1st1v2newDaily@atinatechnology.in added successfully.
The process of aadd new vehicle for station 06 is complete.
 ]]>
    </system-out>
  </testcase> <!-- addVehicleUserForStation06 -->
  <testcase classname="live_functions.A_testClass_dailyCheckPointList" name="userDetails" time="3.111">
    <system-out>
      <![CDATA[ 
Department user # bhupesh.dept_dev@atpl.in # log in sucessfully
 ]]>
    </system-out>
  </testcase> <!-- userDetails -->
  <system-out>
    <![CDATA[Hello, Daily check point checking process of 3 has started.-24.12.2024>13:09
 
Todays is 4 Tuesday of this month.
 
 
Department user # bhupesh.dept_dev@atpl.in # log in sucessfully
 
 
The process of add new vehicle for station 06 is started.
vehicle Bhupesh+bh1st1v1newDaily@atinatechnology.in added successfully.
vehicle Bhupesh+bh1st1v2newDaily@atinatechnology.in added successfully.
The process of aadd new vehicle for station 06 is complete.
 
 
Login  date-24.12.2024 & login  time -13:09
Logout date-24-12-2024 & logout time -13:10
 
Logout sucessfully.
 
Refresh the URL before successfully closing the browser.
Browser close sucessfully.
 ]]>
  </system-out>
</testsuite> <!-- live_functions.A_testClass_dailyCheckPointList -->
