<?xml version="1.0" encoding="UTF-8"?>
<!-- Generated by org.testng.reporters.JUnitReportReporter -->
<testsuite hostname="DESKTOP-T6L47BI" failures="0" tests="4" name="live_functions.AAA_testClass_delete" time="85.859" errors="0" timestamp="2024-11-25T18:47:49 IST" skipped="0">
  <testcase classname="live_functions.AAA_testClass_delete" name="deleteFireStation" time="19.953">
    <system-out>
      <![CDATA[ 
The process of delete fire station is started.
The available station count is-0 in the list for delete.
The process of delete fire station is complete.
 ]]>
    </system-out>
  </testcase> <!-- deleteFireStation -->
  <testcase classname="live_functions.AAA_testClass_delete" name="detailsAboutScript" time="4.589">
    <system-out>
      <![CDATA[ 
Login  date-25.11.2024 & login  time -14:16
Logout date-25-11-2024 & logout time -14:17
 ]]>
    </system-out>
  </testcase> <!-- detailsAboutScript -->
  <testcase classname="live_functions.AAA_testClass_delete" name="deleteUers" time="56.988">
    <system-out>
      <![CDATA[ 
The process of delete user is started.
The available user cout is 3 in the list for delete
User number-1 is deleted sucessfully.
User number-2 is deleted sucessfully.
User number-3 is deleted sucessfully.
The process of delete user is complete.
 ]]>
    </system-out>
  </testcase> <!-- deleteUers -->
  <testcase classname="live_functions.AAA_testClass_delete" name="userDetails" time="4.329">
    <system-out>
      <![CDATA[ 
live department user # 6039-DE-andrew-deptu-2 # log in sucessfully
 ]]>
    </system-out>
  </testcase> <!-- userDetails -->
  <system-out>
    <![CDATA[Hello, Live branch deleting process has started.
 
Hello, Live branch deleting process has started.-25.11.2024>14:16
 
 
live department user # 6039-DE-andrew-deptu-2 # log in sucessfully
 
 
The process of delete fire station is started.
The available station count is-0 in the list for delete.
The process of delete fire station is complete.
 
 
The process of delete user is started.
The available user cout is 3 in the list for delete
User number-1 is deleted sucessfully.
User number-2 is deleted sucessfully.
User number-3 is deleted sucessfully.
The process of delete user is complete.
 
 
Login  date-25.11.2024 & login  time -14:16
Logout date-25-11-2024 & logout time -14:17
 
Logout sucessfully.
 
Browser close sucessfully.
 ]]>
  </system-out>
</testsuite> <!-- live_functions.AAA_testClass_delete -->
