<?xml version="1.0" encoding="UTF-8"?>
<!-- Generated by org.testng.reporters.JUnitReportReporter -->
<testsuite hostname="DESKTOP-T6L47BI" failures="0" tests="44" name="live_functions.A_testClass_dailyCheckPointList" time="840.706" errors="5" timestamp="2024-11-22T11:43:22 IST" skipped="16">
  <testcase classname="live_functions.A_testClass_dailyCheckPointList" name="createResource" time="12.992">
    <error message="element not interactable
  (Session info: chrome=131.0.6778.86)
Build info: version: &#039;4.17.0&#039;, revision: &#039;e52b1be057*&#039;
System info: os.name: &#039;Windows 11&#039;, os.arch: &#039;amd64&#039;, os.version: &#039;10.0&#039;, java.version: &#039;17.0.9&#039;
Driver info: org.openqa.selenium.chrome.ChromeDriver
Command: [11d8912f814d1cf0e9c299c88e82bf40, clickElement {id=f.A5A67217B6C74E58105339AB32E1A679.d.D2FCA27631772AE8ECB2F0AD0AA82422.e.53585}]
Capabilities {acceptInsecureCerts: false, browserName: chrome, browserVersion: 131.0.6778.86, chrome: {chromedriverVersion: 131.0.6778.85 (3d81e41b6f3a..., userDataDir: C:\Users\BHUPESH\AppData\Lo...}, fedcm:accounts: true, goog:chromeOptions: {debuggerAddress: localhost:53397}, networkConnectionEnabled: false, pageLoadStrategy: normal, platformName: windows, proxy: Proxy(), se:cdp: ws://localhost:53397/devtoo..., se:cdpVersion: 131.0.6778.86, setWindowRect: true, strictFileInteractability: false, timeouts: {implicit: 0, pageLoad: 300000, script: 30000}, unhandledPromptBehavior: dismiss and notify, webauthn:extension:credBlob: true, webauthn:extension:largeBlob: true, webauthn:extension:minPinLength: true, webauthn:extension:prf: true, webauthn:virtualAuthenticators: true}
Element: [[ChromeDriver: chrome on windows (11d8912f814d1cf0e9c299c88e82bf40)] -&gt; xpath: //a[@href=&quot;http://live.retteralarm.de/admin/AlarmResources/resources&quot;]]
Session ID: 11d8912f814d1cf0e9c299c88e82bf40" type="org.openqa.selenium.ElementNotInteractableException">
      <![CDATA[org.openqa.selenium.ElementNotInteractableException: element not interactable
  (Session info: chrome=131.0.6778.86)
Build info: version: '4.17.0', revision: 'e52b1be057*'
System info: os.name: 'Windows 11', os.arch: 'amd64', os.version: '10.0', java.version: '17.0.9'
Driver info: org.openqa.selenium.chrome.ChromeDriver
Command: [11d8912f814d1cf0e9c299c88e82bf40, clickElement {id=f.A5A67217B6C74E58105339AB32E1A679.d.D2FCA27631772AE8ECB2F0AD0AA82422.e.53585}]
Capabilities {acceptInsecureCerts: false, browserName: chrome, browserVersion: 131.0.6778.86, chrome: {chromedriverVersion: 131.0.6778.85 (3d81e41b6f3a..., userDataDir: C:\Users\BHUPESH\AppData\Lo...}, fedcm:accounts: true, goog:chromeOptions: {debuggerAddress: localhost:53397}, networkConnectionEnabled: false, pageLoadStrategy: normal, platformName: windows, proxy: Proxy(), se:cdp: ws://localhost:53397/devtoo..., se:cdpVersion: 131.0.6778.86, setWindowRect: true, strictFileInteractability: false, timeouts: {implicit: 0, pageLoad: 300000, script: 30000}, unhandledPromptBehavior: dismiss and notify, webauthn:extension:credBlob: true, webauthn:extension:largeBlob: true, webauthn:extension:minPinLength: true, webauthn:extension:prf: true, webauthn:virtualAuthenticators: true}
Element: [[ChromeDriver: chrome on windows (11d8912f814d1cf0e9c299c88e82bf40)] -> xpath: //a[@href="http://live.retteralarm.de/admin/AlarmResources/resources"]]
Session ID: 11d8912f814d1cf0e9c299c88e82bf40
at java.base/jdk.internal.reflect.NativeConstructorAccessorImpl.newInstance0(Native Method)
at java.base/jdk.internal.reflect.NativeConstructorAccessorImpl.newInstance(NativeConstructorAccessorImpl.java:77)
at java.base/jdk.internal.reflect.DelegatingConstructorAccessorImpl.newInstance(DelegatingConstructorAccessorImpl.java:45)
at java.base/java.lang.reflect.Constructor.newInstanceWithCaller(Constructor.java:499)
at java.base/java.lang.reflect.Constructor.newInstance(Constructor.java:480)
at org.openqa.selenium.remote.codec.w3c.W3CHttpResponseCodec.createException(W3CHttpResponseCodec.java:185)
at org.openqa.selenium.remote.codec.w3c.W3CHttpResponseCodec.decode(W3CHttpResponseCodec.java:134)
at org.openqa.selenium.remote.codec.w3c.W3CHttpResponseCodec.decode(W3CHttpResponseCodec.java:51)
at org.openqa.selenium.remote.HttpCommandExecutor.execute(HttpCommandExecutor.java:190)
at org.openqa.selenium.remote.service.DriverCommandExecutor.invokeExecute(DriverCommandExecutor.java:216)
at org.openqa.selenium.remote.service.DriverCommandExecutor.execute(DriverCommandExecutor.java:174)
at org.openqa.selenium.remote.RemoteWebDriver.execute(RemoteWebDriver.java:519)
at org.openqa.selenium.remote.RemoteWebElement.execute(RemoteWebElement.java:223)
at org.openqa.selenium.remote.RemoteWebElement.click(RemoteWebElement.java:76)
at jdk.internal.reflect.GeneratedMethodAccessor1.invoke(Unknown Source)
at java.base/jdk.internal.reflect.DelegatingMethodAccessorImpl.invoke(DelegatingMethodAccessorImpl.java:43)
at java.base/java.lang.reflect.Method.invoke(Method.java:568)
at org.openqa.selenium.support.pagefactory.internal.LocatingElementHandler.invoke(LocatingElementHandler.java:51)
at jdk.proxy2/jdk.proxy2.$Proxy18.click(Unknown Source)
at live_functions.j_resource.addResource(j_resource.java:45)
at live_functions.A_testClass_dailyCheckPointList.createResource(A_testClass_dailyCheckPointList.java:325)
at java.base/jdk.internal.reflect.NativeMethodAccessorImpl.invoke0(Native Method)
at java.base/jdk.internal.reflect.NativeMethodAccessorImpl.invoke(NativeMethodAccessorImpl.java:77)
at java.base/jdk.internal.reflect.DelegatingMethodAccessorImpl.invoke(DelegatingMethodAccessorImpl.java:43)
at java.base/java.lang.reflect.Method.invoke(Method.java:568)
at org.testng.internal.invokers.MethodInvocationHelper.invokeMethod(MethodInvocationHelper.java:139)
at org.testng.internal.invokers.TestInvoker.invokeMethod(TestInvoker.java:664)
at org.testng.internal.invokers.TestInvoker.invokeTestMethod(TestInvoker.java:228)
at org.testng.internal.invokers.MethodRunner.runInSequence(MethodRunner.java:63)
at org.testng.internal.invokers.TestInvoker$MethodInvocationAgent.invoke(TestInvoker.java:961)
at org.testng.internal.invokers.TestInvoker.invokeTestMethods(TestInvoker.java:201)
at org.testng.internal.invokers.TestMethodWorker.invokeTestMethods(TestMethodWorker.java:148)
at org.testng.internal.invokers.TestMethodWorker.run(TestMethodWorker.java:128)
at java.base/java.util.ArrayList.forEach(ArrayList.java:1511)
at org.testng.TestRunner.privateRun(TestRunner.java:819)
at org.testng.TestRunner.run(TestRunner.java:619)
at org.testng.SuiteRunner.runTest(SuiteRunner.java:443)
at org.testng.SuiteRunner.runSequentially(SuiteRunner.java:437)
at org.testng.SuiteRunner.privateRun(SuiteRunner.java:397)
at org.testng.SuiteRunner.run(SuiteRunner.java:336)
at org.testng.SuiteRunnerWorker.runSuite(SuiteRunnerWorker.java:52)
at org.testng.SuiteRunnerWorker.run(SuiteRunnerWorker.java:95)
at org.testng.TestNG.runSuitesSequentially(TestNG.java:1301)
at org.testng.TestNG.runSuitesLocally(TestNG.java:1228)
at org.testng.TestNG.runSuites(TestNG.java:1134)
at org.testng.TestNG.run(TestNG.java:1101)
at org.testng.remote.AbstractRemoteTestNG.run(AbstractRemoteTestNG.java:115)
at org.testng.remote.RemoteTestNG.initAndRun(RemoteTestNG.java:251)
at org.testng.remote.RemoteTestNG.main(RemoteTestNG.java:77)
]]>
    </error>
    <system-out>
      <![CDATA[ 
The process of adding new resource is started.]]>
    </system-out>
  </testcase> <!-- createResource -->
  <testcase classname="live_functions.A_testClass_dailyCheckPointList" name="createInformationByResource" time="22.800">
    <system-out>
      <![CDATA[ 
The process of creating information by resource is started.
The process of creating information by resource is complete.
 ]]>
    </system-out>
  </testcase> <!-- createInformationByResource -->
  <testcase classname="live_functions.A_testClass_dailyCheckPointList" name="sendmessageToTestAlarmUsers" time="15.977">
    <system-out>
      <![CDATA[ 
The process of send message to test alarm user is started
The process of send message to test alarm user is complete.
 ]]>
    </system-out>
  </testcase> <!-- sendmessageToTestAlarmUsers -->
  <testcase classname="live_functions.A_testClass_dailyCheckPointList" name="createChatgroupByAttribute" time="4.623">
    <error message="element click intercepted: Element &lt;span&gt;...&lt;/span&gt; is not clickable at point (21, 9). Other element would receive the click: &lt;img src=&quot;/img/logoicon.png&quot; alt=&quot;&quot;&gt;
  (Session info: chrome=131.0.6778.86)
Build info: version: &#039;4.17.0&#039;, revision: &#039;e52b1be057*&#039;
System info: os.name: &#039;Windows 11&#039;, os.arch: &#039;amd64&#039;, os.version: &#039;10.0&#039;, java.version: &#039;17.0.9&#039;
Driver info: org.openqa.selenium.chrome.ChromeDriver
Command: [11d8912f814d1cf0e9c299c88e82bf40, clickElement {id=f.A5A67217B6C74E58105339AB32E1A679.d.30BD8C6E3F68C4A19BC5D17FA614863D.e.326459}]
Capabilities {acceptInsecureCerts: false, browserName: chrome, browserVersion: 131.0.6778.86, chrome: {chromedriverVersion: 131.0.6778.85 (3d81e41b6f3a..., userDataDir: C:\Users\BHUPESH\AppData\Lo...}, fedcm:accounts: true, goog:chromeOptions: {debuggerAddress: localhost:53397}, networkConnectionEnabled: false, pageLoadStrategy: normal, platformName: windows, proxy: Proxy(), se:cdp: ws://localhost:53397/devtoo..., se:cdpVersion: 131.0.6778.86, setWindowRect: true, strictFileInteractability: false, timeouts: {implicit: 0, pageLoad: 300000, script: 30000}, unhandledPromptBehavior: dismiss and notify, webauthn:extension:credBlob: true, webauthn:extension:largeBlob: true, webauthn:extension:minPinLength: true, webauthn:extension:prf: true, webauthn:virtualAuthenticators: true}
Element: [[ChromeDriver: chrome on windows (11d8912f814d1cf0e9c299c88e82bf40)] -&gt; xpath: //span[text()=&quot;Groups&quot;]]
Session ID: 11d8912f814d1cf0e9c299c88e82bf40" type="org.openqa.selenium.ElementClickInterceptedException">
      <![CDATA[org.openqa.selenium.ElementClickInterceptedException: element click intercepted: Element <span>...</span> is not clickable at point (21, 9). Other element would receive the click: <img src="/img/logoicon.png" alt="">
  (Session info: chrome=131.0.6778.86)
Build info: version: '4.17.0', revision: 'e52b1be057*'
System info: os.name: 'Windows 11', os.arch: 'amd64', os.version: '10.0', java.version: '17.0.9'
Driver info: org.openqa.selenium.chrome.ChromeDriver
Command: [11d8912f814d1cf0e9c299c88e82bf40, clickElement {id=f.A5A67217B6C74E58105339AB32E1A679.d.30BD8C6E3F68C4A19BC5D17FA614863D.e.326459}]
Capabilities {acceptInsecureCerts: false, browserName: chrome, browserVersion: 131.0.6778.86, chrome: {chromedriverVersion: 131.0.6778.85 (3d81e41b6f3a..., userDataDir: C:\Users\BHUPESH\AppData\Lo...}, fedcm:accounts: true, goog:chromeOptions: {debuggerAddress: localhost:53397}, networkConnectionEnabled: false, pageLoadStrategy: normal, platformName: windows, proxy: Proxy(), se:cdp: ws://localhost:53397/devtoo..., se:cdpVersion: 131.0.6778.86, setWindowRect: true, strictFileInteractability: false, timeouts: {implicit: 0, pageLoad: 300000, script: 30000}, unhandledPromptBehavior: dismiss and notify, webauthn:extension:credBlob: true, webauthn:extension:largeBlob: true, webauthn:extension:minPinLength: true, webauthn:extension:prf: true, webauthn:virtualAuthenticators: true}
Element: [[ChromeDriver: chrome on windows (11d8912f814d1cf0e9c299c88e82bf40)] -> xpath: //span[text()="Groups"]]
Session ID: 11d8912f814d1cf0e9c299c88e82bf40
at java.base/jdk.internal.reflect.NativeConstructorAccessorImpl.newInstance0(Native Method)
at java.base/jdk.internal.reflect.NativeConstructorAccessorImpl.newInstance(NativeConstructorAccessorImpl.java:77)
at java.base/jdk.internal.reflect.DelegatingConstructorAccessorImpl.newInstance(DelegatingConstructorAccessorImpl.java:45)
at java.base/java.lang.reflect.Constructor.newInstanceWithCaller(Constructor.java:499)
at java.base/java.lang.reflect.Constructor.newInstance(Constructor.java:480)
at org.openqa.selenium.remote.codec.w3c.W3CHttpResponseCodec.createException(W3CHttpResponseCodec.java:185)
at org.openqa.selenium.remote.codec.w3c.W3CHttpResponseCodec.decode(W3CHttpResponseCodec.java:134)
at org.openqa.selenium.remote.codec.w3c.W3CHttpResponseCodec.decode(W3CHttpResponseCodec.java:51)
at org.openqa.selenium.remote.HttpCommandExecutor.execute(HttpCommandExecutor.java:190)
at org.openqa.selenium.remote.service.DriverCommandExecutor.invokeExecute(DriverCommandExecutor.java:216)
at org.openqa.selenium.remote.service.DriverCommandExecutor.execute(DriverCommandExecutor.java:174)
at org.openqa.selenium.remote.RemoteWebDriver.execute(RemoteWebDriver.java:519)
at org.openqa.selenium.remote.RemoteWebElement.execute(RemoteWebElement.java:223)
at org.openqa.selenium.remote.RemoteWebElement.click(RemoteWebElement.java:76)
at jdk.internal.reflect.GeneratedMethodAccessor1.invoke(Unknown Source)
at java.base/jdk.internal.reflect.DelegatingMethodAccessorImpl.invoke(DelegatingMethodAccessorImpl.java:43)
at java.base/java.lang.reflect.Method.invoke(Method.java:568)
at org.openqa.selenium.support.pagefactory.internal.LocatingElementHandler.invoke(LocatingElementHandler.java:51)
at jdk.proxy2/jdk.proxy2.$Proxy18.click(Unknown Source)
at live_functions.m_ChatGroup.commonForCreateGroup(m_ChatGroup.java:84)
at live_functions.A_testClass_dailyCheckPointList.createChatgroupByAttribute(A_testClass_dailyCheckPointList.java:410)
at java.base/jdk.internal.reflect.NativeMethodAccessorImpl.invoke0(Native Method)
at java.base/jdk.internal.reflect.NativeMethodAccessorImpl.invoke(NativeMethodAccessorImpl.java:77)
at java.base/jdk.internal.reflect.DelegatingMethodAccessorImpl.invoke(DelegatingMethodAccessorImpl.java:43)
at java.base/java.lang.reflect.Method.invoke(Method.java:568)
at org.testng.internal.invokers.MethodInvocationHelper.invokeMethod(MethodInvocationHelper.java:139)
at org.testng.internal.invokers.TestInvoker.invokeMethod(TestInvoker.java:664)
at org.testng.internal.invokers.TestInvoker.invokeTestMethod(TestInvoker.java:228)
at org.testng.internal.invokers.MethodRunner.runInSequence(MethodRunner.java:63)
at org.testng.internal.invokers.TestInvoker$MethodInvocationAgent.invoke(TestInvoker.java:961)
at org.testng.internal.invokers.TestInvoker.invokeTestMethods(TestInvoker.java:201)
at org.testng.internal.invokers.TestMethodWorker.invokeTestMethods(TestMethodWorker.java:148)
at org.testng.internal.invokers.TestMethodWorker.run(TestMethodWorker.java:128)
at java.base/java.util.ArrayList.forEach(ArrayList.java:1511)
at org.testng.TestRunner.privateRun(TestRunner.java:819)
at org.testng.TestRunner.run(TestRunner.java:619)
at org.testng.SuiteRunner.runTest(SuiteRunner.java:443)
at org.testng.SuiteRunner.runSequentially(SuiteRunner.java:437)
at org.testng.SuiteRunner.privateRun(SuiteRunner.java:397)
at org.testng.SuiteRunner.run(SuiteRunner.java:336)
at org.testng.SuiteRunnerWorker.runSuite(SuiteRunnerWorker.java:52)
at org.testng.SuiteRunnerWorker.run(SuiteRunnerWorker.java:95)
at org.testng.TestNG.runSuitesSequentially(TestNG.java:1301)
at org.testng.TestNG.runSuitesLocally(TestNG.java:1228)
at org.testng.TestNG.runSuites(TestNG.java:1134)
at org.testng.TestNG.run(TestNG.java:1101)
at org.testng.remote.AbstractRemoteTestNG.run(AbstractRemoteTestNG.java:115)
at org.testng.remote.RemoteTestNG.initAndRun(RemoteTestNG.java:251)
at org.testng.remote.RemoteTestNG.main(RemoteTestNG.java:77)
]]>
    </error>
    <system-out>
      <![CDATA[ 
The process of creating chat group by attribute is started.]]>
    </system-out>
  </testcase> <!-- createChatgroupByAttribute -->
  <testcase classname="live_functions.A_testClass_dailyCheckPointList" name="createChatgroupByFirefighter" time="3.805">
    <skipped/>
  </testcase> <!-- createChatgroupByFirefighter -->
  <testcase classname="live_functions.A_testClass_dailyCheckPointList" name="addStationUserForStation06" time="38.069">
    <system-out>
      <![CDATA[ 
The process of add station user is started.
basic detailas save successfully.
adding role save successfully.
user details
User first name >ghatole
User last name > NewStUser
User mail id > ghatole.NewStUser@atpl.in
The process of add station uers is complete.
 ]]>
    </system-out>
  </testcase> <!-- addStationUserForStation06 -->
  <testcase classname="live_functions.A_testClass_dailyCheckPointList" name="testAlarmByRecursiveMonthlyDayWise" time="35.407">
    <system-out>
      <![CDATA[ 
The process of creating a test alarm by alarm loop 1 with remindar recirsive > monthly > day wise is started.
test alarm created for >22.11.2024-07:08
The process of creating a test alarm by alarm loop 2 with remindar recirsive > monthly > day wise is complete.
 ]]>
    </system-out>
  </testcase> <!-- testAlarmByRecursiveMonthlyDayWise -->
  <testcase classname="live_functions.A_testClass_dailyCheckPointList" name="SendmessagetoARUsers" time="4.157">
    <skipped/>
  </testcase> <!-- SendmessagetoARUsers -->
  <testcase classname="live_functions.A_testClass_dailyCheckPointList" name="createTestAlarmByAttributeRecursiveMontlyDateWise" time="36.698">
    <system-out>
      <![CDATA[ 
The process of creating a test alarm by alarm loop 2 with remindar recursive > monthly > date wise is started.
test alarm created for >22.11.2024-07:10
The process of creating a test alarm by alarm loop 2 with remindar recursive > monthly > date wise is complete.
 ]]>
    </system-out>
  </testcase> <!-- createTestAlarmByAttributeRecursiveMontlyDateWise -->
  <testcase classname="live_functions.A_testClass_dailyCheckPointList" name="createInformationByAttribute" time="3.885">
    <skipped/>
  </testcase> <!-- createInformationByAttribute -->
  <testcase classname="live_functions.A_testClass_dailyCheckPointList" name="createAvailabilityRequestSendSchedule" time="3.409">
    <skipped/>
  </testcase> <!-- createAvailabilityRequestSendSchedule -->
  <testcase classname="live_functions.A_testClass_dailyCheckPointList" name="createInformationByFirefighter" time="26.908">
    <system-out>
      <![CDATA[ 
The process of creating information by firefighter is started.
The process of creating information by firefighter is complete.
 ]]>
    </system-out>
  </testcase> <!-- createInformationByFirefighter -->
  <testcase classname="live_functions.A_testClass_dailyCheckPointList" name="createAlamLoop" time="3.870">
    <skipped/>
  </testcase> <!-- createAlamLoop -->
  <testcase classname="live_functions.A_testClass_dailyCheckPointList" name="createTestAlarmByAttributeRecursivedaily" time="36.241">
    <system-out>
      <![CDATA[ 
The process of creating a test alarm by resource with remindar recursive > daily is started.
test alarm created for >22.11.2024-07:17
The process of creating a test alarm by resource with remindar recursive > daily is complete.
 ]]>
    </system-out>
  </testcase> <!-- createTestAlarmByAttributeRecursivedaily -->
  <testcase classname="live_functions.A_testClass_dailyCheckPointList" name="sendmessageToinfoUsers" time="13.192">
    <system-out>
      <![CDATA[ 
The process of send message to information users is started.
The process of send message to information users is started is complete.
 ]]>
    </system-out>
  </testcase> <!-- sendmessageToinfoUsers -->
  <testcase classname="live_functions.A_testClass_dailyCheckPointList" name="sendmessageToinfoEventUsers" time="16.706">
    <system-out>
      <![CDATA[ 
The process of send message to info-event users is started.
The process of send message to info-event users is started is complete.
 ]]>
    </system-out>
  </testcase> <!-- sendmessageToinfoEventUsers -->
  <testcase classname="live_functions.A_testClass_dailyCheckPointList" name="createMonitorInformation02" time="24.234">
    <system-out>
      <![CDATA[ 
The process of creating information 2 from 07:14 to 07:29 for monitor is started.
The process of creating information 2 for monitor is complete.
 ]]>
    </system-out>
  </testcase> <!-- createMonitorInformation02 -->
  <testcase classname="live_functions.A_testClass_dailyCheckPointList" name="createPermissionGroupDefaultStation" time="59.344">
    <system-out>
      <![CDATA[ 
The process of creating permission group for default station is started.
BG-Station defalult permission group-2211065921-1
BG-Station defalult permission group-2211065921-2
The process of creating permission group for default station is complete.
 ]]>
    </system-out>
  </testcase> <!-- createPermissionGroupDefaultStation -->
  <testcase classname="live_functions.A_testClass_dailyCheckPointList" name="createChatgroupByResource" time="29.170">
    <system-out>
      <![CDATA[ 
The process of creating chat group by resource is started.
The process of creating chat group by resource is complete.
 ]]>
    </system-out>
  </testcase> <!-- createChatgroupByResource -->
  <testcase classname="live_functions.A_testClass_dailyCheckPointList" name="cretecalendarEventResourceSchedule" time="29.925">
    <system-out>
      <![CDATA[ 
The process of create calendar event by resource is started.
calendar event by attribute from-22.11.2024081342 to 22.11.2024083442
The process of create calendar event by resource is complete.
 ]]>
    </system-out>
  </testcase> <!-- cretecalendarEventResourceSchedule -->
  <testcase classname="live_functions.A_testClass_dailyCheckPointList" name="addVehicleUserForStation06" time="7.213">
    <skipped/>
  </testcase> <!-- addVehicleUserForStation06 -->
  <testcase classname="live_functions.A_testClass_dailyCheckPointList" name="createAlarmCheckList" time="8.062">
    <skipped/>
  </testcase> <!-- createAlarmCheckList -->
  <testcase classname="live_functions.A_testClass_dailyCheckPointList" name="sendMessageChatGrouCreatedByFirefighter" time="3.997">
    <skipped/>
  </testcase> <!-- sendMessageChatGrouCreatedByFirefighter -->
  <testcase classname="live_functions.A_testClass_dailyCheckPointList" name="sendMessageChatGrouCreatedByResource" time="3.907">
    <skipped/>
  </testcase> <!-- sendMessageChatGrouCreatedByResource -->
  <testcase classname="live_functions.A_testClass_dailyCheckPointList" name="cretecalendarEventAttributeSchedule" time="3.572">
    <skipped/>
  </testcase> <!-- cretecalendarEventAttributeSchedule -->
  <testcase classname="live_functions.A_testClass_dailyCheckPointList" name="createAvailabilityRequestSendRecursive" time="3.703">
    <skipped/>
  </testcase> <!-- createAvailabilityRequestSendRecursive -->
  <testcase classname="live_functions.A_testClass_dailyCheckPointList" name="createInfoEventByFirefighter" time="31.966">
    <system-out>
      <![CDATA[ 
The process of create info-event by firefighter is started.
The process of create info-event by firefighter is complete.
 ]]>
    </system-out>
  </testcase> <!-- createInfoEventByFirefighter -->
  <testcase classname="live_functions.A_testClass_dailyCheckPointList" name="createInfoEventByResource" time="26.010">
    <system-out>
      <![CDATA[ 
The process of create info-event by resource is started.
The process of create info-event by resource is complete.
 ]]>
    </system-out>
  </testcase> <!-- createInfoEventByResource -->
  <testcase classname="live_functions.A_testClass_dailyCheckPointList" name="sendMessageChatGrouCreatedByAlarmLoop" time="0.000">
    <skipped/>
  </testcase> <!-- sendMessageChatGrouCreatedByAlarmLoop -->
  <testcase classname="live_functions.A_testClass_dailyCheckPointList" name="detailsAboutScript" time="0.000">
    <skipped/>
  </testcase> <!-- detailsAboutScript -->
  <testcase classname="live_functions.A_testClass_dailyCheckPointList" name="createAvailabilityRequestSendImmediat" time="28.193">
    <system-out>
      <![CDATA[ 
The process of create availability request > send imediate is started.
The process of create availability request > send imediate is complete.
 ]]>
    </system-out>
  </testcase> <!-- createAvailabilityRequestSendImmediat -->
  <testcase classname="live_functions.A_testClass_dailyCheckPointList" name="createMonitorInformation01" time="23.548">
    <system-out>
      <![CDATA[ 
The process of creating information 1 from 07:08 to 07:21 for monitor is started.
The process of creating information 1 for monitor is complete.
 ]]>
    </system-out>
  </testcase> <!-- createMonitorInformation01 -->
  <testcase classname="live_functions.A_testClass_dailyCheckPointList" name="createChatgroupByAlarmloop" time="0.000">
    <skipped/>
  </testcase> <!-- createChatgroupByAlarmloop -->
  <testcase classname="live_functions.A_testClass_dailyCheckPointList" name="createAvailabilityRequestSendMultipleDays" time="21.754">
    <system-out>
      <![CDATA[ 
The process of create availability request > multiple days is started.
Availability request recursive >22.11.2024-07:08
Availability request recursive >22.11.2024-07:10
Availability request recursive >22.11.2024-07:14
The process of create availability request > multiple days is complete.
 ]]>
    </system-out>
  </testcase> <!-- createAvailabilityRequestSendMultipleDays -->
  <testcase classname="live_functions.A_testClass_dailyCheckPointList" name="addEventCategory" time="19.733">
    <system-out>
      <![CDATA[ 
The process of adding new event category is started.
 BG-EventCategoty-2211_065921 added successfully.
The process of new event category is complete.
 ]]>
    </system-out>
  </testcase> <!-- addEventCategory -->
  <testcase classname="live_functions.A_testClass_dailyCheckPointList" name="createTestAlarmByAttributeRecursiveWeekly" time="0.000">
    <skipped/>
  </testcase> <!-- createTestAlarmByAttributeRecursiveWeekly -->
  <testcase classname="live_functions.A_testClass_dailyCheckPointList" name="createAlamTemplate" time="25.199">
    <system-out>
      <![CDATA[ 
The process of adding new alarm template is started.
Alarm Template> BG-Template-2211_065921 adde successfully.
The process of adding new alarm template is complete.
 ]]>
    </system-out>
  </testcase> <!-- createAlamTemplate -->
  <testcase classname="live_functions.A_testClass_dailyCheckPointList" name="createNormalCheckList" time="28.827">
    <system-out>
      <![CDATA[ 
The process of creating normal check list is started.
Normal check list number-1 is added sucessfully.
Normal check list number-2 is added sucessfully.
The process of creating normal check list is complete.
 ]]>
    </system-out>
  </testcase> <!-- createNormalCheckList -->
  <testcase classname="live_functions.A_testClass_dailyCheckPointList" name="CreateAttributeForDepartment" time="0.000">
    <skipped/>
  </testcase> <!-- CreateAttributeForDepartment -->
  <testcase classname="live_functions.A_testClass_dailyCheckPointList" name="addFirefighterForNewStation06" time="121.413">
    <system-out>
      <![CDATA[ 
The process of add fire fighter is started.
basic detailas save successfully.
user role save successfully.
permission save successfully.
adding atrribute successfully.
adding resource successfully.
user details
User first name > ghatole
User last name > ff-1
User mail id > dghatole.ff1@atpl.in
  
basic detailas save successfully.
user role save successfully.
permission save successfully.
adding atrribute successfully.
adding resource successfully.
user details
User first name > ghatole
User last name > ff-2
User mail id > dghatole.ff2@atpl.in
  
The process of add fire fighter is complete.
 ]]>
    </system-out>
  </testcase> <!-- addFirefighterForNewStation06 -->
  <testcase classname="live_functions.A_testClass_dailyCheckPointList" name="createInfoEventByAttribute" time="24.338">
    <system-out>
      <![CDATA[ 
The process of create info-event by attribute is started.
The process of create info-event by attribute is complete.
 ]]>
    </system-out>
  </testcase> <!-- createInfoEventByAttribute -->
  <testcase classname="live_functions.A_testClass_dailyCheckPointList" name="backToHomePage2" time="1.053">
    <error message="element click intercepted: Element &lt;img src=&quot;/img/logoicon.png&quot; alt=&quot;&quot;&gt; is not clickable at point (75, 26). Other element would receive the click: &lt;div id=&quot;calendarModal&quot; class=&quot;modal fade in&quot; role=&quot;dialog&quot; style=&quot;display: block;&quot;&gt;...&lt;/div&gt;
  (Session info: chrome=131.0.6778.86)
Build info: version: &#039;4.17.0&#039;, revision: &#039;e52b1be057*&#039;
System info: os.name: &#039;Windows 11&#039;, os.arch: &#039;amd64&#039;, os.version: &#039;10.0&#039;, java.version: &#039;17.0.9&#039;
Driver info: org.openqa.selenium.chrome.ChromeDriver
Command: [11d8912f814d1cf0e9c299c88e82bf40, clickElement {id=f.A5A67217B6C74E58105339AB32E1A679.d.BC44B0683036C06C3C4F591C808FD0DD.e.407663}]
Capabilities {acceptInsecureCerts: false, browserName: chrome, browserVersion: 131.0.6778.86, chrome: {chromedriverVersion: 131.0.6778.85 (3d81e41b6f3a..., userDataDir: C:\Users\BHUPESH\AppData\Lo...}, fedcm:accounts: true, goog:chromeOptions: {debuggerAddress: localhost:53397}, networkConnectionEnabled: false, pageLoadStrategy: normal, platformName: windows, proxy: Proxy(), se:cdp: ws://localhost:53397/devtoo..., se:cdpVersion: 131.0.6778.86, setWindowRect: true, strictFileInteractability: false, timeouts: {implicit: 0, pageLoad: 300000, script: 30000}, unhandledPromptBehavior: dismiss and notify, webauthn:extension:credBlob: true, webauthn:extension:largeBlob: true, webauthn:extension:minPinLength: true, webauthn:extension:prf: true, webauthn:virtualAuthenticators: true}
Element: [[ChromeDriver: chrome on windows (11d8912f814d1cf0e9c299c88e82bf40)] -&gt; xpath: //img[@src=&quot;/img/logoicon.png&quot;]]
Session ID: 11d8912f814d1cf0e9c299c88e82bf40" type="org.openqa.selenium.ElementClickInterceptedException">
      <![CDATA[org.openqa.selenium.ElementClickInterceptedException: element click intercepted: Element <img src="/img/logoicon.png" alt=""> is not clickable at point (75, 26). Other element would receive the click: <div id="calendarModal" class="modal fade in" role="dialog" style="display: block;">...</div>
  (Session info: chrome=131.0.6778.86)
Build info: version: '4.17.0', revision: 'e52b1be057*'
System info: os.name: 'Windows 11', os.arch: 'amd64', os.version: '10.0', java.version: '17.0.9'
Driver info: org.openqa.selenium.chrome.ChromeDriver
Command: [11d8912f814d1cf0e9c299c88e82bf40, clickElement {id=f.A5A67217B6C74E58105339AB32E1A679.d.BC44B0683036C06C3C4F591C808FD0DD.e.407663}]
Capabilities {acceptInsecureCerts: false, browserName: chrome, browserVersion: 131.0.6778.86, chrome: {chromedriverVersion: 131.0.6778.85 (3d81e41b6f3a..., userDataDir: C:\Users\BHUPESH\AppData\Lo...}, fedcm:accounts: true, goog:chromeOptions: {debuggerAddress: localhost:53397}, networkConnectionEnabled: false, pageLoadStrategy: normal, platformName: windows, proxy: Proxy(), se:cdp: ws://localhost:53397/devtoo..., se:cdpVersion: 131.0.6778.86, setWindowRect: true, strictFileInteractability: false, timeouts: {implicit: 0, pageLoad: 300000, script: 30000}, unhandledPromptBehavior: dismiss and notify, webauthn:extension:credBlob: true, webauthn:extension:largeBlob: true, webauthn:extension:minPinLength: true, webauthn:extension:prf: true, webauthn:virtualAuthenticators: true}
Element: [[ChromeDriver: chrome on windows (11d8912f814d1cf0e9c299c88e82bf40)] -> xpath: //img[@src="/img/logoicon.png"]]
Session ID: 11d8912f814d1cf0e9c299c88e82bf40
at java.base/jdk.internal.reflect.NativeConstructorAccessorImpl.newInstance0(Native Method)
at java.base/jdk.internal.reflect.NativeConstructorAccessorImpl.newInstance(NativeConstructorAccessorImpl.java:77)
at java.base/jdk.internal.reflect.DelegatingConstructorAccessorImpl.newInstance(DelegatingConstructorAccessorImpl.java:45)
at java.base/java.lang.reflect.Constructor.newInstanceWithCaller(Constructor.java:499)
at java.base/java.lang.reflect.Constructor.newInstance(Constructor.java:480)
at org.openqa.selenium.remote.codec.w3c.W3CHttpResponseCodec.createException(W3CHttpResponseCodec.java:185)
at org.openqa.selenium.remote.codec.w3c.W3CHttpResponseCodec.decode(W3CHttpResponseCodec.java:134)
at org.openqa.selenium.remote.codec.w3c.W3CHttpResponseCodec.decode(W3CHttpResponseCodec.java:51)
at org.openqa.selenium.remote.HttpCommandExecutor.execute(HttpCommandExecutor.java:190)
at org.openqa.selenium.remote.service.DriverCommandExecutor.invokeExecute(DriverCommandExecutor.java:216)
at org.openqa.selenium.remote.service.DriverCommandExecutor.execute(DriverCommandExecutor.java:174)
at org.openqa.selenium.remote.RemoteWebDriver.execute(RemoteWebDriver.java:519)
at org.openqa.selenium.remote.RemoteWebElement.execute(RemoteWebElement.java:223)
at org.openqa.selenium.remote.RemoteWebElement.click(RemoteWebElement.java:76)
at jdk.internal.reflect.GeneratedMethodAccessor1.invoke(Unknown Source)
at java.base/jdk.internal.reflect.DelegatingMethodAccessorImpl.invoke(DelegatingMethodAccessorImpl.java:43)
at java.base/java.lang.reflect.Method.invoke(Method.java:568)
at org.openqa.selenium.support.pagefactory.internal.LocatingElementHandler.invoke(LocatingElementHandler.java:51)
at jdk.proxy2/jdk.proxy2.$Proxy18.click(Unknown Source)
at live_functions.D_homePage.backToHomePage(D_homePage.java:35)
at live_functions.A_testClass_dailyCheckPointList.backToHomePage2(A_testClass_dailyCheckPointList.java:1304)
at jdk.internal.reflect.GeneratedMethodAccessor5.invoke(Unknown Source)
at java.base/jdk.internal.reflect.DelegatingMethodAccessorImpl.invoke(DelegatingMethodAccessorImpl.java:43)
at java.base/java.lang.reflect.Method.invoke(Method.java:568)
at org.testng.internal.invokers.MethodInvocationHelper.invokeMethod(MethodInvocationHelper.java:139)
at org.testng.internal.invokers.MethodInvocationHelper.invokeMethodConsideringTimeout(MethodInvocationHelper.java:69)
at org.testng.internal.invokers.ConfigInvoker.invokeConfigurationMethod(ConfigInvoker.java:393)
at org.testng.internal.invokers.ConfigInvoker.invokeConfigurations(ConfigInvoker.java:326)
at org.testng.internal.invokers.TestInvoker.runConfigMethods(TestInvoker.java:810)
at org.testng.internal.invokers.TestInvoker.runAfterConfigurations(TestInvoker.java:779)
at org.testng.internal.invokers.TestInvoker.invokeMethod(TestInvoker.java:755)
at org.testng.internal.invokers.TestInvoker.invokeTestMethod(TestInvoker.java:228)
at org.testng.internal.invokers.MethodRunner.runInSequence(MethodRunner.java:63)
at org.testng.internal.invokers.TestInvoker$MethodInvocationAgent.invoke(TestInvoker.java:961)
at org.testng.internal.invokers.TestInvoker.invokeTestMethods(TestInvoker.java:201)
at org.testng.internal.invokers.TestMethodWorker.invokeTestMethods(TestMethodWorker.java:148)
at org.testng.internal.invokers.TestMethodWorker.run(TestMethodWorker.java:128)
at java.base/java.util.ArrayList.forEach(ArrayList.java:1511)
at org.testng.TestRunner.privateRun(TestRunner.java:819)
at org.testng.TestRunner.run(TestRunner.java:619)
at org.testng.SuiteRunner.runTest(SuiteRunner.java:443)
at org.testng.SuiteRunner.runSequentially(SuiteRunner.java:437)
at org.testng.SuiteRunner.privateRun(SuiteRunner.java:397)
at org.testng.SuiteRunner.run(SuiteRunner.java:336)
at org.testng.SuiteRunnerWorker.runSuite(SuiteRunnerWorker.java:52)
at org.testng.SuiteRunnerWorker.run(SuiteRunnerWorker.java:95)
at org.testng.TestNG.runSuitesSequentially(TestNG.java:1301)
at org.testng.TestNG.runSuitesLocally(TestNG.java:1228)
at org.testng.TestNG.runSuites(TestNG.java:1134)
at org.testng.TestNG.run(TestNG.java:1101)
at org.testng.remote.AbstractRemoteTestNG.run(AbstractRemoteTestNG.java:115)
at org.testng.remote.RemoteTestNG.initAndRun(RemoteTestNG.java:251)
at org.testng.remote.RemoteTestNG.main(RemoteTestNG.java:77)
]]>
    </error>
  </testcase> <!-- backToHomePage2 -->
  <testcase classname="live_functions.A_testClass_dailyCheckPointList" name="sendMessageChatGrouCreatedByAttribute" time="18.594">
    <error message="no such element: Unable to locate element: {&quot;method&quot;:&quot;xpath&quot;,&quot;selector&quot;:&quot;(//a[@class=&quot;actionShowGroup&quot;])[1]&quot;}
  (Session info: chrome=131.0.6778.86)
For documentation on this error, please visit: https://www.selenium.dev/documentation/webdriver/troubleshooting/errors#no-such-element-exception
Build info: version: &#039;4.17.0&#039;, revision: &#039;e52b1be057*&#039;
System info: os.name: &#039;Windows 11&#039;, os.arch: &#039;amd64&#039;, os.version: &#039;10.0&#039;, java.version: &#039;17.0.9&#039;
Driver info: org.openqa.selenium.chrome.ChromeDriver
Command: [11d8912f814d1cf0e9c299c88e82bf40, findElement {value=(//a[@class=&quot;actionShowGroup&quot;])[1], using=xpath}]
Capabilities {acceptInsecureCerts: false, browserName: chrome, browserVersion: 131.0.6778.86, chrome: {chromedriverVersion: 131.0.6778.85 (3d81e41b6f3a..., userDataDir: C:\Users\BHUPESH\AppData\Lo...}, fedcm:accounts: true, goog:chromeOptions: {debuggerAddress: localhost:53397}, networkConnectionEnabled: false, pageLoadStrategy: normal, platformName: windows, proxy: Proxy(), se:cdp: ws://localhost:53397/devtoo..., se:cdpVersion: 131.0.6778.86, setWindowRect: true, strictFileInteractability: false, timeouts: {implicit: 0, pageLoad: 300000, script: 30000}, unhandledPromptBehavior: dismiss and notify, webauthn:extension:credBlob: true, webauthn:extension:largeBlob: true, webauthn:extension:minPinLength: true, webauthn:extension:prf: true, webauthn:virtualAuthenticators: true}
Session ID: 11d8912f814d1cf0e9c299c88e82bf40" type="org.openqa.selenium.NoSuchElementException">
      <![CDATA[org.openqa.selenium.NoSuchElementException: no such element: Unable to locate element: {"method":"xpath","selector":"(//a[@class="actionShowGroup"])[1]"}
  (Session info: chrome=131.0.6778.86)
For documentation on this error, please visit: https://www.selenium.dev/documentation/webdriver/troubleshooting/errors#no-such-element-exception
Build info: version: '4.17.0', revision: 'e52b1be057*'
System info: os.name: 'Windows 11', os.arch: 'amd64', os.version: '10.0', java.version: '17.0.9'
Driver info: org.openqa.selenium.chrome.ChromeDriver
Command: [11d8912f814d1cf0e9c299c88e82bf40, findElement {value=(//a[@class="actionShowGroup"])[1], using=xpath}]
Capabilities {acceptInsecureCerts: false, browserName: chrome, browserVersion: 131.0.6778.86, chrome: {chromedriverVersion: 131.0.6778.85 (3d81e41b6f3a..., userDataDir: C:\Users\BHUPESH\AppData\Lo...}, fedcm:accounts: true, goog:chromeOptions: {debuggerAddress: localhost:53397}, networkConnectionEnabled: false, pageLoadStrategy: normal, platformName: windows, proxy: Proxy(), se:cdp: ws://localhost:53397/devtoo..., se:cdpVersion: 131.0.6778.86, setWindowRect: true, strictFileInteractability: false, timeouts: {implicit: 0, pageLoad: 300000, script: 30000}, unhandledPromptBehavior: dismiss and notify, webauthn:extension:credBlob: true, webauthn:extension:largeBlob: true, webauthn:extension:minPinLength: true, webauthn:extension:prf: true, webauthn:virtualAuthenticators: true}
Session ID: 11d8912f814d1cf0e9c299c88e82bf40
at java.base/jdk.internal.reflect.NativeConstructorAccessorImpl.newInstance0(Native Method)
at java.base/jdk.internal.reflect.NativeConstructorAccessorImpl.newInstance(NativeConstructorAccessorImpl.java:77)
at java.base/jdk.internal.reflect.DelegatingConstructorAccessorImpl.newInstance(DelegatingConstructorAccessorImpl.java:45)
at java.base/java.lang.reflect.Constructor.newInstanceWithCaller(Constructor.java:499)
at java.base/java.lang.reflect.Constructor.newInstance(Constructor.java:480)
at org.openqa.selenium.remote.codec.w3c.W3CHttpResponseCodec.createException(W3CHttpResponseCodec.java:185)
at org.openqa.selenium.remote.codec.w3c.W3CHttpResponseCodec.decode(W3CHttpResponseCodec.java:134)
at org.openqa.selenium.remote.codec.w3c.W3CHttpResponseCodec.decode(W3CHttpResponseCodec.java:51)
at org.openqa.selenium.remote.HttpCommandExecutor.execute(HttpCommandExecutor.java:190)
at org.openqa.selenium.remote.service.DriverCommandExecutor.invokeExecute(DriverCommandExecutor.java:216)
at org.openqa.selenium.remote.service.DriverCommandExecutor.execute(DriverCommandExecutor.java:174)
at org.openqa.selenium.remote.RemoteWebDriver.execute(RemoteWebDriver.java:519)
at org.openqa.selenium.remote.ElementLocation$ElementFinder$2.findElement(ElementLocation.java:165)
at org.openqa.selenium.remote.ElementLocation.findElement(ElementLocation.java:59)
at org.openqa.selenium.remote.RemoteWebDriver.findElement(RemoteWebDriver.java:356)
at org.openqa.selenium.remote.RemoteWebDriver.findElement(RemoteWebDriver.java:350)
at org.openqa.selenium.support.pagefactory.DefaultElementLocator.findElement(DefaultElementLocator.java:68)
at org.openqa.selenium.support.pagefactory.internal.LocatingElementHandler.invoke(LocatingElementHandler.java:38)
at jdk.proxy2/jdk.proxy2.$Proxy18.click(Unknown Source)
at live_functions.m_ChatGroup.sendMessageToGtoupByAttribute(m_ChatGroup.java:315)
at live_functions.A_testClass_dailyCheckPointList.sendMessageChatGrouCreatedByAttribute(A_testClass_dailyCheckPointList.java:467)
at java.base/jdk.internal.reflect.NativeMethodAccessorImpl.invoke0(Native Method)
at java.base/jdk.internal.reflect.NativeMethodAccessorImpl.invoke(NativeMethodAccessorImpl.java:77)
at java.base/jdk.internal.reflect.DelegatingMethodAccessorImpl.invoke(DelegatingMethodAccessorImpl.java:43)
at java.base/java.lang.reflect.Method.invoke(Method.java:568)
at org.testng.internal.invokers.MethodInvocationHelper.invokeMethod(MethodInvocationHelper.java:139)
at org.testng.internal.invokers.TestInvoker.invokeMethod(TestInvoker.java:664)
at org.testng.internal.invokers.TestInvoker.invokeTestMethod(TestInvoker.java:228)
at org.testng.internal.invokers.MethodRunner.runInSequence(MethodRunner.java:63)
at org.testng.internal.invokers.TestInvoker$MethodInvocationAgent.invoke(TestInvoker.java:961)
at org.testng.internal.invokers.TestInvoker.invokeTestMethods(TestInvoker.java:201)
at org.testng.internal.invokers.TestMethodWorker.invokeTestMethods(TestMethodWorker.java:148)
at org.testng.internal.invokers.TestMethodWorker.run(TestMethodWorker.java:128)
at java.base/java.util.ArrayList.forEach(ArrayList.java:1511)
at org.testng.TestRunner.privateRun(TestRunner.java:819)
at org.testng.TestRunner.run(TestRunner.java:619)
at org.testng.SuiteRunner.runTest(SuiteRunner.java:443)
at org.testng.SuiteRunner.runSequentially(SuiteRunner.java:437)
at org.testng.SuiteRunner.privateRun(SuiteRunner.java:397)
at org.testng.SuiteRunner.run(SuiteRunner.java:336)
at org.testng.SuiteRunnerWorker.runSuite(SuiteRunnerWorker.java:52)
at org.testng.SuiteRunnerWorker.run(SuiteRunnerWorker.java:95)
at org.testng.TestNG.runSuitesSequentially(TestNG.java:1301)
at org.testng.TestNG.runSuitesLocally(TestNG.java:1228)
at org.testng.TestNG.runSuites(TestNG.java:1134)
at org.testng.TestNG.run(TestNG.java:1101)
at org.testng.remote.AbstractRemoteTestNG.run(AbstractRemoteTestNG.java:115)
at org.testng.remote.RemoteTestNG.initAndRun(RemoteTestNG.java:251)
at org.testng.remote.RemoteTestNG.main(RemoteTestNG.java:77)
]]>
    </error>
    <system-out>
      <![CDATA[ 
The process of sending message to a chat group created by attribute is started.]]>
    </system-out>
  </testcase> <!-- sendMessageChatGrouCreatedByAttribute -->
  <testcase classname="live_functions.A_testClass_dailyCheckPointList" name="cretecalendarEventFirefighterSchedule" time="18.212">
    <error message="element not interactable
  (Session info: chrome=131.0.6778.86)
Build info: version: &#039;4.17.0&#039;, revision: &#039;e52b1be057*&#039;
System info: os.name: &#039;Windows 11&#039;, os.arch: &#039;amd64&#039;, os.version: &#039;10.0&#039;, java.version: &#039;17.0.9&#039;
Driver info: org.openqa.selenium.chrome.ChromeDriver
Command: [11d8912f814d1cf0e9c299c88e82bf40, clickElement {id=f.A5A67217B6C74E58105339AB32E1A679.d.BC44B0683036C06C3C4F591C808FD0DD.e.406366}]
Capabilities {acceptInsecureCerts: false, browserName: chrome, browserVersion: 131.0.6778.86, chrome: {chromedriverVersion: 131.0.6778.85 (3d81e41b6f3a..., userDataDir: C:\Users\BHUPESH\AppData\Lo...}, fedcm:accounts: true, goog:chromeOptions: {debuggerAddress: localhost:53397}, networkConnectionEnabled: false, pageLoadStrategy: normal, platformName: windows, proxy: Proxy(), se:cdp: ws://localhost:53397/devtoo..., se:cdpVersion: 131.0.6778.86, setWindowRect: true, strictFileInteractability: false, timeouts: {implicit: 0, pageLoad: 300000, script: 30000}, unhandledPromptBehavior: dismiss and notify, webauthn:extension:credBlob: true, webauthn:extension:largeBlob: true, webauthn:extension:minPinLength: true, webauthn:extension:prf: true, webauthn:virtualAuthenticators: true}
Element: [[ChromeDriver: chrome on windows (11d8912f814d1cf0e9c299c88e82bf40)] -&gt; xpath: //span[@id=&quot;select2-selectFireDepartment-container&quot;]]
Session ID: 11d8912f814d1cf0e9c299c88e82bf40" type="org.openqa.selenium.ElementNotInteractableException">
      <![CDATA[org.openqa.selenium.ElementNotInteractableException: element not interactable
  (Session info: chrome=131.0.6778.86)
Build info: version: '4.17.0', revision: 'e52b1be057*'
System info: os.name: 'Windows 11', os.arch: 'amd64', os.version: '10.0', java.version: '17.0.9'
Driver info: org.openqa.selenium.chrome.ChromeDriver
Command: [11d8912f814d1cf0e9c299c88e82bf40, clickElement {id=f.A5A67217B6C74E58105339AB32E1A679.d.BC44B0683036C06C3C4F591C808FD0DD.e.406366}]
Capabilities {acceptInsecureCerts: false, browserName: chrome, browserVersion: 131.0.6778.86, chrome: {chromedriverVersion: 131.0.6778.85 (3d81e41b6f3a..., userDataDir: C:\Users\BHUPESH\AppData\Lo...}, fedcm:accounts: true, goog:chromeOptions: {debuggerAddress: localhost:53397}, networkConnectionEnabled: false, pageLoadStrategy: normal, platformName: windows, proxy: Proxy(), se:cdp: ws://localhost:53397/devtoo..., se:cdpVersion: 131.0.6778.86, setWindowRect: true, strictFileInteractability: false, timeouts: {implicit: 0, pageLoad: 300000, script: 30000}, unhandledPromptBehavior: dismiss and notify, webauthn:extension:credBlob: true, webauthn:extension:largeBlob: true, webauthn:extension:minPinLength: true, webauthn:extension:prf: true, webauthn:virtualAuthenticators: true}
Element: [[ChromeDriver: chrome on windows (11d8912f814d1cf0e9c299c88e82bf40)] -> xpath: //span[@id="select2-selectFireDepartment-container"]]
Session ID: 11d8912f814d1cf0e9c299c88e82bf40
at java.base/jdk.internal.reflect.NativeConstructorAccessorImpl.newInstance0(Native Method)
at java.base/jdk.internal.reflect.NativeConstructorAccessorImpl.newInstance(NativeConstructorAccessorImpl.java:77)
at java.base/jdk.internal.reflect.DelegatingConstructorAccessorImpl.newInstance(DelegatingConstructorAccessorImpl.java:45)
at java.base/java.lang.reflect.Constructor.newInstanceWithCaller(Constructor.java:499)
at java.base/java.lang.reflect.Constructor.newInstance(Constructor.java:480)
at org.openqa.selenium.remote.codec.w3c.W3CHttpResponseCodec.createException(W3CHttpResponseCodec.java:185)
at org.openqa.selenium.remote.codec.w3c.W3CHttpResponseCodec.decode(W3CHttpResponseCodec.java:134)
at org.openqa.selenium.remote.codec.w3c.W3CHttpResponseCodec.decode(W3CHttpResponseCodec.java:51)
at org.openqa.selenium.remote.HttpCommandExecutor.execute(HttpCommandExecutor.java:190)
at org.openqa.selenium.remote.service.DriverCommandExecutor.invokeExecute(DriverCommandExecutor.java:216)
at org.openqa.selenium.remote.service.DriverCommandExecutor.execute(DriverCommandExecutor.java:174)
at org.openqa.selenium.remote.RemoteWebDriver.execute(RemoteWebDriver.java:519)
at org.openqa.selenium.remote.RemoteWebElement.execute(RemoteWebElement.java:223)
at org.openqa.selenium.remote.RemoteWebElement.click(RemoteWebElement.java:76)
at jdk.internal.reflect.GeneratedMethodAccessor1.invoke(Unknown Source)
at java.base/jdk.internal.reflect.DelegatingMethodAccessorImpl.invoke(DelegatingMethodAccessorImpl.java:43)
at java.base/java.lang.reflect.Method.invoke(Method.java:568)
at org.openqa.selenium.support.pagefactory.internal.LocatingElementHandler.invoke(LocatingElementHandler.java:51)
at jdk.proxy2/jdk.proxy2.$Proxy18.click(Unknown Source)
at live_functions.j_calendarEvent.calendarEventByFirefighterSchedul(j_calendarEvent.java:298)
at live_functions.A_testClass_dailyCheckPointList.cretecalendarEventFirefighterSchedule(A_testClass_dailyCheckPointList.java:1212)
at java.base/jdk.internal.reflect.NativeMethodAccessorImpl.invoke0(Native Method)
at java.base/jdk.internal.reflect.NativeMethodAccessorImpl.invoke(NativeMethodAccessorImpl.java:77)
at java.base/jdk.internal.reflect.DelegatingMethodAccessorImpl.invoke(DelegatingMethodAccessorImpl.java:43)
at java.base/java.lang.reflect.Method.invoke(Method.java:568)
at org.testng.internal.invokers.MethodInvocationHelper.invokeMethod(MethodInvocationHelper.java:139)
at org.testng.internal.invokers.TestInvoker.invokeMethod(TestInvoker.java:664)
at org.testng.internal.invokers.TestInvoker.invokeTestMethod(TestInvoker.java:228)
at org.testng.internal.invokers.MethodRunner.runInSequence(MethodRunner.java:63)
at org.testng.internal.invokers.TestInvoker$MethodInvocationAgent.invoke(TestInvoker.java:961)
at org.testng.internal.invokers.TestInvoker.invokeTestMethods(TestInvoker.java:201)
at org.testng.internal.invokers.TestMethodWorker.invokeTestMethods(TestMethodWorker.java:148)
at org.testng.internal.invokers.TestMethodWorker.run(TestMethodWorker.java:128)
at java.base/java.util.ArrayList.forEach(ArrayList.java:1511)
at org.testng.TestRunner.privateRun(TestRunner.java:819)
at org.testng.TestRunner.run(TestRunner.java:619)
at org.testng.SuiteRunner.runTest(SuiteRunner.java:443)
at org.testng.SuiteRunner.runSequentially(SuiteRunner.java:437)
at org.testng.SuiteRunner.privateRun(SuiteRunner.java:397)
at org.testng.SuiteRunner.run(SuiteRunner.java:336)
at org.testng.SuiteRunnerWorker.runSuite(SuiteRunnerWorker.java:52)
at org.testng.SuiteRunnerWorker.run(SuiteRunnerWorker.java:95)
at org.testng.TestNG.runSuitesSequentially(TestNG.java:1301)
at org.testng.TestNG.runSuitesLocally(TestNG.java:1228)
at org.testng.TestNG.runSuites(TestNG.java:1134)
at org.testng.TestNG.run(TestNG.java:1101)
at org.testng.remote.AbstractRemoteTestNG.run(AbstractRemoteTestNG.java:115)
at org.testng.remote.RemoteTestNG.initAndRun(RemoteTestNG.java:251)
at org.testng.remote.RemoteTestNG.main(RemoteTestNG.java:77)
]]>
    </error>
    <system-out>
      <![CDATA[ 
The process of create calendar event by Firefighter is started.]]>
    </system-out>
  </testcase> <!-- cretecalendarEventFirefighterSchedule -->
  <system-out>
    <![CDATA[Hello, Daily check point checking process has started.-22.11.2024>06:59
 
Todays is 4 Friday of this month.
 
 
The process of create info-event by firefighter is started.
The process of create info-event by firefighter is complete.
 
 
The process of send message to info-event users is started.
The process of send message to info-event users is started is complete.
 
 
The process of creating information by firefighter is started.
The process of creating information by firefighter is complete.
 
 
The process of creating chat group by resource is started.
The process of creating chat group by resource is complete.
 
 
The process of adding new resource is started.
 
The process of creating a test alarm by alarm loop 1 with remindar recirsive > monthly > day wise is started.
test alarm created for >22.11.2024-07:08
The process of creating a test alarm by alarm loop 2 with remindar recirsive > monthly > day wise is complete.
 
 
The process of create info-event by resource is started.
The process of create info-event by resource is complete.
 
 
The process of add station user is started.
basic detailas save successfully.
adding role save successfully.
user details
User first name >ghatole
User last name > NewStUser
User mail id > ghatole.NewStUser@atpl.in
The process of add station uers is complete.
 
 
The process of adding new alarm template is started.
Alarm Template> BG-Template-2211_065921 adde successfully.
The process of adding new alarm template is complete.
 
 
The process of creating permission group for default station is started.
BG-Station defalult permission group-2211065921-1
BG-Station defalult permission group-2211065921-2
The process of creating permission group for default station is complete.
 
 
The process of create availability request > send imediate is started.
The process of create availability request > send imediate is complete.
 
 
The process of create availability request > multiple days is started.
Availability request recursive >22.11.2024-07:08
Availability request recursive >22.11.2024-07:10
Availability request recursive >22.11.2024-07:14
The process of create availability request > multiple days is complete.
 
 
The process of creating a test alarm by alarm loop 2 with remindar recursive > monthly > date wise is started.
test alarm created for >22.11.2024-07:10
The process of creating a test alarm by alarm loop 2 with remindar recursive > monthly > date wise is complete.
 
 
The process of creating information 2 from 07:14 to 07:29 for monitor is started.
The process of creating information 2 for monitor is complete.
 
 
The process of create calendar event by resource is started.
calendar event by attribute from-22.11.2024081342 to 22.11.2024083442
The process of create calendar event by resource is complete.
 
 
The process of adding new event category is started.
 BG-EventCategoty-2211_065921 added successfully.
The process of new event category is complete.
 
 
The process of creating information 1 from 07:08 to 07:21 for monitor is started.
The process of creating information 1 for monitor is complete.
 
 
The process of send message to information users is started.
The process of send message to information users is started is complete.
 
 
The process of add fire fighter is started.
basic detailas save successfully.
user role save successfully.
permission save successfully.
adding atrribute successfully.
adding resource successfully.
user details
User first name > ghatole
User last name > ff-1
User mail id > dghatole.ff1@atpl.in
  
basic detailas save successfully.
user role save successfully.
permission save successfully.
adding atrribute successfully.
adding resource successfully.
user details
User first name > ghatole
User last name > ff-2
User mail id > dghatole.ff2@atpl.in
  
The process of add fire fighter is complete.
 
 
The process of creating chat group by attribute is started.
 
The process of sending message to a chat group created by attribute is started.
 
The process of creating information by resource is started.
The process of creating information by resource is complete.
 
 
The process of create info-event by attribute is started.
The process of create info-event by attribute is complete.
 
 
The process of creating normal check list is started.
Normal check list number-1 is added sucessfully.
Normal check list number-2 is added sucessfully.
The process of creating normal check list is complete.
 
 
The process of creating a test alarm by resource with remindar recursive > daily is started.
test alarm created for >22.11.2024-07:17
The process of creating a test alarm by resource with remindar recursive > daily is complete.
 
 
The process of send message to test alarm user is started
The process of send message to test alarm user is complete.
 
 
The process of create calendar event by Firefighter is started.]]>
  </system-out>
</testsuite> <!-- live_functions.A_testClass_dailyCheckPointList -->
