<?xml version="1.0" encoding="UTF-8"?>
<!-- Generated by org.testng.reporters.JUnitReportReporter -->
<testsuite hostname="DESKTOP-T6L47BI" failures="0" tests="3" name="live_functions.A_testClass_dailyCheckPointList" time="45.487" errors="0" timestamp="2025-03-20T13:03:19 IST" skipped="0">
  <testcase classname="live_functions.A_testClass_dailyCheckPointList" name="userDetails" time="6.693">
    <system-out>
      <![CDATA[ 
Department user # 6039-DE-andrew-deptu-2 # log in sucessfully
 ]]>
    </system-out>
  </testcase> <!-- userDetails -->
  <testcase classname="live_functions.A_testClass_dailyCheckPointList" name="detailsAboutScript" time="8.644">
    <system-out>
      <![CDATA[ 
Login  date-20.03.2025 & login  time -08:32
Logout date-20-03-2025 & logout time -08:33
 ]]>
    </system-out>
  </testcase> <!-- detailsAboutScript -->
  <testcase classname="live_functions.A_testClass_dailyCheckPointList" name="manualAlarmEclation07to06" time="30.150">
    <system-out>
      <![CDATA[ 
The process of creating manual alarm to escalate from station 07 to 06  is started.
The process of creating manual alarm to escalate from station 07 to 06 is complete.
 ]]>
    </system-out>
  </testcase> <!-- manualAlarmEclation07to06 -->
  <system-out>
    <![CDATA[Hello, Daily check point checking process of 1 has started.-20.03.2025>08:32
 
Todays is 3 Thursday of this month.
 
 
Department user # 6039-DE-andrew-deptu-2 # log in sucessfully
 
 
The process of creating manual alarm to escalate from station 07 to 06  is started.
The process of creating manual alarm to escalate from station 07 to 06 is complete.
 
 
Login  date-20.03.2025 & login  time -08:32
Logout date-20-03-2025 & logout time -08:33
 
Logout sucessfully.
 
Refresh the URL before successfully closing the browser.
Browser close sucessfully.
 ]]>
  </system-out>
</testsuite> <!-- live_functions.A_testClass_dailyCheckPointList -->
