<?xml version="1.0" encoding="UTF-8"?>
<!-- Generated by org.testng.reporters.JUnitReportReporter -->
<testsuite hostname="DESKTOP-T6L47BI" failures="0" tests="50" name="live_functions.A_testClass_dailyCheckPointList" time="1745.124" errors="2" timestamp="2025-05-03T13:43:53 IST" skipped="17">
  <testcase classname="live_functions.A_testClass_dailyCheckPointList" name="createInformationByAttribute" time="52.087">
    <system-out>
      <![CDATA[ 
The process of creating information by attribute is started.
The process of creating information by attribute is complete.
 ]]>
    </system-out>
  </testcase> <!-- createInformationByAttribute -->
  <testcase classname="live_functions.A_testClass_dailyCheckPointList" name="backToHomePage2" time="45.918">
    <error message="element not interactable
  (Session info: chrome=135.0.7049.116)
Build info: version: &#039;4.17.0&#039;, revision: &#039;e52b1be057*&#039;
System info: os.name: &#039;Windows 11&#039;, os.arch: &#039;amd64&#039;, os.version: &#039;10.0&#039;, java.version: &#039;17.0.9&#039;
Driver info: org.openqa.selenium.chrome.ChromeDriver
Command: [90d98e1121b253c136fc067f908afa5a, clickElement {id=f.B0BD36CC290AF80AD2EA4254ED39C798.d.7CA02505D4AD91EB71E50E12CD56605E.e.740708}]
Capabilities {acceptInsecureCerts: false, browserName: chrome, browserVersion: 135.0.7049.116, chrome: {chromedriverVersion: 135.0.7049.114 (63fd8a7d9d0..., userDataDir: C:\Users\BHUPESH\AppData\Lo...}, fedcm:accounts: true, goog:chromeOptions: {debuggerAddress: localhost:51804}, networkConnectionEnabled: false, pageLoadStrategy: normal, platformName: windows, proxy: Proxy(), se:cdp: ws://localhost:51804/devtoo..., se:cdpVersion: 135.0.7049.116, setWindowRect: true, strictFileInteractability: false, timeouts: {implicit: 0, pageLoad: 300000, script: 30000}, unhandledPromptBehavior: dismiss and notify, webauthn:extension:credBlob: true, webauthn:extension:largeBlob: true, webauthn:extension:minPinLength: true, webauthn:extension:prf: true, webauthn:virtualAuthenticators: true}
Element: [[ChromeDriver: chrome on windows (90d98e1121b253c136fc067f908afa5a)] -&gt; xpath: //a[@href=&quot;http://live.retteralarm.de/admin/dashboard/index&quot;]]
Session ID: 90d98e1121b253c136fc067f908afa5a" type="org.openqa.selenium.ElementNotInteractableException">
      <![CDATA[org.openqa.selenium.ElementNotInteractableException: element not interactable
  (Session info: chrome=135.0.7049.116)
Build info: version: '4.17.0', revision: 'e52b1be057*'
System info: os.name: 'Windows 11', os.arch: 'amd64', os.version: '10.0', java.version: '17.0.9'
Driver info: org.openqa.selenium.chrome.ChromeDriver
Command: [90d98e1121b253c136fc067f908afa5a, clickElement {id=f.B0BD36CC290AF80AD2EA4254ED39C798.d.7CA02505D4AD91EB71E50E12CD56605E.e.740708}]
Capabilities {acceptInsecureCerts: false, browserName: chrome, browserVersion: 135.0.7049.116, chrome: {chromedriverVersion: 135.0.7049.114 (63fd8a7d9d0..., userDataDir: C:\Users\BHUPESH\AppData\Lo...}, fedcm:accounts: true, goog:chromeOptions: {debuggerAddress: localhost:51804}, networkConnectionEnabled: false, pageLoadStrategy: normal, platformName: windows, proxy: Proxy(), se:cdp: ws://localhost:51804/devtoo..., se:cdpVersion: 135.0.7049.116, setWindowRect: true, strictFileInteractability: false, timeouts: {implicit: 0, pageLoad: 300000, script: 30000}, unhandledPromptBehavior: dismiss and notify, webauthn:extension:credBlob: true, webauthn:extension:largeBlob: true, webauthn:extension:minPinLength: true, webauthn:extension:prf: true, webauthn:virtualAuthenticators: true}
Element: [[ChromeDriver: chrome on windows (90d98e1121b253c136fc067f908afa5a)] -> xpath: //a[@href="http://live.retteralarm.de/admin/dashboard/index"]]
Session ID: 90d98e1121b253c136fc067f908afa5a
at java.base/jdk.internal.reflect.NativeConstructorAccessorImpl.newInstance0(Native Method)
at java.base/jdk.internal.reflect.NativeConstructorAccessorImpl.newInstance(NativeConstructorAccessorImpl.java:77)
at java.base/jdk.internal.reflect.DelegatingConstructorAccessorImpl.newInstance(DelegatingConstructorAccessorImpl.java:45)
at java.base/java.lang.reflect.Constructor.newInstanceWithCaller(Constructor.java:499)
at java.base/java.lang.reflect.Constructor.newInstance(Constructor.java:480)
at org.openqa.selenium.remote.codec.w3c.W3CHttpResponseCodec.createException(W3CHttpResponseCodec.java:185)
at org.openqa.selenium.remote.codec.w3c.W3CHttpResponseCodec.decode(W3CHttpResponseCodec.java:134)
at org.openqa.selenium.remote.codec.w3c.W3CHttpResponseCodec.decode(W3CHttpResponseCodec.java:51)
at org.openqa.selenium.remote.HttpCommandExecutor.execute(HttpCommandExecutor.java:190)
at org.openqa.selenium.remote.service.DriverCommandExecutor.invokeExecute(DriverCommandExecutor.java:216)
at org.openqa.selenium.remote.service.DriverCommandExecutor.execute(DriverCommandExecutor.java:174)
at org.openqa.selenium.remote.RemoteWebDriver.execute(RemoteWebDriver.java:519)
at org.openqa.selenium.remote.RemoteWebElement.execute(RemoteWebElement.java:223)
at org.openqa.selenium.remote.RemoteWebElement.click(RemoteWebElement.java:76)
at jdk.internal.reflect.GeneratedMethodAccessor1.invoke(Unknown Source)
at java.base/jdk.internal.reflect.DelegatingMethodAccessorImpl.invoke(DelegatingMethodAccessorImpl.java:43)
at java.base/java.lang.reflect.Method.invoke(Method.java:568)
at org.openqa.selenium.support.pagefactory.internal.LocatingElementHandler.invoke(LocatingElementHandler.java:51)
at jdk.proxy2/jdk.proxy2.$Proxy18.click(Unknown Source)
at live_functions.D_homePage.backToHomePage(D_homePage.java:51)
at live_functions.A_testClass_dailyCheckPointList.backToHomePage2(A_testClass_dailyCheckPointList.java:1467)
at jdk.internal.reflect.GeneratedMethodAccessor9.invoke(Unknown Source)
at java.base/jdk.internal.reflect.DelegatingMethodAccessorImpl.invoke(DelegatingMethodAccessorImpl.java:43)
at java.base/java.lang.reflect.Method.invoke(Method.java:568)
at org.testng.internal.invokers.MethodInvocationHelper.invokeMethod(MethodInvocationHelper.java:139)
at org.testng.internal.invokers.MethodInvocationHelper.invokeMethodConsideringTimeout(MethodInvocationHelper.java:69)
at org.testng.internal.invokers.ConfigInvoker.invokeConfigurationMethod(ConfigInvoker.java:393)
at org.testng.internal.invokers.ConfigInvoker.invokeConfigurations(ConfigInvoker.java:326)
at org.testng.internal.invokers.TestInvoker.runConfigMethods(TestInvoker.java:810)
at org.testng.internal.invokers.TestInvoker.runAfterConfigurations(TestInvoker.java:779)
at org.testng.internal.invokers.TestInvoker.invokeMethod(TestInvoker.java:755)
at org.testng.internal.invokers.TestInvoker.invokeTestMethod(TestInvoker.java:228)
at org.testng.internal.invokers.MethodRunner.runInSequence(MethodRunner.java:63)
at org.testng.internal.invokers.TestInvoker$MethodInvocationAgent.invoke(TestInvoker.java:961)
at org.testng.internal.invokers.TestInvoker.invokeTestMethods(TestInvoker.java:201)
at org.testng.internal.invokers.TestMethodWorker.invokeTestMethods(TestMethodWorker.java:148)
at org.testng.internal.invokers.TestMethodWorker.run(TestMethodWorker.java:128)
at java.base/java.util.ArrayList.forEach(ArrayList.java:1511)
at org.testng.TestRunner.privateRun(TestRunner.java:819)
at org.testng.TestRunner.run(TestRunner.java:619)
at org.testng.SuiteRunner.runTest(SuiteRunner.java:443)
at org.testng.SuiteRunner.runSequentially(SuiteRunner.java:437)
at org.testng.SuiteRunner.privateRun(SuiteRunner.java:397)
at org.testng.SuiteRunner.run(SuiteRunner.java:336)
at org.testng.SuiteRunnerWorker.runSuite(SuiteRunnerWorker.java:52)
at org.testng.SuiteRunnerWorker.run(SuiteRunnerWorker.java:95)
at org.testng.TestNG.runSuitesSequentially(TestNG.java:1301)
at org.testng.TestNG.runSuitesLocally(TestNG.java:1228)
at org.testng.TestNG.runSuites(TestNG.java:1134)
at org.testng.TestNG.run(TestNG.java:1101)
at org.testng.remote.AbstractRemoteTestNG.run(AbstractRemoteTestNG.java:115)
at org.testng.remote.RemoteTestNG.initAndRun(RemoteTestNG.java:251)
at org.testng.remote.RemoteTestNG.main(RemoteTestNG.java:77)
]]>
    </error>
  </testcase> <!-- backToHomePage2 -->
  <testcase classname="live_functions.A_testClass_dailyCheckPointList" name="createInfoEventByResource" time="61.121">
    <system-out>
      <![CDATA[ 
The process of create info-event by resource is started.
The process of create info-event by resource is complete.
 ]]>
    </system-out>
  </testcase> <!-- createInfoEventByResource -->
  <testcase classname="live_functions.A_testClass_dailyCheckPointList" name="createChatgroupByAttribute" time="52.551">
    <system-out>
      <![CDATA[ 
The process of creating chat group by attribute is started.
The process of creating chat group by attribute is complete.
 ]]>
    </system-out>
  </testcase> <!-- createChatgroupByAttribute -->
  <testcase classname="live_functions.A_testClass_dailyCheckPointList" name="createChatgroupByResource" time="49.627">
    <system-out>
      <![CDATA[ 
The process of creating chat group by resource is started.
The process of creating chat group by resource is complete.
 ]]>
    </system-out>
  </testcase> <!-- createChatgroupByResource -->
  <testcase classname="live_functions.A_testClass_dailyCheckPointList" name="SendmessagetoARUsers" time="26.026">
    <skipped/>
  </testcase> <!-- SendmessagetoARUsers -->
  <testcase classname="live_functions.A_testClass_dailyCheckPointList" name="sendmessageToinfoEventUsers" time="26.968">
    <skipped/>
  </testcase> <!-- sendmessageToinfoEventUsers -->
  <testcase classname="live_functions.A_testClass_dailyCheckPointList" name="createAvailabilityRequestSendMultipleDays" time="46.887">
    <system-out>
      <![CDATA[ 
The process of create availability request > multiple days is started.
Availability request recursive >03-05-2025-10:01
Availability request recursive >03-05-2025-09:55
Availability request recursive >03-05-2025-09:59
The process of create availability request > multiple days is complete.
 ]]>
    </system-out>
  </testcase> <!-- createAvailabilityRequestSendMultipleDays -->
  <testcase classname="live_functions.A_testClass_dailyCheckPointList" name="addEventCategory" time="26.975">
    <skipped/>
  </testcase> <!-- addEventCategory -->
  <testcase classname="live_functions.A_testClass_dailyCheckPointList" name="createAvailabilityRequestSendImmediat" time="53.921">
    <system-out>
      <![CDATA[ 
The process of create availability request > send imediate is started.
The process of create availability request > send imediate is complete.
 ]]>
    </system-out>
  </testcase> <!-- createAvailabilityRequestSendImmediat -->
  <testcase classname="live_functions.A_testClass_dailyCheckPointList" name="createMonitorInformation02" time="53.378">
    <system-out>
      <![CDATA[ 
The process of creating information 2 from 09:59 to 10:14 for monitor is started.
The process of creating information 2 for monitor is complete.
 ]]>
    </system-out>
  </testcase> <!-- createMonitorInformation02 -->
  <testcase classname="live_functions.A_testClass_dailyCheckPointList" name="createInformationByFirefighter" time="51.893">
    <system-out>
      <![CDATA[ 
The process of creating information by firefighter is started.
The process of creating information by firefighter is complete.
 ]]>
    </system-out>
  </testcase> <!-- createInformationByFirefighter -->
  <testcase classname="live_functions.A_testClass_dailyCheckPointList" name="createTestAlarmByAttributeRecursiveWeekly" time="66.003">
    <system-out>
      <![CDATA[ 
The process of creating a test alarm by fire fighter with remindar recursive > weekly is started.
test alarm created for >03.05.2025-09:52
The process of creating a test alarm by fire fighter with remindar recursive > weekly is complete.
 ]]>
    </system-out>
  </testcase> <!-- createTestAlarmByAttributeRecursiveWeekly -->
  <testcase classname="live_functions.A_testClass_dailyCheckPointList" name="createChatgroupByFirefighter" time="46.305">
    <system-out>
      <![CDATA[ 
The process of creating chat group by fire fightr is started.
The process of creating chat group by fire fightr is complete.
 ]]>
    </system-out>
  </testcase> <!-- createChatgroupByFirefighter -->
  <testcase classname="live_functions.A_testClass_dailyCheckPointList" name="sendMessageChatGrouCreatedByResource" time="45.089">
    <system-out>
      <![CDATA[ 
The process of sending message to a chat group created by Resource is started.
The process of sending message to a chat group created by Resource is complete.
 ]]>
    </system-out>
  </testcase> <!-- sendMessageChatGrouCreatedByResource -->
  <testcase classname="live_functions.A_testClass_dailyCheckPointList" name="addVehicleUserForStation06" time="26.628">
    <skipped/>
  </testcase> <!-- addVehicleUserForStation06 -->
  <testcase classname="live_functions.A_testClass_dailyCheckPointList" name="createAvailabilityRequestSendSchedule" time="46.838">
    <system-out>
      <![CDATA[ 
The process of create availability request > schedule is started.
Availability request schedule>03-05-2025-10:01
The process of create availability request > schedule is complete.
 ]]>
    </system-out>
  </testcase> <!-- createAvailabilityRequestSendSchedule -->
  <testcase classname="live_functions.A_testClass_dailyCheckPointList" name="addStationUserForStation06" time="60.313">
    <system-out>
      <![CDATA[ 
The process of add station user is started.
Users basic detailas save successfully.
adding role save successfully.
user details
User first name > RojDev
User last name > StUser1
User mail id > bhupesh+LiveStationUser1@atinatechnology.in
  
The process of add station uers is complete.
 ]]>
    </system-out>
  </testcase> <!-- addStationUserForStation06 -->
  <testcase classname="live_functions.A_testClass_dailyCheckPointList" name="detailsAboutScript" time="26.659">
    <skipped/>
  </testcase> <!-- detailsAboutScript -->
  <testcase classname="live_functions.A_testClass_dailyCheckPointList" name="createAlamLoop" time="26.786">
    <skipped/>
  </testcase> <!-- createAlamLoop -->
  <testcase classname="live_functions.A_testClass_dailyCheckPointList" name="CreateAttributeForDepartment" time="26.372">
    <skipped/>
  </testcase> <!-- CreateAttributeForDepartment -->
  <testcase classname="live_functions.A_testClass_dailyCheckPointList" name="createInfoEventByResourceSchedule" time="60.387">
    <system-out>
      <![CDATA[ 
The process of create info-event schedule by resource is started.
info-event created for 10:51 to 11:15
The process of create info-event schedule by attribute is complete.
 ]]>
    </system-out>
  </testcase> <!-- createInfoEventByResourceSchedule -->
  <testcase classname="live_functions.A_testClass_dailyCheckPointList" name="sendMessageChatGrouCreatedByAttribute" time="44.482">
    <system-out>
      <![CDATA[ 
The process of sending message to a chat group created by attribute is started.
The process of sending message to a chat group created by attribute is complete.
 ]]>
    </system-out>
  </testcase> <!-- sendMessageChatGrouCreatedByAttribute -->
  <testcase classname="live_functions.A_testClass_dailyCheckPointList" name="createInfoEventByAttribute" time="57.555">
    <system-out>
      <![CDATA[ 
The process of create info-event by attribute is started.
The process of create info-event by attribute is complete.
 ]]>
    </system-out>
  </testcase> <!-- createInfoEventByAttribute -->
  <testcase classname="live_functions.A_testClass_dailyCheckPointList" name="createPermissionGroupDefaultStation" time="25.868">
    <skipped/>
  </testcase> <!-- createPermissionGroupDefaultStation -->
  <testcase classname="live_functions.A_testClass_dailyCheckPointList" name="createAvailabilityRequestSendRecursive" time="43.387">
    <error message="no such element: Unable to locate element: {&quot;method&quot;:&quot;xpath&quot;,&quot;selector&quot;:&quot;//input[@value=&quot;6286&quot;]&quot;}
  (Session info: chrome=135.0.7049.116)
For documentation on this error, please visit: https://www.selenium.dev/documentation/webdriver/troubleshooting/errors#no-such-element-exception
Build info: version: &#039;4.17.0&#039;, revision: &#039;e52b1be057*&#039;
System info: os.name: &#039;Windows 11&#039;, os.arch: &#039;amd64&#039;, os.version: &#039;10.0&#039;, java.version: &#039;17.0.9&#039;
Driver info: org.openqa.selenium.chrome.ChromeDriver
Command: [90d98e1121b253c136fc067f908afa5a, findElement {using=xpath, value=//input[@value=&quot;6286&quot;]}]
Capabilities {acceptInsecureCerts: false, browserName: chrome, browserVersion: 135.0.7049.116, chrome: {chromedriverVersion: 135.0.7049.114 (63fd8a7d9d0..., userDataDir: C:\Users\BHUPESH\AppData\Lo...}, fedcm:accounts: true, goog:chromeOptions: {debuggerAddress: localhost:51804}, networkConnectionEnabled: false, pageLoadStrategy: normal, platformName: windows, proxy: Proxy(), se:cdp: ws://localhost:51804/devtoo..., se:cdpVersion: 135.0.7049.116, setWindowRect: true, strictFileInteractability: false, timeouts: {implicit: 0, pageLoad: 300000, script: 30000}, unhandledPromptBehavior: dismiss and notify, webauthn:extension:credBlob: true, webauthn:extension:largeBlob: true, webauthn:extension:minPinLength: true, webauthn:extension:prf: true, webauthn:virtualAuthenticators: true}
Session ID: 90d98e1121b253c136fc067f908afa5a" type="org.openqa.selenium.NoSuchElementException">
      <![CDATA[org.openqa.selenium.NoSuchElementException: no such element: Unable to locate element: {"method":"xpath","selector":"//input[@value="6286"]"}
  (Session info: chrome=135.0.7049.116)
For documentation on this error, please visit: https://www.selenium.dev/documentation/webdriver/troubleshooting/errors#no-such-element-exception
Build info: version: '4.17.0', revision: 'e52b1be057*'
System info: os.name: 'Windows 11', os.arch: 'amd64', os.version: '10.0', java.version: '17.0.9'
Driver info: org.openqa.selenium.chrome.ChromeDriver
Command: [90d98e1121b253c136fc067f908afa5a, findElement {using=xpath, value=//input[@value="6286"]}]
Capabilities {acceptInsecureCerts: false, browserName: chrome, browserVersion: 135.0.7049.116, chrome: {chromedriverVersion: 135.0.7049.114 (63fd8a7d9d0..., userDataDir: C:\Users\BHUPESH\AppData\Lo...}, fedcm:accounts: true, goog:chromeOptions: {debuggerAddress: localhost:51804}, networkConnectionEnabled: false, pageLoadStrategy: normal, platformName: windows, proxy: Proxy(), se:cdp: ws://localhost:51804/devtoo..., se:cdpVersion: 135.0.7049.116, setWindowRect: true, strictFileInteractability: false, timeouts: {implicit: 0, pageLoad: 300000, script: 30000}, unhandledPromptBehavior: dismiss and notify, webauthn:extension:credBlob: true, webauthn:extension:largeBlob: true, webauthn:extension:minPinLength: true, webauthn:extension:prf: true, webauthn:virtualAuthenticators: true}
Session ID: 90d98e1121b253c136fc067f908afa5a
at java.base/jdk.internal.reflect.NativeConstructorAccessorImpl.newInstance0(Native Method)
at java.base/jdk.internal.reflect.NativeConstructorAccessorImpl.newInstance(NativeConstructorAccessorImpl.java:77)
at java.base/jdk.internal.reflect.DelegatingConstructorAccessorImpl.newInstance(DelegatingConstructorAccessorImpl.java:45)
at java.base/java.lang.reflect.Constructor.newInstanceWithCaller(Constructor.java:499)
at java.base/java.lang.reflect.Constructor.newInstance(Constructor.java:480)
at org.openqa.selenium.remote.codec.w3c.W3CHttpResponseCodec.createException(W3CHttpResponseCodec.java:185)
at org.openqa.selenium.remote.codec.w3c.W3CHttpResponseCodec.decode(W3CHttpResponseCodec.java:134)
at org.openqa.selenium.remote.codec.w3c.W3CHttpResponseCodec.decode(W3CHttpResponseCodec.java:51)
at org.openqa.selenium.remote.HttpCommandExecutor.execute(HttpCommandExecutor.java:190)
at org.openqa.selenium.remote.service.DriverCommandExecutor.invokeExecute(DriverCommandExecutor.java:216)
at org.openqa.selenium.remote.service.DriverCommandExecutor.execute(DriverCommandExecutor.java:174)
at org.openqa.selenium.remote.RemoteWebDriver.execute(RemoteWebDriver.java:519)
at org.openqa.selenium.remote.ElementLocation$ElementFinder$2.findElement(ElementLocation.java:165)
at org.openqa.selenium.remote.ElementLocation.findElement(ElementLocation.java:59)
at org.openqa.selenium.remote.RemoteWebDriver.findElement(RemoteWebDriver.java:356)
at org.openqa.selenium.remote.RemoteWebDriver.findElement(RemoteWebDriver.java:350)
at org.openqa.selenium.support.pagefactory.DefaultElementLocator.findElement(DefaultElementLocator.java:68)
at org.openqa.selenium.support.pagefactory.internal.LocatingElementHandler.invoke(LocatingElementHandler.java:38)
at jdk.proxy2/jdk.proxy2.$Proxy18.click(Unknown Source)
at live_functions.I_availabilityRequest.ARRecursivee(I_availabilityRequest.java:467)
at live_functions.A_testClass_dailyCheckPointList.createAvailabilityRequestSendRecursive(A_testClass_dailyCheckPointList.java:1301)
at java.base/jdk.internal.reflect.NativeMethodAccessorImpl.invoke0(Native Method)
at java.base/jdk.internal.reflect.NativeMethodAccessorImpl.invoke(NativeMethodAccessorImpl.java:77)
at java.base/jdk.internal.reflect.DelegatingMethodAccessorImpl.invoke(DelegatingMethodAccessorImpl.java:43)
at java.base/java.lang.reflect.Method.invoke(Method.java:568)
at org.testng.internal.invokers.MethodInvocationHelper.invokeMethod(MethodInvocationHelper.java:139)
at org.testng.internal.invokers.TestInvoker.invokeMethod(TestInvoker.java:664)
at org.testng.internal.invokers.TestInvoker.invokeTestMethod(TestInvoker.java:228)
at org.testng.internal.invokers.MethodRunner.runInSequence(MethodRunner.java:63)
at org.testng.internal.invokers.TestInvoker$MethodInvocationAgent.invoke(TestInvoker.java:961)
at org.testng.internal.invokers.TestInvoker.invokeTestMethods(TestInvoker.java:201)
at org.testng.internal.invokers.TestMethodWorker.invokeTestMethods(TestMethodWorker.java:148)
at org.testng.internal.invokers.TestMethodWorker.run(TestMethodWorker.java:128)
at java.base/java.util.ArrayList.forEach(ArrayList.java:1511)
at org.testng.TestRunner.privateRun(TestRunner.java:819)
at org.testng.TestRunner.run(TestRunner.java:619)
at org.testng.SuiteRunner.runTest(SuiteRunner.java:443)
at org.testng.SuiteRunner.runSequentially(SuiteRunner.java:437)
at org.testng.SuiteRunner.privateRun(SuiteRunner.java:397)
at org.testng.SuiteRunner.run(SuiteRunner.java:336)
at org.testng.SuiteRunnerWorker.runSuite(SuiteRunnerWorker.java:52)
at org.testng.SuiteRunnerWorker.run(SuiteRunnerWorker.java:95)
at org.testng.TestNG.runSuitesSequentially(TestNG.java:1301)
at org.testng.TestNG.runSuitesLocally(TestNG.java:1228)
at org.testng.TestNG.runSuites(TestNG.java:1134)
at org.testng.TestNG.run(TestNG.java:1101)
at org.testng.remote.AbstractRemoteTestNG.run(AbstractRemoteTestNG.java:115)
at org.testng.remote.RemoteTestNG.initAndRun(RemoteTestNG.java:251)
at org.testng.remote.RemoteTestNG.main(RemoteTestNG.java:77)
]]>
    </error>
    <system-out>
      <![CDATA[ 
The process of create availability request > recursive is started.]]>
    </system-out>
  </testcase> <!-- createAvailabilityRequestSendRecursive -->
  <testcase classname="live_functions.A_testClass_dailyCheckPointList" name="createChatgroupByAlarmloop" time="47.479">
    <system-out>
      <![CDATA[ 
The process of creating chat group by alarm loop is started.
The process of creating chat group by alarm loop is complete.
 ]]>
    </system-out>
  </testcase> <!-- createChatgroupByAlarmloop -->
  <testcase classname="live_functions.A_testClass_dailyCheckPointList" name="createResource" time="26.481">
    <skipped/>
  </testcase> <!-- createResource -->
  <testcase classname="live_functions.A_testClass_dailyCheckPointList" name="createAlamTemplate" time="26.100">
    <skipped/>
  </testcase> <!-- createAlamTemplate -->
  <testcase classname="live_functions.A_testClass_dailyCheckPointList" name="sendmessageToTestAlarmUsers" time="37.177">
    <system-out>
      <![CDATA[ 
The process of send message to test alarm user is started
The process of send message to test alarm user is complete.
 ]]>
    </system-out>
  </testcase> <!-- sendmessageToTestAlarmUsers -->
  <testcase classname="live_functions.A_testClass_dailyCheckPointList" name="sendMessageChatGrouCreatedByFirefighter" time="45.156">
    <system-out>
      <![CDATA[ 
The process of sending message to a chat group created by Firefighter is started.
The process of sending message to a chat group created by Firefighter is complete.
 ]]>
    </system-out>
  </testcase> <!-- sendMessageChatGrouCreatedByFirefighter -->
  <testcase classname="live_functions.A_testClass_dailyCheckPointList" name="createInfoEventByAttributeSchedule" time="46.398">
    <system-out>
      <![CDATA[ 
The process of create info-event schedule by attribute is started.
info-event created for 09:59 to 10:14
The process of create info-event schedule by attribute is complete.
 ]]>
    </system-out>
  </testcase> <!-- createInfoEventByAttributeSchedule -->
  <testcase classname="live_functions.A_testClass_dailyCheckPointList" name="createMonitorInformation01" time="28.525">
    <system-out>
      <![CDATA[ 
The process of creating information 1 from 09:51 to 10:06 for monitor is started.
The process of creating information 1 for monitor is complete.
 ]]>
    </system-out>
  </testcase> <!-- createMonitorInformation01 -->
  <testcase classname="live_functions.A_testClass_dailyCheckPointList" name="cretecalendarEventAttributeSchedule" time="0.000">
    <skipped/>
  </testcase> <!-- cretecalendarEventAttributeSchedule -->
  <testcase classname="live_functions.A_testClass_dailyCheckPointList" name="testAlarmByRecursiveMonthlyDayWise" time="36.674">
    <system-out>
      <![CDATA[ 
The process of creating a test alarm by alarm loop 1 with remindar recirsive > monthly > day wise is started.
test alarm created for >03.05.2025-09:53
The process of creating a test alarm by alarm loop 2 with remindar recirsive > monthly > day wise is complete.
 ]]>
    </system-out>
  </testcase> <!-- testAlarmByRecursiveMonthlyDayWise -->
  <testcase classname="live_functions.A_testClass_dailyCheckPointList" name="createTestAlarmByAttributeRecursiveMontlyDateWise" time="34.058">
    <system-out>
      <![CDATA[ 
The process of creating a test alarm by alarm loop 2 with remindar recursive > monthly > date wise is started.
test alarm created for >03.05.2025-09:51
The process of creating a test alarm by alarm loop 2 with remindar recursive > monthly > date wise is complete.
 ]]>
    </system-out>
  </testcase> <!-- createTestAlarmByAttributeRecursiveMontlyDateWise -->
  <testcase classname="live_functions.A_testClass_dailyCheckPointList" name="createAlarmCheckList" time="0.000">
    <skipped/>
  </testcase> <!-- createAlarmCheckList -->
  <testcase classname="live_functions.A_testClass_dailyCheckPointList" name="userDetails" time="0.004">
    <system-out>
      <![CDATA[ 
Department user # 6039-DE-andrew-deptu-2 # log in sucessfully
 ]]>
    </system-out>
  </testcase> <!-- userDetails -->
  <testcase classname="live_functions.A_testClass_dailyCheckPointList" name="createInfoEventByFighterSchedule" time="33.798">
    <system-out>
      <![CDATA[ 
The process of create info-event schedule by firefighter is started.
info-event created for 04-05-2025 > 10:01 to 10:16
The process of create info-event schedule by firefighter is complete.
 ]]>
    </system-out>
  </testcase> <!-- createInfoEventByFighterSchedule -->
  <testcase classname="live_functions.A_testClass_dailyCheckPointList" name="createInformationByResource" time="22.484">
    <system-out>
      <![CDATA[ 
The process of creating information by resource is started.
The process of creating information by resource is complete.
 ]]>
    </system-out>
  </testcase> <!-- createInformationByResource -->
  <testcase classname="live_functions.A_testClass_dailyCheckPointList" name="sendmessageToinfoUsers" time="0.000">
    <skipped/>
  </testcase> <!-- sendmessageToinfoUsers -->
  <testcase classname="live_functions.A_testClass_dailyCheckPointList" name="addFirefighter2ForNewStation06" time="0.000">
    <skipped/>
  </testcase> <!-- addFirefighter2ForNewStation06 -->
  <testcase classname="live_functions.A_testClass_dailyCheckPointList" name="cretecalendarEventFirefighterSchedule" time="0.000">
    <skipped/>
  </testcase> <!-- cretecalendarEventFirefighterSchedule -->
  <testcase classname="live_functions.A_testClass_dailyCheckPointList" name="addFirefighter1ForNewStation06" time="66.222">
    <system-out>
      <![CDATA[ 
The process of add fire fighter is started.
Users basic detailas save successfully.
user role save successfully.
permission save successfully.
adding atrribute successfully.
adding resource successfully.
user details
User first name > RojDev
User last name > FF1
User mail id > bhupesh+LiveFirefighter1@atinatechnology.in
  
The process of add fire fighter is complete.
 ]]>
    </system-out>
  </testcase> <!-- addFirefighter1ForNewStation06 -->
  <testcase classname="live_functions.A_testClass_dailyCheckPointList" name="cretecalendarEventResourceSchedule" time="0.000">
    <skipped/>
  </testcase> <!-- cretecalendarEventResourceSchedule -->
  <testcase classname="live_functions.A_testClass_dailyCheckPointList" name="createInfoEventByFirefighter" time="36.942">
    <system-out>
      <![CDATA[ 
The process of create info-event by firefighter is started.
The process of create info-event by firefighter is complete.
 ]]>
    </system-out>
  </testcase> <!-- createInfoEventByFirefighter -->
  <testcase classname="live_functions.A_testClass_dailyCheckPointList" name="createNormalCheckList" time="0.000">
    <skipped/>
  </testcase> <!-- createNormalCheckList -->
  <testcase classname="live_functions.A_testClass_dailyCheckPointList" name="createTestAlarmByAttributeOneTime" time="51.935">
    <system-out>
      <![CDATA[ 
The process of creating a test alarm by attribute with remindar one time is started.
test alarm created for >03.05.2025-09:50
The process of creating a test alarm by attribute with remindar one time is complete.
 ]]>
    </system-out>
  </testcase> <!-- createTestAlarmByAttributeOneTime -->
  <testcase classname="live_functions.A_testClass_dailyCheckPointList" name="createTestAlarmByAttributeRecursivedaily" time="36.587">
    <system-out>
      <![CDATA[ 
The process of creating a test alarm by resource with remindar recursive > daily is started.
test alarm created for >03.05.2025-09:51
The process of creating a test alarm by resource with remindar recursive > daily is complete.
 ]]>
    </system-out>
  </testcase> <!-- createTestAlarmByAttributeRecursivedaily -->
  <testcase classname="live_functions.A_testClass_dailyCheckPointList" name="sendMessageChatGrouCreatedByAlarmLoop" time="19.080">
    <system-out>
      <![CDATA[ 
The process of sending message to a chat group created by AlarmLoop is started.
The process of sending message to a chat group created by AlarmLoop is complete.
 ]]>
    </system-out>
  </testcase> <!-- sendMessageChatGrouCreatedByAlarmLoop -->
  <system-out>
    <![CDATA[Hello, Daily check point checking process of 1 has started.-03.05.2025>09:44
 
Todays is 1 Saturday of this month.
 
 
Department user # 6039-DE-andrew-deptu-2 # log in sucessfully
 
 
The process of creating a test alarm by attribute with remindar one time is started.
test alarm created for >03.05.2025-09:50
The process of creating a test alarm by attribute with remindar one time is complete.
 
 
The process of creating a test alarm by resource with remindar recursive > daily is started.
test alarm created for >03.05.2025-09:51
The process of creating a test alarm by resource with remindar recursive > daily is complete.
 
 
The process of creating a test alarm by fire fighter with remindar recursive > weekly is started.
test alarm created for >03.05.2025-09:52
The process of creating a test alarm by fire fighter with remindar recursive > weekly is complete.
 
 
The process of creating a test alarm by alarm loop 1 with remindar recirsive > monthly > day wise is started.
test alarm created for >03.05.2025-09:53
The process of creating a test alarm by alarm loop 2 with remindar recirsive > monthly > day wise is complete.
 
 
The process of creating a test alarm by alarm loop 2 with remindar recursive > monthly > date wise is started.
test alarm created for >03.05.2025-09:51
The process of creating a test alarm by alarm loop 2 with remindar recursive > monthly > date wise is complete.
 
 
The process of creating information 1 from 09:51 to 10:06 for monitor is started.
The process of creating information 1 for monitor is complete.
 
 
The process of creating information 2 from 09:59 to 10:14 for monitor is started.
The process of creating information 2 for monitor is complete.
 
 
The process of create info-event schedule by attribute is started.
info-event created for 09:59 to 10:14
The process of create info-event schedule by attribute is complete.
 
 
The process of create info-event schedule by resource is started.
info-event created for 10:51 to 11:15
The process of create info-event schedule by attribute is complete.
 
 
The process of create info-event schedule by firefighter is started.
info-event created for 04-05-2025 > 10:01 to 10:16
The process of create info-event schedule by firefighter is complete.
 
 
The process of create availability request > send imediate is started.
The process of create availability request > send imediate is complete.
 
 
The process of create availability request > schedule is started.
Availability request schedule>03-05-2025-10:01
The process of create availability request > schedule is complete.
 
 
The process of create availability request > recursive is started.
 
The process of create availability request > multiple days is started.
Availability request recursive >03-05-2025-10:01
Availability request recursive >03-05-2025-09:55
Availability request recursive >03-05-2025-09:59
The process of create availability request > multiple days is complete.
 
 
The process of creating information by attribute is started.
The process of creating information by attribute is complete.
 
 
The process of creating information by resource is started.
The process of creating information by resource is complete.
 
 
The process of creating information by firefighter is started.
The process of creating information by firefighter is complete.
 
 
The process of create info-event by attribute is started.
The process of create info-event by attribute is complete.
 
 
The process of create info-event by resource is started.
The process of create info-event by resource is complete.
 
 
The process of create info-event by firefighter is started.
The process of create info-event by firefighter is complete.
 
 
The process of creating chat group by attribute is started.
The process of creating chat group by attribute is complete.
 
 
The process of creating chat group by resource is started.
The process of creating chat group by resource is complete.
 
 
The process of creating chat group by fire fightr is started.
The process of creating chat group by fire fightr is complete.
 
 
The process of creating chat group by alarm loop is started.
The process of creating chat group by alarm loop is complete.
 
 
The process of send message to test alarm user is started
The process of send message to test alarm user is complete.
 
 
The process of sending message to a chat group created by attribute is started.
The process of sending message to a chat group created by attribute is complete.
 
 
The process of sending message to a chat group created by Resource is started.
The process of sending message to a chat group created by Resource is complete.
 
 
The process of sending message to a chat group created by Firefighter is started.
The process of sending message to a chat group created by Firefighter is complete.
 
 
The process of sending message to a chat group created by AlarmLoop is started.
The process of sending message to a chat group created by AlarmLoop is complete.
 
 
The process of add station user is started.
Users basic detailas save successfully.
adding role save successfully.
user details
User first name > RojDev
User last name > StUser1
User mail id > bhupesh+LiveStationUser1@atinatechnology.in
  
The process of add station uers is complete.
 
 
The process of add fire fighter is started.
Users basic detailas save successfully.
user role save successfully.
permission save successfully.
adding atrribute successfully.
adding resource successfully.
user details
User first name > RojDev
User last name > FF1
User mail id > bhupesh+LiveFirefighter1@atinatechnology.in
  
The process of add fire fighter is complete.
 ]]>
  </system-out>
</testsuite> <!-- live_functions.A_testClass_dailyCheckPointList -->
