<?xml version="1.0" encoding="UTF-8"?>
<!-- Generated by org.testng.reporters.JUnitReportReporter -->
<testsuite hostname="DESKTOP-T6L47BI" failures="0" tests="59" name="live_functions.A_testClass_dailyCheckPointList" time="1943.679" errors="4" timestamp="2024-12-19T18:55:44 IST" skipped="0">
  <testcase classname="live_functions.A_testClass_dailyCheckPointList" name="cretecalendarEventAttributeSchedule" time="30.709">
    <system-out>
      <![CDATA[ 
The process of create calendar event by attribute is started.
calendar event by attribute from-19-12-2024141311 to 19-12-2024142811
The process of create calendar event by attribute is complete.
 ]]>
    </system-out>
  </testcase> <!-- cretecalendarEventAttributeSchedule -->
  <testcase classname="live_functions.A_testClass_dailyCheckPointList" name="extendAlarmToSecondStation" time="18.933">
    <error message="element not interactable
  (Session info: chrome=131.0.6778.141)
Build info: version: &#039;4.17.0&#039;, revision: &#039;e52b1be057*&#039;
System info: os.name: &#039;Windows 11&#039;, os.arch: &#039;amd64&#039;, os.version: &#039;10.0&#039;, java.version: &#039;17.0.9&#039;
Driver info: org.openqa.selenium.chrome.ChromeDriver
Command: [3c2759f97ef9f81ab36f8d5ae897c5d7, clickElement {id=f.00F59C16B12ED84D3FE1AA77268741C7.d.9B89222A7CD8038649E2AF2FC82D156A.e.51538}]
Capabilities {acceptInsecureCerts: false, browserName: chrome, browserVersion: 131.0.6778.141, chrome: {chromedriverVersion: 131.0.6778.204 (52183f9e99a..., userDataDir: C:\Users\BHUPESH\AppData\Lo...}, fedcm:accounts: true, goog:chromeOptions: {debuggerAddress: localhost:52426}, networkConnectionEnabled: false, pageLoadStrategy: normal, platformName: windows, proxy: Proxy(), se:cdp: ws://localhost:52426/devtoo..., se:cdpVersion: 131.0.6778.141, setWindowRect: true, strictFileInteractability: false, timeouts: {implicit: 0, pageLoad: 300000, script: 30000}, unhandledPromptBehavior: dismiss and notify, webauthn:extension:credBlob: true, webauthn:extension:largeBlob: true, webauthn:extension:minPinLength: true, webauthn:extension:prf: true, webauthn:virtualAuthenticators: true}
Element: [[ChromeDriver: chrome on windows (3c2759f97ef9f81ab36f8d5ae897c5d7)] -&gt; xpath: //a[@href=&quot;http://live.retteralarm.de/admin/Alarms/index&quot;]]
Session ID: 3c2759f97ef9f81ab36f8d5ae897c5d7" type="org.openqa.selenium.ElementNotInteractableException">
      <![CDATA[org.openqa.selenium.ElementNotInteractableException: element not interactable
  (Session info: chrome=131.0.6778.141)
Build info: version: '4.17.0', revision: 'e52b1be057*'
System info: os.name: 'Windows 11', os.arch: 'amd64', os.version: '10.0', java.version: '17.0.9'
Driver info: org.openqa.selenium.chrome.ChromeDriver
Command: [3c2759f97ef9f81ab36f8d5ae897c5d7, clickElement {id=f.00F59C16B12ED84D3FE1AA77268741C7.d.9B89222A7CD8038649E2AF2FC82D156A.e.51538}]
Capabilities {acceptInsecureCerts: false, browserName: chrome, browserVersion: 131.0.6778.141, chrome: {chromedriverVersion: 131.0.6778.204 (52183f9e99a..., userDataDir: C:\Users\BHUPESH\AppData\Lo...}, fedcm:accounts: true, goog:chromeOptions: {debuggerAddress: localhost:52426}, networkConnectionEnabled: false, pageLoadStrategy: normal, platformName: windows, proxy: Proxy(), se:cdp: ws://localhost:52426/devtoo..., se:cdpVersion: 131.0.6778.141, setWindowRect: true, strictFileInteractability: false, timeouts: {implicit: 0, pageLoad: 300000, script: 30000}, unhandledPromptBehavior: dismiss and notify, webauthn:extension:credBlob: true, webauthn:extension:largeBlob: true, webauthn:extension:minPinLength: true, webauthn:extension:prf: true, webauthn:virtualAuthenticators: true}
Element: [[ChromeDriver: chrome on windows (3c2759f97ef9f81ab36f8d5ae897c5d7)] -> xpath: //a[@href="http://live.retteralarm.de/admin/Alarms/index"]]
Session ID: 3c2759f97ef9f81ab36f8d5ae897c5d7
at java.base/jdk.internal.reflect.NativeConstructorAccessorImpl.newInstance0(Native Method)
at java.base/jdk.internal.reflect.NativeConstructorAccessorImpl.newInstance(NativeConstructorAccessorImpl.java:77)
at java.base/jdk.internal.reflect.DelegatingConstructorAccessorImpl.newInstance(DelegatingConstructorAccessorImpl.java:45)
at java.base/java.lang.reflect.Constructor.newInstanceWithCaller(Constructor.java:499)
at java.base/java.lang.reflect.Constructor.newInstance(Constructor.java:480)
at org.openqa.selenium.remote.codec.w3c.W3CHttpResponseCodec.createException(W3CHttpResponseCodec.java:185)
at org.openqa.selenium.remote.codec.w3c.W3CHttpResponseCodec.decode(W3CHttpResponseCodec.java:134)
at org.openqa.selenium.remote.codec.w3c.W3CHttpResponseCodec.decode(W3CHttpResponseCodec.java:51)
at org.openqa.selenium.remote.HttpCommandExecutor.execute(HttpCommandExecutor.java:190)
at org.openqa.selenium.remote.service.DriverCommandExecutor.invokeExecute(DriverCommandExecutor.java:216)
at org.openqa.selenium.remote.service.DriverCommandExecutor.execute(DriverCommandExecutor.java:174)
at org.openqa.selenium.remote.RemoteWebDriver.execute(RemoteWebDriver.java:519)
at org.openqa.selenium.remote.RemoteWebElement.execute(RemoteWebElement.java:223)
at org.openqa.selenium.remote.RemoteWebElement.click(RemoteWebElement.java:76)
at jdk.internal.reflect.GeneratedMethodAccessor1.invoke(Unknown Source)
at java.base/jdk.internal.reflect.DelegatingMethodAccessorImpl.invoke(DelegatingMethodAccessorImpl.java:43)
at java.base/java.lang.reflect.Method.invoke(Method.java:568)
at org.openqa.selenium.support.pagefactory.internal.LocatingElementHandler.invoke(LocatingElementHandler.java:51)
at jdk.proxy2/jdk.proxy2.$Proxy18.click(Unknown Source)
at live_functions.E_manualAlarm.manualAlarmCommon(E_manualAlarm.java:197)
at live_functions.A_testClass_dailyCheckPointList.extendAlarmToSecondStation(A_testClass_dailyCheckPointList.java:968)
at java.base/jdk.internal.reflect.NativeMethodAccessorImpl.invoke0(Native Method)
at java.base/jdk.internal.reflect.NativeMethodAccessorImpl.invoke(NativeMethodAccessorImpl.java:77)
at java.base/jdk.internal.reflect.DelegatingMethodAccessorImpl.invoke(DelegatingMethodAccessorImpl.java:43)
at java.base/java.lang.reflect.Method.invoke(Method.java:568)
at org.testng.internal.invokers.MethodInvocationHelper.invokeMethod(MethodInvocationHelper.java:139)
at org.testng.internal.invokers.TestInvoker.invokeMethod(TestInvoker.java:664)
at org.testng.internal.invokers.TestInvoker.invokeTestMethod(TestInvoker.java:228)
at org.testng.internal.invokers.MethodRunner.runInSequence(MethodRunner.java:63)
at org.testng.internal.invokers.TestInvoker$MethodInvocationAgent.invoke(TestInvoker.java:961)
at org.testng.internal.invokers.TestInvoker.invokeTestMethods(TestInvoker.java:201)
at org.testng.internal.invokers.TestMethodWorker.invokeTestMethods(TestMethodWorker.java:148)
at org.testng.internal.invokers.TestMethodWorker.run(TestMethodWorker.java:128)
at java.base/java.util.ArrayList.forEach(ArrayList.java:1511)
at org.testng.TestRunner.privateRun(TestRunner.java:819)
at org.testng.TestRunner.run(TestRunner.java:619)
at org.testng.SuiteRunner.runTest(SuiteRunner.java:443)
at org.testng.SuiteRunner.runSequentially(SuiteRunner.java:437)
at org.testng.SuiteRunner.privateRun(SuiteRunner.java:397)
at org.testng.SuiteRunner.run(SuiteRunner.java:336)
at org.testng.SuiteRunnerWorker.runSuite(SuiteRunnerWorker.java:52)
at org.testng.SuiteRunnerWorker.run(SuiteRunnerWorker.java:95)
at org.testng.TestNG.runSuitesSequentially(TestNG.java:1301)
at org.testng.TestNG.runSuitesLocally(TestNG.java:1228)
at org.testng.TestNG.runSuites(TestNG.java:1134)
at org.testng.TestNG.run(TestNG.java:1101)
at org.testng.remote.AbstractRemoteTestNG.run(AbstractRemoteTestNG.java:115)
at org.testng.remote.RemoteTestNG.initAndRun(RemoteTestNG.java:251)
at org.testng.remote.RemoteTestNG.main(RemoteTestNG.java:77)
]]>
    </error>
    <system-out>
      <![CDATA[ 
The process of extend alarm is started.]]>
    </system-out>
  </testcase> <!-- extendAlarmToSecondStation -->
  <testcase classname="live_functions.A_testClass_dailyCheckPointList" name="createInfoEventByResource" time="29.407">
    <system-out>
      <![CDATA[ 
The process of create info-event by resource is started.
The process of create info-event by resource is complete.
 ]]>
    </system-out>
  </testcase> <!-- createInfoEventByResource -->
  <testcase classname="live_functions.A_testClass_dailyCheckPointList" name="addFirefighterForNewStation06" time="128.753">
    <system-out>
      <![CDATA[ 
The process of add fire fighter is started.
basic detailas save successfully.
user role save successfully.
permission save successfully.
adding atrribute successfully.
adding resource successfully.
user details
User first name > ghatole
User last name > ff-1
User mail id > dghatole.ff1@atpl.in
  
basic detailas save successfully.
user role save successfully.
permission save successfully.
adding atrribute successfully.
adding resource successfully.
user details
User first name > ghatole
User last name > ff-2
User mail id > dghatole.ff2@atpl.in
  
The process of add fire fighter is complete.
 ]]>
    </system-out>
  </testcase> <!-- addFirefighterForNewStation06 -->
  <testcase classname="live_functions.A_testClass_dailyCheckPointList" name="createTestAlarmByAttributeOneTime" time="22.043">
    <error message="element click intercepted: Element &lt;a href=&quot;http://live.retteralarm.de/admin/TestAlarms/test_list&quot;&gt;...&lt;/a&gt; is not clickable at point (125, 19). Other element would receive the click: &lt;nav class=&quot;navbar navbar-static-top&quot;&gt;...&lt;/nav&gt;
  (Session info: chrome=131.0.6778.141)
Build info: version: &#039;4.17.0&#039;, revision: &#039;e52b1be057*&#039;
System info: os.name: &#039;Windows 11&#039;, os.arch: &#039;amd64&#039;, os.version: &#039;10.0&#039;, java.version: &#039;17.0.9&#039;
Driver info: org.openqa.selenium.chrome.ChromeDriver
Command: [3c2759f97ef9f81ab36f8d5ae897c5d7, clickElement {id=f.00F59C16B12ED84D3FE1AA77268741C7.d.13C129C5989DA7AA88F6236FEB4A7629.e.140424}]
Capabilities {acceptInsecureCerts: false, browserName: chrome, browserVersion: 131.0.6778.141, chrome: {chromedriverVersion: 131.0.6778.204 (52183f9e99a..., userDataDir: C:\Users\BHUPESH\AppData\Lo...}, fedcm:accounts: true, goog:chromeOptions: {debuggerAddress: localhost:52426}, networkConnectionEnabled: false, pageLoadStrategy: normal, platformName: windows, proxy: Proxy(), se:cdp: ws://localhost:52426/devtoo..., se:cdpVersion: 131.0.6778.141, setWindowRect: true, strictFileInteractability: false, timeouts: {implicit: 0, pageLoad: 300000, script: 30000}, unhandledPromptBehavior: dismiss and notify, webauthn:extension:credBlob: true, webauthn:extension:largeBlob: true, webauthn:extension:minPinLength: true, webauthn:extension:prf: true, webauthn:virtualAuthenticators: true}
Element: [[ChromeDriver: chrome on windows (3c2759f97ef9f81ab36f8d5ae897c5d7)] -&gt; xpath: //a[@href=&quot;http://live.retteralarm.de/admin/TestAlarms/test_list&quot;]]
Session ID: 3c2759f97ef9f81ab36f8d5ae897c5d7" type="org.openqa.selenium.ElementClickInterceptedException">
      <![CDATA[org.openqa.selenium.ElementClickInterceptedException: element click intercepted: Element <a href="http://live.retteralarm.de/admin/TestAlarms/test_list">...</a> is not clickable at point (125, 19). Other element would receive the click: <nav class="navbar navbar-static-top">...</nav>
  (Session info: chrome=131.0.6778.141)
Build info: version: '4.17.0', revision: 'e52b1be057*'
System info: os.name: 'Windows 11', os.arch: 'amd64', os.version: '10.0', java.version: '17.0.9'
Driver info: org.openqa.selenium.chrome.ChromeDriver
Command: [3c2759f97ef9f81ab36f8d5ae897c5d7, clickElement {id=f.00F59C16B12ED84D3FE1AA77268741C7.d.13C129C5989DA7AA88F6236FEB4A7629.e.140424}]
Capabilities {acceptInsecureCerts: false, browserName: chrome, browserVersion: 131.0.6778.141, chrome: {chromedriverVersion: 131.0.6778.204 (52183f9e99a..., userDataDir: C:\Users\BHUPESH\AppData\Lo...}, fedcm:accounts: true, goog:chromeOptions: {debuggerAddress: localhost:52426}, networkConnectionEnabled: false, pageLoadStrategy: normal, platformName: windows, proxy: Proxy(), se:cdp: ws://localhost:52426/devtoo..., se:cdpVersion: 131.0.6778.141, setWindowRect: true, strictFileInteractability: false, timeouts: {implicit: 0, pageLoad: 300000, script: 30000}, unhandledPromptBehavior: dismiss and notify, webauthn:extension:credBlob: true, webauthn:extension:largeBlob: true, webauthn:extension:minPinLength: true, webauthn:extension:prf: true, webauthn:virtualAuthenticators: true}
Element: [[ChromeDriver: chrome on windows (3c2759f97ef9f81ab36f8d5ae897c5d7)] -> xpath: //a[@href="http://live.retteralarm.de/admin/TestAlarms/test_list"]]
Session ID: 3c2759f97ef9f81ab36f8d5ae897c5d7
at java.base/jdk.internal.reflect.NativeConstructorAccessorImpl.newInstance0(Native Method)
at java.base/jdk.internal.reflect.NativeConstructorAccessorImpl.newInstance(NativeConstructorAccessorImpl.java:77)
at java.base/jdk.internal.reflect.DelegatingConstructorAccessorImpl.newInstance(DelegatingConstructorAccessorImpl.java:45)
at java.base/java.lang.reflect.Constructor.newInstanceWithCaller(Constructor.java:499)
at java.base/java.lang.reflect.Constructor.newInstance(Constructor.java:480)
at org.openqa.selenium.remote.codec.w3c.W3CHttpResponseCodec.createException(W3CHttpResponseCodec.java:185)
at org.openqa.selenium.remote.codec.w3c.W3CHttpResponseCodec.decode(W3CHttpResponseCodec.java:134)
at org.openqa.selenium.remote.codec.w3c.W3CHttpResponseCodec.decode(W3CHttpResponseCodec.java:51)
at org.openqa.selenium.remote.HttpCommandExecutor.execute(HttpCommandExecutor.java:190)
at org.openqa.selenium.remote.service.DriverCommandExecutor.invokeExecute(DriverCommandExecutor.java:216)
at org.openqa.selenium.remote.service.DriverCommandExecutor.execute(DriverCommandExecutor.java:174)
at org.openqa.selenium.remote.RemoteWebDriver.execute(RemoteWebDriver.java:519)
at org.openqa.selenium.remote.RemoteWebElement.execute(RemoteWebElement.java:223)
at org.openqa.selenium.remote.RemoteWebElement.click(RemoteWebElement.java:76)
at jdk.internal.reflect.GeneratedMethodAccessor1.invoke(Unknown Source)
at java.base/jdk.internal.reflect.DelegatingMethodAccessorImpl.invoke(DelegatingMethodAccessorImpl.java:43)
at java.base/java.lang.reflect.Method.invoke(Method.java:568)
at org.openqa.selenium.support.pagefactory.internal.LocatingElementHandler.invoke(LocatingElementHandler.java:51)
at jdk.proxy2/jdk.proxy2.$Proxy18.click(Unknown Source)
at live_functions.H_testAlarm.testAlarmCommon(H_testAlarm.java:177)
at live_functions.A_testClass_dailyCheckPointList.createTestAlarmByAttributeOneTime(A_testClass_dailyCheckPointList.java:787)
at java.base/jdk.internal.reflect.NativeMethodAccessorImpl.invoke0(Native Method)
at java.base/jdk.internal.reflect.NativeMethodAccessorImpl.invoke(NativeMethodAccessorImpl.java:77)
at java.base/jdk.internal.reflect.DelegatingMethodAccessorImpl.invoke(DelegatingMethodAccessorImpl.java:43)
at java.base/java.lang.reflect.Method.invoke(Method.java:568)
at org.testng.internal.invokers.MethodInvocationHelper.invokeMethod(MethodInvocationHelper.java:139)
at org.testng.internal.invokers.TestInvoker.invokeMethod(TestInvoker.java:664)
at org.testng.internal.invokers.TestInvoker.invokeTestMethod(TestInvoker.java:228)
at org.testng.internal.invokers.MethodRunner.runInSequence(MethodRunner.java:63)
at org.testng.internal.invokers.TestInvoker$MethodInvocationAgent.invoke(TestInvoker.java:961)
at org.testng.internal.invokers.TestInvoker.invokeTestMethods(TestInvoker.java:201)
at org.testng.internal.invokers.TestMethodWorker.invokeTestMethods(TestMethodWorker.java:148)
at org.testng.internal.invokers.TestMethodWorker.run(TestMethodWorker.java:128)
at java.base/java.util.ArrayList.forEach(ArrayList.java:1511)
at org.testng.TestRunner.privateRun(TestRunner.java:819)
at org.testng.TestRunner.run(TestRunner.java:619)
at org.testng.SuiteRunner.runTest(SuiteRunner.java:443)
at org.testng.SuiteRunner.runSequentially(SuiteRunner.java:437)
at org.testng.SuiteRunner.privateRun(SuiteRunner.java:397)
at org.testng.SuiteRunner.run(SuiteRunner.java:336)
at org.testng.SuiteRunnerWorker.runSuite(SuiteRunnerWorker.java:52)
at org.testng.SuiteRunnerWorker.run(SuiteRunnerWorker.java:95)
at org.testng.TestNG.runSuitesSequentially(TestNG.java:1301)
at org.testng.TestNG.runSuitesLocally(TestNG.java:1228)
at org.testng.TestNG.runSuites(TestNG.java:1134)
at org.testng.TestNG.run(TestNG.java:1101)
at org.testng.remote.AbstractRemoteTestNG.run(AbstractRemoteTestNG.java:115)
at org.testng.remote.RemoteTestNG.initAndRun(RemoteTestNG.java:251)
at org.testng.remote.RemoteTestNG.main(RemoteTestNG.java:77)
]]>
    </error>
    <system-out>
      <![CDATA[ 
The process of creating a test alarm by attribute with remindar one time is started.]]>
    </system-out>
  </testcase> <!-- createTestAlarmByAttributeOneTime -->
  <testcase classname="live_functions.A_testClass_dailyCheckPointList" name="sendMessageChatGrouCreatedByResource" time="21.745">
    <system-out>
      <![CDATA[ 
The process of sending message to a chat group created by Resource is started.
The process of sending message to a chat group created by Resource is complete.
 ]]>
    </system-out>
  </testcase> <!-- sendMessageChatGrouCreatedByResource -->
  <testcase classname="live_functions.A_testClass_dailyCheckPointList" name="cretecalendarEventResourceSchedule" time="30.606">
    <system-out>
      <![CDATA[ 
The process of create calendar event by resource is started.
calendar event by attribute from-19-12-2024151342 to 19-12-2024153442
The process of create calendar event by resource is complete.
 ]]>
    </system-out>
  </testcase> <!-- cretecalendarEventResourceSchedule -->
  <testcase classname="live_functions.A_testClass_dailyCheckPointList" name="createInformationByAttribute" time="32.141">
    <system-out>
      <![CDATA[ 
The process of creating information by attribute is started.
The process of creating information by attribute is complete.
 ]]>
    </system-out>
  </testcase> <!-- createInformationByAttribute -->
  <testcase classname="live_functions.A_testClass_dailyCheckPointList" name="createInfoEventByFighterSchedule" time="38.196">
    <system-out>
      <![CDATA[ 
The process of create info-event schedule by firefighter is started.
info-event created for 20-12-2024 > 14:12 to 14:27
The process of create info-event schedule by firefighter is complete.
 ]]>
    </system-out>
  </testcase> <!-- createInfoEventByFighterSchedule -->
  <testcase classname="live_functions.A_testClass_dailyCheckPointList" name="createInformationByFirefighter" time="25.521">
    <system-out>
      <![CDATA[ 
The process of creating information by firefighter is started.
The process of creating information by firefighter is complete.
 ]]>
    </system-out>
  </testcase> <!-- createInformationByFirefighter -->
  <testcase classname="live_functions.A_testClass_dailyCheckPointList" name="extendLowPriorityAlarmFrom07To06ByAttribute" time="76.940">
    <system-out>
      <![CDATA[ 
The process of create low priority alarm from stataion 06 and extend to station 07 is started.
The create low priority alarm from stataion 06 and extend to station 07 is complete.
 ]]>
    </system-out>
  </testcase> <!-- extendLowPriorityAlarmFrom07To06ByAttribute -->
  <testcase classname="live_functions.A_testClass_dailyCheckPointList" name="createNormalCheckList" time="33.321">
    <system-out>
      <![CDATA[ 
The process of creating normal check list is started.
Normal check list number-1 is added sucessfully.
Normal check list number-2 is added sucessfully.
The process of creating normal check list is complete.
 ]]>
    </system-out>
  </testcase> <!-- createNormalCheckList -->
  <testcase classname="live_functions.A_testClass_dailyCheckPointList" name="createManualAlarmByEscalationResource" time="25.575">
    <system-out>
      <![CDATA[ 
The process of creating a manual alarm by escaltion resource is started.
The process of creating a manual alarm by escaltion resource is complete.
 ]]>
    </system-out>
  </testcase> <!-- createManualAlarmByEscalationResource -->
  <testcase classname="live_functions.A_testClass_dailyCheckPointList" name="sendmessageToAlarmUser" time="52.066">
    <system-out>
      <![CDATA[ 
The Process of send message to user is started.
image attached properly
pdf attached properly
word file attached properly
The Process of send message to user is complete.
 ]]>
    </system-out>
  </testcase> <!-- sendmessageToAlarmUser -->
  <testcase classname="live_functions.A_testClass_dailyCheckPointList" name="createMonitorInformation01" time="28.509">
    <system-out>
      <![CDATA[ 
The process of creating information 1 from 14:09 to 14:15 for monitor is started.
The process of creating information 1 for monitor is complete.
 ]]>
    </system-out>
  </testcase> <!-- createMonitorInformation01 -->
  <testcase classname="live_functions.A_testClass_dailyCheckPointList" name="addVehicleUserForStation06" time="49.974">
    <system-out>
      <![CDATA[ 
The process of add new vehicle for station 06 is started.
vehicle Bhupesh+adst06V1newDaily@atinatechnology.in added successfully.
vehicle Bhupesh+adst06V2newDaily@atinatechnology.in added successfully.
The process of aadd new vehicle for station 06 is complete.
 ]]>
    </system-out>
  </testcase> <!-- addVehicleUserForStation06 -->
  <testcase classname="live_functions.A_testClass_dailyCheckPointList" name="createChatgroupByAlarmloop" time="26.070">
    <system-out>
      <![CDATA[ 
The process of creating chat group by alarm loop is started.
The process of creating chat group by alarm loop is complete.
 ]]>
    </system-out>
  </testcase> <!-- createChatgroupByAlarmloop -->
  <testcase classname="live_functions.A_testClass_dailyCheckPointList" name="createChatgroupByResource" time="25.366">
    <system-out>
      <![CDATA[ 
The process of creating chat group by resource is started.
The process of creating chat group by resource is complete.
 ]]>
    </system-out>
  </testcase> <!-- createChatgroupByResource -->
  <testcase classname="live_functions.A_testClass_dailyCheckPointList" name="createAvailabilityRequestSendSchedule" time="29.279">
    <system-out>
      <![CDATA[ 
The process of create availability request > schedule is started.
Availability request schedule>19-12-2024-14:12
The process of create availability request > schedule is complete.
 ]]>
    </system-out>
  </testcase> <!-- createAvailabilityRequestSendSchedule -->
  <testcase classname="live_functions.A_testClass_dailyCheckPointList" name="createResource" time="16.011">
    <system-out>
      <![CDATA[ 
The process of adding new resource is started.
BG:Resorce-1912_135314> added successfully
The process of adding new resource is complete.
 ]]>
    </system-out>
  </testcase> <!-- createResource -->
  <testcase classname="live_functions.A_testClass_dailyCheckPointList" name="createManualAlarmByResource" time="29.787">
    <system-out>
      <![CDATA[ 
The process of creating a manual alarm by resource is started.
The process of creating a manual alarm by resource is complete.
 ]]>
    </system-out>
  </testcase> <!-- createManualAlarmByResource -->
  <testcase classname="live_functions.A_testClass_dailyCheckPointList" name="CreateAttributeForDepartment" time="21.681">
    <system-out>
      <![CDATA[ 
The process of creating attribute is started.
BG:Attri>1912135314>added successfully
The process of creating attribute is is complete.
 ]]>
    </system-out>
  </testcase> <!-- CreateAttributeForDepartment -->
  <testcase classname="live_functions.A_testClass_dailyCheckPointList" name="createAvailabilityRequestSendImmediat" time="38.969">
    <system-out>
      <![CDATA[ 
The process of create availability request > send imediate is started.
The process of create availability request > send imediate is complete.
 ]]>
    </system-out>
  </testcase> <!-- createAvailabilityRequestSendImmediat -->
  <testcase classname="live_functions.A_testClass_dailyCheckPointList" name="createTestAlarmByAttributeRecursiveMontlyDateWise" time="15.940">
    <error message="element not interactable
  (Session info: chrome=131.0.6778.141)
Build info: version: &#039;4.17.0&#039;, revision: &#039;e52b1be057*&#039;
System info: os.name: &#039;Windows 11&#039;, os.arch: &#039;amd64&#039;, os.version: &#039;10.0&#039;, java.version: &#039;17.0.9&#039;
Driver info: org.openqa.selenium.chrome.ChromeDriver
Command: [3c2759f97ef9f81ab36f8d5ae897c5d7, clickElement {id=f.00F59C16B12ED84D3FE1AA77268741C7.d.A657CC1492001F3901C306DD9B2BA692.e.196718}]
Capabilities {acceptInsecureCerts: false, browserName: chrome, browserVersion: 131.0.6778.141, chrome: {chromedriverVersion: 131.0.6778.204 (52183f9e99a..., userDataDir: C:\Users\BHUPESH\AppData\Lo...}, fedcm:accounts: true, goog:chromeOptions: {debuggerAddress: localhost:52426}, networkConnectionEnabled: false, pageLoadStrategy: normal, platformName: windows, proxy: Proxy(), se:cdp: ws://localhost:52426/devtoo..., se:cdpVersion: 131.0.6778.141, setWindowRect: true, strictFileInteractability: false, timeouts: {implicit: 0, pageLoad: 300000, script: 30000}, unhandledPromptBehavior: dismiss and notify, webauthn:extension:credBlob: true, webauthn:extension:largeBlob: true, webauthn:extension:minPinLength: true, webauthn:extension:prf: true, webauthn:virtualAuthenticators: true}
Element: [[ChromeDriver: chrome on windows (3c2759f97ef9f81ab36f8d5ae897c5d7)] -&gt; xpath: //a[@href=&quot;http://live.retteralarm.de/admin/TestAlarms/test_list&quot;]]
Session ID: 3c2759f97ef9f81ab36f8d5ae897c5d7" type="org.openqa.selenium.ElementNotInteractableException">
      <![CDATA[org.openqa.selenium.ElementNotInteractableException: element not interactable
  (Session info: chrome=131.0.6778.141)
Build info: version: '4.17.0', revision: 'e52b1be057*'
System info: os.name: 'Windows 11', os.arch: 'amd64', os.version: '10.0', java.version: '17.0.9'
Driver info: org.openqa.selenium.chrome.ChromeDriver
Command: [3c2759f97ef9f81ab36f8d5ae897c5d7, clickElement {id=f.00F59C16B12ED84D3FE1AA77268741C7.d.A657CC1492001F3901C306DD9B2BA692.e.196718}]
Capabilities {acceptInsecureCerts: false, browserName: chrome, browserVersion: 131.0.6778.141, chrome: {chromedriverVersion: 131.0.6778.204 (52183f9e99a..., userDataDir: C:\Users\BHUPESH\AppData\Lo...}, fedcm:accounts: true, goog:chromeOptions: {debuggerAddress: localhost:52426}, networkConnectionEnabled: false, pageLoadStrategy: normal, platformName: windows, proxy: Proxy(), se:cdp: ws://localhost:52426/devtoo..., se:cdpVersion: 131.0.6778.141, setWindowRect: true, strictFileInteractability: false, timeouts: {implicit: 0, pageLoad: 300000, script: 30000}, unhandledPromptBehavior: dismiss and notify, webauthn:extension:credBlob: true, webauthn:extension:largeBlob: true, webauthn:extension:minPinLength: true, webauthn:extension:prf: true, webauthn:virtualAuthenticators: true}
Element: [[ChromeDriver: chrome on windows (3c2759f97ef9f81ab36f8d5ae897c5d7)] -> xpath: //a[@href="http://live.retteralarm.de/admin/TestAlarms/test_list"]]
Session ID: 3c2759f97ef9f81ab36f8d5ae897c5d7
at java.base/jdk.internal.reflect.NativeConstructorAccessorImpl.newInstance0(Native Method)
at java.base/jdk.internal.reflect.NativeConstructorAccessorImpl.newInstance(NativeConstructorAccessorImpl.java:77)
at java.base/jdk.internal.reflect.DelegatingConstructorAccessorImpl.newInstance(DelegatingConstructorAccessorImpl.java:45)
at java.base/java.lang.reflect.Constructor.newInstanceWithCaller(Constructor.java:499)
at java.base/java.lang.reflect.Constructor.newInstance(Constructor.java:480)
at org.openqa.selenium.remote.codec.w3c.W3CHttpResponseCodec.createException(W3CHttpResponseCodec.java:185)
at org.openqa.selenium.remote.codec.w3c.W3CHttpResponseCodec.decode(W3CHttpResponseCodec.java:134)
at org.openqa.selenium.remote.codec.w3c.W3CHttpResponseCodec.decode(W3CHttpResponseCodec.java:51)
at org.openqa.selenium.remote.HttpCommandExecutor.execute(HttpCommandExecutor.java:190)
at org.openqa.selenium.remote.service.DriverCommandExecutor.invokeExecute(DriverCommandExecutor.java:216)
at org.openqa.selenium.remote.service.DriverCommandExecutor.execute(DriverCommandExecutor.java:174)
at org.openqa.selenium.remote.RemoteWebDriver.execute(RemoteWebDriver.java:519)
at org.openqa.selenium.remote.RemoteWebElement.execute(RemoteWebElement.java:223)
at org.openqa.selenium.remote.RemoteWebElement.click(RemoteWebElement.java:76)
at jdk.internal.reflect.GeneratedMethodAccessor1.invoke(Unknown Source)
at java.base/jdk.internal.reflect.DelegatingMethodAccessorImpl.invoke(DelegatingMethodAccessorImpl.java:43)
at java.base/java.lang.reflect.Method.invoke(Method.java:568)
at org.openqa.selenium.support.pagefactory.internal.LocatingElementHandler.invoke(LocatingElementHandler.java:51)
at jdk.proxy2/jdk.proxy2.$Proxy18.click(Unknown Source)
at live_functions.H_testAlarm.testAlarmCommon(H_testAlarm.java:177)
at live_functions.A_testClass_dailyCheckPointList.createTestAlarmByAttributeRecursiveMontlyDateWise(A_testClass_dailyCheckPointList.java:867)
at java.base/jdk.internal.reflect.NativeMethodAccessorImpl.invoke0(Native Method)
at java.base/jdk.internal.reflect.NativeMethodAccessorImpl.invoke(NativeMethodAccessorImpl.java:77)
at java.base/jdk.internal.reflect.DelegatingMethodAccessorImpl.invoke(DelegatingMethodAccessorImpl.java:43)
at java.base/java.lang.reflect.Method.invoke(Method.java:568)
at org.testng.internal.invokers.MethodInvocationHelper.invokeMethod(MethodInvocationHelper.java:139)
at org.testng.internal.invokers.TestInvoker.invokeMethod(TestInvoker.java:664)
at org.testng.internal.invokers.TestInvoker.invokeTestMethod(TestInvoker.java:228)
at org.testng.internal.invokers.MethodRunner.runInSequence(MethodRunner.java:63)
at org.testng.internal.invokers.TestInvoker$MethodInvocationAgent.invoke(TestInvoker.java:961)
at org.testng.internal.invokers.TestInvoker.invokeTestMethods(TestInvoker.java:201)
at org.testng.internal.invokers.TestMethodWorker.invokeTestMethods(TestMethodWorker.java:148)
at org.testng.internal.invokers.TestMethodWorker.run(TestMethodWorker.java:128)
at java.base/java.util.ArrayList.forEach(ArrayList.java:1511)
at org.testng.TestRunner.privateRun(TestRunner.java:819)
at org.testng.TestRunner.run(TestRunner.java:619)
at org.testng.SuiteRunner.runTest(SuiteRunner.java:443)
at org.testng.SuiteRunner.runSequentially(SuiteRunner.java:437)
at org.testng.SuiteRunner.privateRun(SuiteRunner.java:397)
at org.testng.SuiteRunner.run(SuiteRunner.java:336)
at org.testng.SuiteRunnerWorker.runSuite(SuiteRunnerWorker.java:52)
at org.testng.SuiteRunnerWorker.run(SuiteRunnerWorker.java:95)
at org.testng.TestNG.runSuitesSequentially(TestNG.java:1301)
at org.testng.TestNG.runSuitesLocally(TestNG.java:1228)
at org.testng.TestNG.runSuites(TestNG.java:1134)
at org.testng.TestNG.run(TestNG.java:1101)
at org.testng.remote.AbstractRemoteTestNG.run(AbstractRemoteTestNG.java:115)
at org.testng.remote.RemoteTestNG.initAndRun(RemoteTestNG.java:251)
at org.testng.remote.RemoteTestNG.main(RemoteTestNG.java:77)
]]>
    </error>
    <system-out>
      <![CDATA[ 
The process of creating a test alarm by alarm loop 2 with remindar recursive > monthly > date wise is started.]]>
    </system-out>
  </testcase> <!-- createTestAlarmByAttributeRecursiveMontlyDateWise -->
  <testcase classname="live_functions.A_testClass_dailyCheckPointList" name="createInfoEventByFirefighter" time="33.739">
    <system-out>
      <![CDATA[ 
The process of create info-event by firefighter is started.
The process of create info-event by firefighter is complete.
 ]]>
    </system-out>
  </testcase> <!-- createInfoEventByFirefighter -->
  <testcase classname="live_functions.A_testClass_dailyCheckPointList" name="createStormAlarm" time="45.151">
    <system-out>
      <![CDATA[ 
The process of create new storm is started.
The process of create new storm is complete.
 
The process of extend storm is started.
The process of extend storm is complete.
 ]]>
    </system-out>
  </testcase> <!-- createStormAlarm -->
  <testcase classname="live_functions.A_testClass_dailyCheckPointList" name="createInfoEventByResourceSchedule" time="33.533">
    <system-out>
      <![CDATA[ 
The process of create info-event schedule by resource is started.
info-event created for 15:00 to 15:26
The process of create info-event schedule by attribute is complete.
 ]]>
    </system-out>
  </testcase> <!-- createInfoEventByResourceSchedule -->
  <testcase classname="live_functions.A_testClass_dailyCheckPointList" name="userDetails" time="4.255">
    <system-out>
      <![CDATA[ 
Department user # 6039-DE-andrew-deptu-2 # log in sucessfully
 ]]>
    </system-out>
  </testcase> <!-- userDetails -->
  <testcase classname="live_functions.A_testClass_dailyCheckPointList" name="createAlamTemplate" time="32.407">
    <system-out>
      <![CDATA[ 
The process of adding new alarm template is started.
Alarm Template> BG-Template-1912_135314 adde successfully.
The process of adding new alarm template is complete.
 ]]>
    </system-out>
  </testcase> <!-- createAlamTemplate -->
  <testcase classname="live_functions.A_testClass_dailyCheckPointList" name="createManualAlarmByAttribute" time="16.019">
    <error message="element not interactable
  (Session info: chrome=131.0.6778.141)
Build info: version: &#039;4.17.0&#039;, revision: &#039;e52b1be057*&#039;
System info: os.name: &#039;Windows 11&#039;, os.arch: &#039;amd64&#039;, os.version: &#039;10.0&#039;, java.version: &#039;17.0.9&#039;
Driver info: org.openqa.selenium.chrome.ChromeDriver
Command: [3c2759f97ef9f81ab36f8d5ae897c5d7, clickElement {id=f.00F59C16B12ED84D3FE1AA77268741C7.d.F2D14F3D2BA92223ABB4DAA68A40220F.e.8111}]
Capabilities {acceptInsecureCerts: false, browserName: chrome, browserVersion: 131.0.6778.141, chrome: {chromedriverVersion: 131.0.6778.204 (52183f9e99a..., userDataDir: C:\Users\BHUPESH\AppData\Lo...}, fedcm:accounts: true, goog:chromeOptions: {debuggerAddress: localhost:52426}, networkConnectionEnabled: false, pageLoadStrategy: normal, platformName: windows, proxy: Proxy(), se:cdp: ws://localhost:52426/devtoo..., se:cdpVersion: 131.0.6778.141, setWindowRect: true, strictFileInteractability: false, timeouts: {implicit: 0, pageLoad: 300000, script: 30000}, unhandledPromptBehavior: dismiss and notify, webauthn:extension:credBlob: true, webauthn:extension:largeBlob: true, webauthn:extension:minPinLength: true, webauthn:extension:prf: true, webauthn:virtualAuthenticators: true}
Element: [[ChromeDriver: chrome on windows (3c2759f97ef9f81ab36f8d5ae897c5d7)] -&gt; xpath: //a[@href=&quot;http://live.retteralarm.de/admin/Alarms/index&quot;]]
Session ID: 3c2759f97ef9f81ab36f8d5ae897c5d7" type="org.openqa.selenium.ElementNotInteractableException">
      <![CDATA[org.openqa.selenium.ElementNotInteractableException: element not interactable
  (Session info: chrome=131.0.6778.141)
Build info: version: '4.17.0', revision: 'e52b1be057*'
System info: os.name: 'Windows 11', os.arch: 'amd64', os.version: '10.0', java.version: '17.0.9'
Driver info: org.openqa.selenium.chrome.ChromeDriver
Command: [3c2759f97ef9f81ab36f8d5ae897c5d7, clickElement {id=f.00F59C16B12ED84D3FE1AA77268741C7.d.F2D14F3D2BA92223ABB4DAA68A40220F.e.8111}]
Capabilities {acceptInsecureCerts: false, browserName: chrome, browserVersion: 131.0.6778.141, chrome: {chromedriverVersion: 131.0.6778.204 (52183f9e99a..., userDataDir: C:\Users\BHUPESH\AppData\Lo...}, fedcm:accounts: true, goog:chromeOptions: {debuggerAddress: localhost:52426}, networkConnectionEnabled: false, pageLoadStrategy: normal, platformName: windows, proxy: Proxy(), se:cdp: ws://localhost:52426/devtoo..., se:cdpVersion: 131.0.6778.141, setWindowRect: true, strictFileInteractability: false, timeouts: {implicit: 0, pageLoad: 300000, script: 30000}, unhandledPromptBehavior: dismiss and notify, webauthn:extension:credBlob: true, webauthn:extension:largeBlob: true, webauthn:extension:minPinLength: true, webauthn:extension:prf: true, webauthn:virtualAuthenticators: true}
Element: [[ChromeDriver: chrome on windows (3c2759f97ef9f81ab36f8d5ae897c5d7)] -> xpath: //a[@href="http://live.retteralarm.de/admin/Alarms/index"]]
Session ID: 3c2759f97ef9f81ab36f8d5ae897c5d7
at java.base/jdk.internal.reflect.NativeConstructorAccessorImpl.newInstance0(Native Method)
at java.base/jdk.internal.reflect.NativeConstructorAccessorImpl.newInstance(NativeConstructorAccessorImpl.java:77)
at java.base/jdk.internal.reflect.DelegatingConstructorAccessorImpl.newInstance(DelegatingConstructorAccessorImpl.java:45)
at java.base/java.lang.reflect.Constructor.newInstanceWithCaller(Constructor.java:499)
at java.base/java.lang.reflect.Constructor.newInstance(Constructor.java:480)
at org.openqa.selenium.remote.codec.w3c.W3CHttpResponseCodec.createException(W3CHttpResponseCodec.java:185)
at org.openqa.selenium.remote.codec.w3c.W3CHttpResponseCodec.decode(W3CHttpResponseCodec.java:134)
at org.openqa.selenium.remote.codec.w3c.W3CHttpResponseCodec.decode(W3CHttpResponseCodec.java:51)
at org.openqa.selenium.remote.HttpCommandExecutor.execute(HttpCommandExecutor.java:190)
at org.openqa.selenium.remote.service.DriverCommandExecutor.invokeExecute(DriverCommandExecutor.java:216)
at org.openqa.selenium.remote.service.DriverCommandExecutor.execute(DriverCommandExecutor.java:174)
at org.openqa.selenium.remote.RemoteWebDriver.execute(RemoteWebDriver.java:519)
at org.openqa.selenium.remote.RemoteWebElement.execute(RemoteWebElement.java:223)
at org.openqa.selenium.remote.RemoteWebElement.click(RemoteWebElement.java:76)
at java.base/jdk.internal.reflect.NativeMethodAccessorImpl.invoke0(Native Method)
at java.base/jdk.internal.reflect.NativeMethodAccessorImpl.invoke(NativeMethodAccessorImpl.java:77)
at java.base/jdk.internal.reflect.DelegatingMethodAccessorImpl.invoke(DelegatingMethodAccessorImpl.java:43)
at java.base/java.lang.reflect.Method.invoke(Method.java:568)
at org.openqa.selenium.support.pagefactory.internal.LocatingElementHandler.invoke(LocatingElementHandler.java:51)
at jdk.proxy2/jdk.proxy2.$Proxy18.click(Unknown Source)
at live_functions.E_manualAlarm.manualAlarmCommon(E_manualAlarm.java:197)
at live_functions.A_testClass_dailyCheckPointList.createManualAlarmByAttribute(A_testClass_dailyCheckPointList.java:883)
at java.base/jdk.internal.reflect.NativeMethodAccessorImpl.invoke0(Native Method)
at java.base/jdk.internal.reflect.NativeMethodAccessorImpl.invoke(NativeMethodAccessorImpl.java:77)
at java.base/jdk.internal.reflect.DelegatingMethodAccessorImpl.invoke(DelegatingMethodAccessorImpl.java:43)
at java.base/java.lang.reflect.Method.invoke(Method.java:568)
at org.testng.internal.invokers.MethodInvocationHelper.invokeMethod(MethodInvocationHelper.java:139)
at org.testng.internal.invokers.TestInvoker.invokeMethod(TestInvoker.java:664)
at org.testng.internal.invokers.TestInvoker.invokeTestMethod(TestInvoker.java:228)
at org.testng.internal.invokers.MethodRunner.runInSequence(MethodRunner.java:63)
at org.testng.internal.invokers.TestInvoker$MethodInvocationAgent.invoke(TestInvoker.java:961)
at org.testng.internal.invokers.TestInvoker.invokeTestMethods(TestInvoker.java:201)
at org.testng.internal.invokers.TestMethodWorker.invokeTestMethods(TestMethodWorker.java:148)
at org.testng.internal.invokers.TestMethodWorker.run(TestMethodWorker.java:128)
at java.base/java.util.ArrayList.forEach(ArrayList.java:1511)
at org.testng.TestRunner.privateRun(TestRunner.java:819)
at org.testng.TestRunner.run(TestRunner.java:619)
at org.testng.SuiteRunner.runTest(SuiteRunner.java:443)
at org.testng.SuiteRunner.runSequentially(SuiteRunner.java:437)
at org.testng.SuiteRunner.privateRun(SuiteRunner.java:397)
at org.testng.SuiteRunner.run(SuiteRunner.java:336)
at org.testng.SuiteRunnerWorker.runSuite(SuiteRunnerWorker.java:52)
at org.testng.SuiteRunnerWorker.run(SuiteRunnerWorker.java:95)
at org.testng.TestNG.runSuitesSequentially(TestNG.java:1301)
at org.testng.TestNG.runSuitesLocally(TestNG.java:1228)
at org.testng.TestNG.runSuites(TestNG.java:1134)
at org.testng.TestNG.run(TestNG.java:1101)
at org.testng.remote.AbstractRemoteTestNG.run(AbstractRemoteTestNG.java:115)
at org.testng.remote.RemoteTestNG.initAndRun(RemoteTestNG.java:251)
at org.testng.remote.RemoteTestNG.main(RemoteTestNG.java:77)
]]>
    </error>
    <system-out>
      <![CDATA[ 
The process of creating a manual alarm by attribute is started.]]>
    </system-out>
  </testcase> <!-- createManualAlarmByAttribute -->
  <testcase classname="live_functions.A_testClass_dailyCheckPointList" name="createAlarmCheckList" time="31.864">
    <system-out>
      <![CDATA[ 
The process of creating alarm check list is started.
Alarm check list number-1 is added sucessfully.
Alarm check list number-2 is added sucessfully.
The process of creating alarm check list is complete.
 ]]>
    </system-out>
  </testcase> <!-- createAlarmCheckList -->
  <testcase classname="live_functions.A_testClass_dailyCheckPointList" name="sendMessageChatGrouCreatedByFirefighter" time="21.113">
    <system-out>
      <![CDATA[ 
The process of sending message to a chat group created by Firefighter is started.
The process of sending message to a chat group created by Firefighter is complete.
 ]]>
    </system-out>
  </testcase> <!-- sendMessageChatGrouCreatedByFirefighter -->
  <testcase classname="live_functions.A_testClass_dailyCheckPointList" name="createPermissionGroupDefaultStation" time="63.294">
    <system-out>
      <![CDATA[ 
The process of creating permission group for default station is started.
BG-Station defalult permission group-1912135314-1
BG-Station defalult permission group-1912135314-2
The process of creating permission group for default station is complete.
 ]]>
    </system-out>
  </testcase> <!-- createPermissionGroupDefaultStation -->
  <testcase classname="live_functions.A_testClass_dailyCheckPointList" name="sendmessageToTestAlarmUsers" time="15.622">
    <system-out>
      <![CDATA[ 
The process of send message to test alarm user is started
The process of send message to test alarm user is complete.
 ]]>
    </system-out>
  </testcase> <!-- sendmessageToTestAlarmUsers -->
  <testcase classname="live_functions.A_testClass_dailyCheckPointList" name="createInfoEventByAttribute" time="29.938">
    <system-out>
      <![CDATA[ 
The process of create info-event by attribute is started.
The process of create info-event by attribute is complete.
 ]]>
    </system-out>
  </testcase> <!-- createInfoEventByAttribute -->
  <testcase classname="live_functions.A_testClass_dailyCheckPointList" name="createTestAlarmByAttributeRecursivedaily" time="36.394">
    <system-out>
      <![CDATA[ 
The process of creating a test alarm by resource with remindar recursive > daily is started.
test alarm created for >19.12.2024-14:02
The process of creating a test alarm by resource with remindar recursive > daily is complete.
 ]]>
    </system-out>
  </testcase> <!-- createTestAlarmByAttributeRecursivedaily -->
  <testcase classname="live_functions.A_testClass_dailyCheckPointList" name="createChatgroupByFirefighter" time="22.710">
    <system-out>
      <![CDATA[ 
The process of creating chat group by fire fightr is started.
The process of creating chat group by fire fightr is complete.
 ]]>
    </system-out>
  </testcase> <!-- createChatgroupByFirefighter -->
  <testcase classname="live_functions.A_testClass_dailyCheckPointList" name="SendmessagetoARUsers" time="23.538">
    <system-out>
      <![CDATA[ 
The process of send message to availability request users is started.
The process of csend message to availability request users is complete.
 ]]>
    </system-out>
  </testcase> <!-- SendmessagetoARUsers -->
  <testcase classname="live_functions.A_testClass_dailyCheckPointList" name="cretecalendarEventFirefighterSchedule" time="33.243">
    <system-out>
      <![CDATA[ 
The process of create calendar event by Firefighter is started.
calendar event by firefighter from-20-12-2024141413 to 19-12-2024142913
The process of create calendar event by Firefighter is complete.
 ]]>
    </system-out>
  </testcase> <!-- cretecalendarEventFirefighterSchedule -->
  <testcase classname="live_functions.A_testClass_dailyCheckPointList" name="sendmessageToinfoEventUsers" time="18.386">
    <system-out>
      <![CDATA[ 
The process of send message to info-event users is started.
The process of send message to info-event users is started is complete.
 ]]>
    </system-out>
  </testcase> <!-- sendmessageToinfoEventUsers -->
  <testcase classname="live_functions.A_testClass_dailyCheckPointList" name="lowPriorityAlarmWithEscalationResource" time="26.657">
    <system-out>
      <![CDATA[ 
The process of creating low priority alarm with escalation resource is started.
The create creating low priority alarm with escalation resource is complete.
 ]]>
    </system-out>
  </testcase> <!-- lowPriorityAlarmWithEscalationResource -->
  <testcase classname="live_functions.A_testClass_dailyCheckPointList" name="createTestAlarmByAttributeRecursiveWeekly" time="53.632">
    <system-out>
      <![CDATA[ 
The process of creating a test alarm by fire fighter with remindar recursive > weekly is started.
test alarm created for >19.12.2024-14:08
The process of creating a test alarm by fire fighter with remindar recursive > weekly is complete.
 ]]>
    </system-out>
  </testcase> <!-- createTestAlarmByAttributeRecursiveWeekly -->
  <testcase classname="live_functions.A_testClass_dailyCheckPointList" name="createInfoEventByAttributeSchedule" time="31.899">
    <system-out>
      <![CDATA[ 
The process of create info-event schedule by attribute is started.
info-event created for 14:11 to 14:26
The process of create info-event schedule by attribute is complete.
 ]]>
    </system-out>
  </testcase> <!-- createInfoEventByAttributeSchedule -->
  <testcase classname="live_functions.A_testClass_dailyCheckPointList" name="createLowPriorityManualAlarmByAttribute" time="46.393">
    <system-out>
      <![CDATA[ 
The process of creating low priority manual alarm by attribute is started.
The process of creating low priority manual alarm by attribute is complete.
 ]]>
    </system-out>
  </testcase> <!-- createLowPriorityManualAlarmByAttribute -->
  <testcase classname="live_functions.A_testClass_dailyCheckPointList" name="sendMessageChatGrouCreatedByAlarmLoop" time="22.311">
    <system-out>
      <![CDATA[ 
The process of sending message to a chat group created by AlarmLoop is started.
The process of sending message to a chat group created by AlarmLoop is complete.
 ]]>
    </system-out>
  </testcase> <!-- sendMessageChatGrouCreatedByAlarmLoop -->
  <testcase classname="live_functions.A_testClass_dailyCheckPointList" name="createAvailabilityRequestSendRecursive" time="38.589">
    <system-out>
      <![CDATA[ 
The process of create availability request > recursive is started.
Availability request recursive >19-12-2024-Thursday-14:12
The process of create availability request > recursive is complete.
 ]]>
    </system-out>
  </testcase> <!-- createAvailabilityRequestSendRecursive -->
  <testcase classname="live_functions.A_testClass_dailyCheckPointList" name="sendMessageChatGrouCreatedByAttribute" time="23.067">
    <system-out>
      <![CDATA[ 
The process of sending message to a chat group created by attribute is started.
The process of sending message to a chat group created by attribute is complete.
 ]]>
    </system-out>
  </testcase> <!-- sendMessageChatGrouCreatedByAttribute -->
  <testcase classname="live_functions.A_testClass_dailyCheckPointList" name="createChatgroupByAttribute" time="29.542">
    <system-out>
      <![CDATA[ 
The process of creating chat group by attribute is started.
The process of creating chat group by attribute is complete.
 ]]>
    </system-out>
  </testcase> <!-- createChatgroupByAttribute -->
  <testcase classname="live_functions.A_testClass_dailyCheckPointList" name="createAlamLoop" time="16.913">
    <system-out>
      <![CDATA[ 
The process of adding new alarm loop is started.
Alarm Loop >BG:AlarmLoop-1912_135314 added successfully.
The process of adding new alarm loop is complete.
 ]]>
    </system-out>
  </testcase> <!-- createAlamLoop -->
  <testcase classname="live_functions.A_testClass_dailyCheckPointList" name="createMonitorInformation02" time="26.788">
    <system-out>
      <![CDATA[ 
The process of creating information 2 from 14:08 to 14:23 for monitor is started.
The process of creating information 2 for monitor is complete.
 ]]>
    </system-out>
  </testcase> <!-- createMonitorInformation02 -->
  <testcase classname="live_functions.A_testClass_dailyCheckPointList" name="extendAlarmFrom07To06ByAttribute" time="81.955">
    <system-out>
      <![CDATA[ 
The process of create alarm from stataion 06 and extend to station 07 is started.
The create alarm from stataion 06 and extend to station 07 is complete.
 ]]>
    </system-out>
  </testcase> <!-- extendAlarmFrom07To06ByAttribute -->
  <testcase classname="live_functions.A_testClass_dailyCheckPointList" name="sendmessageToinfoUsers" time="15.092">
    <system-out>
      <![CDATA[ 
The process of send message to information users is started.
The process of send message to information users is started is complete.
 ]]>
    </system-out>
  </testcase> <!-- sendmessageToinfoUsers -->
  <testcase classname="live_functions.A_testClass_dailyCheckPointList" name="addStationUserForStation06" time="37.118">
    <system-out>
      <![CDATA[ 
The process of add station user is started.
basic detailas save successfully.
adding role save successfully.
user details
User first name >ghatole
User last name > NewStUser
User mail id > ghatole.NewStUser@atpl.in
The process of add station uers is complete.
 ]]>
    </system-out>
  </testcase> <!-- addStationUserForStation06 -->
  <testcase classname="live_functions.A_testClass_dailyCheckPointList" name="addEventCategory" time="23.955">
    <system-out>
      <![CDATA[ 
The process of adding new event category is started.
 BG-EventCategoty-1912_135314 added successfully.
The process of new event category is complete.
 ]]>
    </system-out>
  </testcase> <!-- addEventCategory -->
  <testcase classname="live_functions.A_testClass_dailyCheckPointList" name="detailsAboutScript" time="6.627">
    <system-out>
      <![CDATA[ 
Login  date-19-12-2024 & login  time -13:53
Logout date-19-12-2024 & logout time -14:25
 ]]>
    </system-out>
  </testcase> <!-- detailsAboutScript -->
  <testcase classname="live_functions.A_testClass_dailyCheckPointList" name="createAvailabilityRequestSendMultipleDays" time="49.084">
    <system-out>
      <![CDATA[ 
The process of create availability request > multiple days is started.
Availability request recursive >19-12-2024-14:12
Availability request recursive >19-12-2024-14:04
Availability request recursive >19-12-2024-14:08
The process of create availability request > multiple days is complete.
 ]]>
    </system-out>
  </testcase> <!-- createAvailabilityRequestSendMultipleDays -->
  <testcase classname="live_functions.A_testClass_dailyCheckPointList" name="createManualAlarmByFireFighte" time="45.905">
    <system-out>
      <![CDATA[ 
The process of creating a manual alarm by firefighter is started.
The process of creating a manual alarm by firefighter is complete.
 ]]>
    </system-out>
  </testcase> <!-- createManualAlarmByFireFighte -->
  <testcase classname="live_functions.A_testClass_dailyCheckPointList" name="testAlarmByRecursiveMonthlyDayWise" time="35.599">
    <system-out>
      <![CDATA[ 
The process of creating a test alarm by alarm loop 1 with remindar recirsive > monthly > day wise is started.
test alarm created for >19.12.2024-14:09
The process of creating a test alarm by alarm loop 2 with remindar recirsive > monthly > day wise is complete.
 ]]>
    </system-out>
  </testcase> <!-- testAlarmByRecursiveMonthlyDayWise -->
  <testcase classname="live_functions.A_testClass_dailyCheckPointList" name="createInformationByResource" time="23.805">
    <system-out>
      <![CDATA[ 
The process of creating information by resource is started.
The process of creating information by resource is complete.
 ]]>
    </system-out>
  </testcase> <!-- createInformationByResource -->
  <system-out>
    <![CDATA[Hello, Daily check point checking process of 1 has started.-19.12.2024>13:53
 
Todays is 3 Thursday of this month.
 
 
Department user # 6039-DE-andrew-deptu-2 # log in sucessfully
 
 
The process of creating a manual alarm by attribute is started.
 
The process of creating a manual alarm by resource is started.
The process of creating a manual alarm by resource is complete.
 
 
The process of creating a manual alarm by firefighter is started.
The process of creating a manual alarm by firefighter is complete.
 
 
The process of creating a manual alarm by escaltion resource is started.
The process of creating a manual alarm by escaltion resource is complete.
 
 
The process of creating low priority manual alarm by attribute is started.
The process of creating low priority manual alarm by attribute is complete.
 
 
The process of extend alarm is started.
 
The process of create new storm is started.
The process of create new storm is complete.
 
The process of extend storm is started.
The process of extend storm is complete.
 
 
The process of create alarm from stataion 06 and extend to station 07 is started.
The create alarm from stataion 06 and extend to station 07 is complete.
 
 
The process of create low priority alarm from stataion 06 and extend to station 07 is started.
The create low priority alarm from stataion 06 and extend to station 07 is complete.
 
 
The process of creating low priority alarm with escalation resource is started.
The create creating low priority alarm with escalation resource is complete.
 
 
The Process of send message to user is started.
image attached properly
pdf attached properly
word file attached properly
The Process of send message to user is complete.
 
 
The process of creating a test alarm by attribute with remindar one time is started.
 
The process of creating a test alarm by resource with remindar recursive > daily is started.
test alarm created for >19.12.2024-14:02
The process of creating a test alarm by resource with remindar recursive > daily is complete.
 
 
The process of creating a test alarm by fire fighter with remindar recursive > weekly is started.
test alarm created for >19.12.2024-14:08
The process of creating a test alarm by fire fighter with remindar recursive > weekly is complete.
 
 
The process of creating a test alarm by alarm loop 1 with remindar recirsive > monthly > day wise is started.
test alarm created for >19.12.2024-14:09
The process of creating a test alarm by alarm loop 2 with remindar recirsive > monthly > day wise is complete.
 
 
The process of creating a test alarm by alarm loop 2 with remindar recursive > monthly > date wise is started.
 
The process of creating information 1 from 14:09 to 14:15 for monitor is started.
The process of creating information 1 for monitor is complete.
 
 
The process of creating information 2 from 14:08 to 14:23 for monitor is started.
The process of creating information 2 for monitor is complete.
 
 
The process of create info-event schedule by attribute is started.
info-event created for 14:11 to 14:26
The process of create info-event schedule by attribute is complete.
 
 
The process of create info-event schedule by resource is started.
info-event created for 15:00 to 15:26
The process of create info-event schedule by attribute is complete.
 
 
The process of create info-event schedule by firefighter is started.
info-event created for 20-12-2024 > 14:12 to 14:27
The process of create info-event schedule by firefighter is complete.
 
 
The process of create calendar event by attribute is started.
calendar event by attribute from-19-12-2024141311 to 19-12-2024142811
The process of create calendar event by attribute is complete.
 
 
The process of create calendar event by resource is started.
calendar event by attribute from-19-12-2024151342 to 19-12-2024153442
The process of create calendar event by resource is complete.
 
 
The process of create calendar event by Firefighter is started.
calendar event by firefighter from-20-12-2024141413 to 19-12-2024142913
The process of create calendar event by Firefighter is complete.
 
 
The process of create availability request > send imediate is started.
The process of create availability request > send imediate is complete.
 
 
The process of create availability request > schedule is started.
Availability request schedule>19-12-2024-14:12
The process of create availability request > schedule is complete.
 
 
The process of create availability request > recursive is started.
Availability request recursive >19-12-2024-Thursday-14:12
The process of create availability request > recursive is complete.
 
 
The process of create availability request > multiple days is started.
Availability request recursive >19-12-2024-14:12
Availability request recursive >19-12-2024-14:04
Availability request recursive >19-12-2024-14:08
The process of create availability request > multiple days is complete.
 
 
The process of creating information by attribute is started.
The process of creating information by attribute is complete.
 
 
The process of creating information by resource is started.
The process of creating information by resource is complete.
 
 
The process of creating information by firefighter is started.
The process of creating information by firefighter is complete.
 
 
The process of create info-event by attribute is started.
The process of create info-event by attribute is complete.
 
 
The process of create info-event by resource is started.
The process of create info-event by resource is complete.
 
 
The process of create info-event by firefighter is started.
The process of create info-event by firefighter is complete.
 
 
The process of creating chat group by attribute is started.
The process of creating chat group by attribute is complete.
 
 
The process of creating chat group by resource is started.
The process of creating chat group by resource is complete.
 
 
The process of creating chat group by fire fightr is started.
The process of creating chat group by fire fightr is complete.
 
 
The process of creating chat group by alarm loop is started.
The process of creating chat group by alarm loop is complete.
 
 
The process of creating normal check list is started.
Normal check list number-1 is added sucessfully.
Normal check list number-2 is added sucessfully.
The process of creating normal check list is complete.
 
 
The process of creating alarm check list is started.
Alarm check list number-1 is added sucessfully.
Alarm check list number-2 is added sucessfully.
The process of creating alarm check list is complete.
 
 
The process of send message to availability request users is started.
The process of csend message to availability request users is complete.
 
 
The process of send message to information users is started.
The process of send message to information users is started is complete.
 
 
The process of send message to info-event users is started.
The process of send message to info-event users is started is complete.
 
 
The process of send message to test alarm user is started
The process of send message to test alarm user is complete.
 
 
The process of sending message to a chat group created by attribute is started.
The process of sending message to a chat group created by attribute is complete.
 
 
The process of sending message to a chat group created by Resource is started.
The process of sending message to a chat group created by Resource is complete.
 
 
The process of sending message to a chat group created by Firefighter is started.
The process of sending message to a chat group created by Firefighter is complete.
 
 
The process of sending message to a chat group created by AlarmLoop is started.
The process of sending message to a chat group created by AlarmLoop is complete.
 
 
The process of add station user is started.
basic detailas save successfully.
adding role save successfully.
user details
User first name >ghatole
User last name > NewStUser
User mail id > ghatole.NewStUser@atpl.in
The process of add station uers is complete.
 
 
The process of add fire fighter is started.
basic detailas save successfully.
user role save successfully.
permission save successfully.
adding atrribute successfully.
adding resource successfully.
user details
User first name > ghatole
User last name > ff-1
User mail id > dghatole.ff1@atpl.in
  
basic detailas save successfully.
user role save successfully.
permission save successfully.
adding atrribute successfully.
adding resource successfully.
user details
User first name > ghatole
User last name > ff-2
User mail id > dghatole.ff2@atpl.in
  
The process of add fire fighter is complete.
 
 
The process of add new vehicle for station 06 is started.
vehicle Bhupesh+adst06V1newDaily@atinatechnology.in added successfully.
vehicle Bhupesh+adst06V2newDaily@atinatechnology.in added successfully.
The process of aadd new vehicle for station 06 is complete.
 
 
The process of creating permission group for default station is started.
BG-Station defalult permission group-1912135314-1
BG-Station defalult permission group-1912135314-2
The process of creating permission group for default station is complete.
 
 
The process of creating attribute is started.
BG:Attri>1912135314>added successfully
The process of creating attribute is is complete.
 
 
The process of adding new resource is started.
BG:Resorce-1912_135314> added successfully
The process of adding new resource is complete.
 
 
The process of adding new alarm loop is started.
Alarm Loop >BG:AlarmLoop-1912_135314 added successfully.
The process of adding new alarm loop is complete.
 
 
The process of adding new alarm template is started.
Alarm Template> BG-Template-1912_135314 adde successfully.
The process of adding new alarm template is complete.
 
 
The process of adding new event category is started.
 BG-EventCategoty-1912_135314 added successfully.
The process of new event category is complete.
 
 
Login  date-19-12-2024 & login  time -13:53
Logout date-19-12-2024 & logout time -14:25
 
Logout sucessfully.
 
Refresh the URL before successfully closing the browser.
Browser close sucessfully.
 ]]>
  </system-out>
</testsuite> <!-- live_functions.A_testClass_dailyCheckPointList -->
