<?xml version="1.0" encoding="UTF-8"?>
<!-- Generated by org.testng.reporters.JUnitReportReporter -->
<testsuite hostname="DESKTOP-T6L47BI" failures="0" tests="4" name="live_functions.A_testClass_dailyCheckPointList" time="245.503" errors="0" timestamp="2025-07-03T13:35:54 IST" skipped="1">
  <testcase classname="live_functions.A_testClass_dailyCheckPointList" name="cretecalendarEventAttributeSchedule" time="53.335">
    <system-out>
      <![CDATA[ 
The process of create calendar event by attribute is started.
calendar event by attribute from-03.07.2025100857 to 03.07.2025102357
The process of create calendar event by attribute is complete.
 ]]>
    </system-out>
  </testcase> <!-- cretecalendarEventAttributeSchedule -->
  <testcase classname="live_functions.A_testClass_dailyCheckPointList" name="addStationUserForStation06" time="38.851">
    <skipped/>
    <system-out>
      <![CDATA[ 
The process of add station user is started.]]>
    </system-out>
  </testcase> <!-- addStationUserForStation06 -->
  <testcase classname="live_functions.A_testClass_dailyCheckPointList" name="cretecalendarEventFirefighterSchedule" time="54.093">
    <system-out>
      <![CDATA[ 
The process of create calendar event by Firefighter is started.
calendar event by firefighter from-04-07-2025101208 to 03-07-2025102708
The process of create calendar event by Firefighter is complete.
 ]]>
    </system-out>
  </testcase> <!-- cretecalendarEventFirefighterSchedule -->
  <testcase classname="live_functions.A_testClass_dailyCheckPointList" name="createInfoEventByAttributeSchedule" time="99.224">
    <system-out>
      <![CDATA[ 
The process of create info-event schedule by attribute is started.
info-event created for 10:09 to 10:24
The process of create info-event schedule by attribute is complete.
 ]]>
    </system-out>
  </testcase> <!-- createInfoEventByAttributeSchedule -->
  <system-out>
    <![CDATA[Hello, Daily check point checking process of 1 has started.-03.07.2025>10:01
 
Todays is 1 Thursday of this month.
 
 
The process of create calendar event by attribute is started.
calendar event by attribute from-03.07.2025100857 to 03.07.2025102357
The process of create calendar event by attribute is complete.
 
 
The process of create info-event schedule by attribute is started.
info-event created for 10:09 to 10:24
The process of create info-event schedule by attribute is complete.
 
 
The process of add station user is started.
 
The process of create calendar event by Firefighter is started.
calendar event by firefighter from-04-07-2025101208 to 03-07-2025102708
The process of create calendar event by Firefighter is complete.
 
Logout sucessfully.
 
Refresh the URL before successfully closing the browser.
Browser close sucessfully.
 ]]>
  </system-out>
</testsuite> <!-- live_functions.A_testClass_dailyCheckPointList -->
