<?xml version="1.0" encoding="UTF-8"?>
<!-- Generated by org.testng.reporters.JUnitReportReporter -->
<testsuite hostname="DESKTOP-T6L47BI" failures="0" tests="3" name="live_functions.AAA_testClass_delete" time="35.976" errors="0" timestamp="2024-12-17T16:07:19 IST" skipped="0">
  <testcase classname="live_functions.AAA_testClass_delete" name="userDetails" time="5.252">
    <system-out>
      <![CDATA[ 
live department user # 914-IN-U11-U011-1 # log in sucessfully
 ]]>
    </system-out>
  </testcase> <!-- userDetails -->
  <testcase classname="live_functions.AAA_testClass_delete" name="deleteVehicleUser" time="27.284">
    <system-out>
      <![CDATA[ 
The process of delete vehicle is started.
the availabe vehicle count is  2in the list for delete.
vehicle number-1
vehicle number-2
The process ofdelete vehicle is complete.
 ]]>
    </system-out>
  </testcase> <!-- deleteVehicleUser -->
  <testcase classname="live_functions.AAA_testClass_delete" name="detailsAboutScript" time="3.440">
    <system-out>
      <![CDATA[ 
Login  date-17.12.2024 & login  time -11:36
Logout date-17-12-2024 & logout time -11:37
 ]]>
    </system-out>
  </testcase> <!-- detailsAboutScript -->
  <system-out>
    <![CDATA[Hello,2 branch deleting process has started.-17.12.2024>11:36
 
 
live department user # 914-IN-U11-U011-1 # log in sucessfully
 
 
The process of delete vehicle is started.
the availabe vehicle count is  2in the list for delete.
vehicle number-1
vehicle number-2
The process ofdelete vehicle is complete.
 
 
Login  date-17.12.2024 & login  time -11:36
Logout date-17-12-2024 & logout time -11:37
 
Logout sucessfully.
 
Browser close sucessfully.
 ]]>
  </system-out>
</testsuite> <!-- live_functions.AAA_testClass_delete -->
