<?xml version="1.0" encoding="UTF-8"?>
<!-- Generated by org.testng.reporters.JUnitReportReporter -->
<testsuite hostname="DESKTOP-T6L47BI" failures="0" tests="25" name="live_functions.A_testClass_dailyCheckPointList" time="921.938" errors="0" timestamp="2024-11-29T11:18:44 IST" skipped="0">
  <testcase classname="live_functions.A_testClass_dailyCheckPointList" name="createInfoEventByAttributeSchedule" time="26.366">
    <system-out>
      <![CDATA[ 
The process of create info-event schedule by attribute is started.
info-event created for 06:49 to 07:04
The process of create info-event schedule by attribute is complete.
 ]]>
    </system-out>
  </testcase> <!-- createInfoEventByAttributeSchedule -->
  <testcase classname="live_functions.A_testClass_dailyCheckPointList" name="userDetails" time="3.680">
    <system-out>
      <![CDATA[ 
Department user # 6039-DE-andrew-deptu-2 # log in sucessfully
 ]]>
    </system-out>
  </testcase> <!-- userDetails -->
  <testcase classname="live_functions.A_testClass_dailyCheckPointList" name="lowPriorityAlarmWithEscalationResource" time="27.299">
    <system-out>
      <![CDATA[ 
The process of creating low priority alarm with escalation resource is started.
The create creating low priority alarm with escalation resource is complete.
 ]]>
    </system-out>
  </testcase> <!-- lowPriorityAlarmWithEscalationResource -->
  <testcase classname="live_functions.A_testClass_dailyCheckPointList" name="sendmessageToinfoEventUsers" time="36.082">
    <system-out>
      <![CDATA[ 
The process of send message to info-event users is started.
The process of send message to info-event users is started is complete.
 ]]>
    </system-out>
  </testcase> <!-- sendmessageToinfoEventUsers -->
  <testcase classname="live_functions.A_testClass_dailyCheckPointList" name="SendmessagetoARUsers" time="21.198">
    <system-out>
      <![CDATA[ 
The process of send message to availability request users is started.
The process of csend message to availability request users is complete.
 ]]>
    </system-out>
  </testcase> <!-- SendmessagetoARUsers -->
  <testcase classname="live_functions.A_testClass_dailyCheckPointList" name="sendmessageToTestAlarmUsers" time="24.839">
    <system-out>
      <![CDATA[ 
The process of send message to test alarm user is started
The process of send message to test alarm user is complete.
 ]]>
    </system-out>
  </testcase> <!-- sendmessageToTestAlarmUsers -->
  <testcase classname="live_functions.A_testClass_dailyCheckPointList" name="createManualAlarmByAttribute" time="47.528">
    <system-out>
      <![CDATA[ 
The process of creating a manual alarm by attribute is started.
The process of creating a manual alarm by attribute is complete.
 ]]>
    </system-out>
  </testcase> <!-- createManualAlarmByAttribute -->
  <testcase classname="live_functions.A_testClass_dailyCheckPointList" name="createChatgroupByAttribute" time="39.450">
    <system-out>
      <![CDATA[ 
The process of creating chat group by attribute is started.
The process of creating chat group by attribute is complete.
 ]]>
    </system-out>
  </testcase> <!-- createChatgroupByAttribute -->
  <testcase classname="live_functions.A_testClass_dailyCheckPointList" name="extendAlarmToSecondStation" time="38.232">
    <system-out>
      <![CDATA[ 
The process of extend alarm is started.
The process of extend alarm is complete.
 ]]>
    </system-out>
  </testcase> <!-- extendAlarmToSecondStation -->
  <testcase classname="live_functions.A_testClass_dailyCheckPointList" name="extendLowPriorityAlarmFrom07To06ByAttribute" time="76.959">
    <system-out>
      <![CDATA[ 
The process of create low priority alarm from stataion 06 and extend to station 07 is started.
The create low priority alarm from stataion 06 and extend to station 07 is complete.
 ]]>
    </system-out>
  </testcase> <!-- extendLowPriorityAlarmFrom07To06ByAttribute -->
  <testcase classname="live_functions.A_testClass_dailyCheckPointList" name="createInformationByAttribute" time="45.096">
    <system-out>
      <![CDATA[ 
The process of creating information by attribute is started.
The process of creating information by attribute is complete.
 ]]>
    </system-out>
  </testcase> <!-- createInformationByAttribute -->
  <testcase classname="live_functions.A_testClass_dailyCheckPointList" name="sendMessageChatGrouCreatedByAttribute" time="31.188">
    <system-out>
      <![CDATA[ 
The process of sending message to a chat group created by attribute is started.
The process of sending message to a chat group created by attribute is complete.
 ]]>
    </system-out>
  </testcase> <!-- sendMessageChatGrouCreatedByAttribute -->
  <testcase classname="live_functions.A_testClass_dailyCheckPointList" name="cretecalendarEventAttributeSchedule" time="33.285">
    <system-out>
      <![CDATA[ 
The process of create calendar event by attribute is started.
calendar event by attribute from-29-11-2024064957 to 29-11-2024070457
The process of create calendar event by attribute is complete.
 ]]>
    </system-out>
  </testcase> <!-- cretecalendarEventAttributeSchedule -->
  <testcase classname="live_functions.A_testClass_dailyCheckPointList" name="sendmessageToAlarmUser" time="52.485">
    <system-out>
      <![CDATA[ 
The Process of send message to user is started.
image attached properly
pdf attached properly
word file attached properly
The Process of send message to user is complete.
 ]]>
    </system-out>
  </testcase> <!-- sendmessageToAlarmUser -->
  <testcase classname="live_functions.A_testClass_dailyCheckPointList" name="detailsAboutScript" time="8.067">
    <system-out>
      <![CDATA[ 
Login  date-29-11-2024 & login  time -06:33
Logout date-29-11-2024 & logout time -06:48
 ]]>
    </system-out>
  </testcase> <!-- detailsAboutScript -->
  <testcase classname="live_functions.A_testClass_dailyCheckPointList" name="createManualAlarmByResource" time="29.991">
    <system-out>
      <![CDATA[ 
The process of creating a manual alarm by resource is started.
The process of creating a manual alarm by resource is complete.
 ]]>
    </system-out>
  </testcase> <!-- createManualAlarmByResource -->
  <testcase classname="live_functions.A_testClass_dailyCheckPointList" name="createManualAlarmByFireFighte" time="47.941">
    <system-out>
      <![CDATA[ 
The process of creating a manual alarm by firefighter is started.
The process of creating a manual alarm by firefighter is complete.
 ]]>
    </system-out>
  </testcase> <!-- createManualAlarmByFireFighte -->
  <testcase classname="live_functions.A_testClass_dailyCheckPointList" name="sendmessageToinfoUsers" time="21.461">
    <system-out>
      <![CDATA[ 
The process of send message to information users is started.
The process of send message to information users is started is complete.
 ]]>
    </system-out>
  </testcase> <!-- sendmessageToinfoUsers -->
  <testcase classname="live_functions.A_testClass_dailyCheckPointList" name="createAvailabilityRequestSendImmediat" time="31.559">
    <system-out>
      <![CDATA[ 
The process of create availability request > send imediate is started.
The process of create availability request > send imediate is complete.
 ]]>
    </system-out>
  </testcase> <!-- createAvailabilityRequestSendImmediat -->
  <testcase classname="live_functions.A_testClass_dailyCheckPointList" name="createInfoEventByAttribute" time="34.946">
    <system-out>
      <![CDATA[ 
The process of create info-event by attribute is started.
The process of create info-event by attribute is complete.
 ]]>
    </system-out>
  </testcase> <!-- createInfoEventByAttribute -->
  <testcase classname="live_functions.A_testClass_dailyCheckPointList" name="createManualAlarmByEscalationResource" time="33.809">
    <system-out>
      <![CDATA[ 
The process of creating a manual alarm by escaltion resource is started.
The process of creating a manual alarm by escaltion resource is complete.
 ]]>
    </system-out>
  </testcase> <!-- createManualAlarmByEscalationResource -->
  <testcase classname="live_functions.A_testClass_dailyCheckPointList" name="createLowPriorityManualAlarmByAttribute" time="41.585">
    <system-out>
      <![CDATA[ 
The process of creating low priority manual alarm by attribute is started.
The process of creating low priority manual alarm by attribute is complete.
 ]]>
    </system-out>
  </testcase> <!-- createLowPriorityManualAlarmByAttribute -->
  <testcase classname="live_functions.A_testClass_dailyCheckPointList" name="createStormAlarm" time="36.501">
    <system-out>
      <![CDATA[ 
The process of create new storm is started.
The process of create new storm is complete.
 
The process of extend storm is started.
The process of extend storm is complete.
 ]]>
    </system-out>
  </testcase> <!-- createStormAlarm -->
  <testcase classname="live_functions.A_testClass_dailyCheckPointList" name="createTestAlarmByAttributeOneTime" time="48.868">
    <system-out>
      <![CDATA[ 
The process of creating a test alarm by attribute with remindar one time is started.
test alarm created for >29.11.2024-06:44
The process of creating a test alarm by attribute with remindar one time is complete.
 ]]>
    </system-out>
  </testcase> <!-- createTestAlarmByAttributeOneTime -->
  <testcase classname="live_functions.A_testClass_dailyCheckPointList" name="extendAlarmFrom07To06ByAttribute" time="83.523">
    <system-out>
      <![CDATA[ 
The process of create alarm from stataion 06 and extend to station 07 is started.
The create alarm from stataion 06 and extend to station 07 is complete.
 ]]>
    </system-out>
  </testcase> <!-- extendAlarmFrom07To06ByAttribute -->
  <system-out>
    <![CDATA[Hello, Daily check point checking process of live has started.-29.11.2024>06:33
 
Todays is 5 Friday of this month.
 
 
Department user # 6039-DE-andrew-deptu-2 # log in sucessfully
 
 
The process of creating a manual alarm by attribute is started.
The process of creating a manual alarm by attribute is complete.
 
 
The process of creating a manual alarm by resource is started.
The process of creating a manual alarm by resource is complete.
 
 
The process of creating a manual alarm by firefighter is started.
The process of creating a manual alarm by firefighter is complete.
 
 
The process of creating a manual alarm by escaltion resource is started.
The process of creating a manual alarm by escaltion resource is complete.
 
 
The process of creating low priority manual alarm by attribute is started.
The process of creating low priority manual alarm by attribute is complete.
 
 
The process of extend alarm is started.
The process of extend alarm is complete.
 
 
The process of create new storm is started.
The process of create new storm is complete.
 
The process of extend storm is started.
The process of extend storm is complete.
 
 
The process of create alarm from stataion 06 and extend to station 07 is started.
The create alarm from stataion 06 and extend to station 07 is complete.
 
 
The process of create low priority alarm from stataion 06 and extend to station 07 is started.
The create low priority alarm from stataion 06 and extend to station 07 is complete.
 
 
The process of creating low priority alarm with escalation resource is started.
The create creating low priority alarm with escalation resource is complete.
 
 
The Process of send message to user is started.
image attached properly
pdf attached properly
word file attached properly
The Process of send message to user is complete.
 
 
The process of creating a test alarm by attribute with remindar one time is started.
test alarm created for >29.11.2024-06:44
The process of creating a test alarm by attribute with remindar one time is complete.
 
 
The process of create info-event schedule by attribute is started.
info-event created for 06:49 to 07:04
The process of create info-event schedule by attribute is complete.
 
 
The process of create calendar event by attribute is started.
calendar event by attribute from-29-11-2024064957 to 29-11-2024070457
The process of create calendar event by attribute is complete.
 
 
The process of create availability request > send imediate is started.
The process of create availability request > send imediate is complete.
 
 
The process of creating information by attribute is started.
The process of creating information by attribute is complete.
 
 
The process of create info-event by attribute is started.
The process of create info-event by attribute is complete.
 
 
The process of creating chat group by attribute is started.
The process of creating chat group by attribute is complete.
 
 
The process of send message to availability request users is started.
The process of csend message to availability request users is complete.
 
 
The process of send message to test alarm user is started
The process of send message to test alarm user is complete.
 
 
The process of sending message to a chat group created by attribute is started.
The process of sending message to a chat group created by attribute is complete.
 
 
The process of send message to information users is started.
The process of send message to information users is started is complete.
 
 
The process of send message to info-event users is started.
The process of send message to info-event users is started is complete.
 
 
Login  date-29-11-2024 & login  time -06:33
Logout date-29-11-2024 & logout time -06:48
 
Logout sucessfully.
 
Refresh the URL before successfully closing the browser.
Browser close sucessfully.
 ]]>
  </system-out>
</testsuite> <!-- live_functions.A_testClass_dailyCheckPointList -->
