<?xml version="1.0" encoding="UTF-8"?>
<!-- Generated by org.testng.reporters.JUnitReportReporter -->
<testsuite hostname="DESKTOP-T6L47BI" failures="0" tests="3" name="live_functions.A_testClass_dailyCheckPointList" time="53.597" errors="0" timestamp="2024-12-13T18:09:57 IST" skipped="0">
  <testcase classname="live_functions.A_testClass_dailyCheckPointList" name="createManualAlarmByAttribute" time="42.656">
    <system-out>
      <![CDATA[ 
The process of creating a manual alarm by attribute is started.
The process of creating a manual alarm by attribute is complete.
 ]]>
    </system-out>
  </testcase> <!-- createManualAlarmByAttribute -->
  <testcase classname="live_functions.A_testClass_dailyCheckPointList" name="userDetails" time="2.930">
    <system-out>
      <![CDATA[ 
Department user # 914-IN-U11-U011-1 # log in sucessfully
 ]]>
    </system-out>
  </testcase> <!-- userDetails -->
  <testcase classname="live_functions.A_testClass_dailyCheckPointList" name="detailsAboutScript" time="8.011">
    <system-out>
      <![CDATA[ 
Login  date-13.12.2024 & login  time -13:38
Logout date-13-12-2024 & logout time -13:39
 ]]>
    </system-out>
  </testcase> <!-- detailsAboutScript -->
  <system-out>
    <![CDATA[Hello, Daily check point checking process of 2 has started.-13.12.2024>13:38
 
Todays is 2 Friday of this month.
 
 
Department user # 914-IN-U11-U011-1 # log in sucessfully
 
 
The process of creating a manual alarm by attribute is started.
The process of creating a manual alarm by attribute is complete.
 
 
Login  date-13.12.2024 & login  time -13:38
Logout date-13-12-2024 & logout time -13:39
 
Logout sucessfully.
 
Refresh the URL before successfully closing the browser.
Browser close sucessfully.
 ]]>
  </system-out>
</testsuite> <!-- live_functions.A_testClass_dailyCheckPointList -->
