<?xml version="1.0" encoding="UTF-8"?>
<!-- Generated by org.testng.reporters.JUnitReportReporter -->
<testsuite hostname="DESKTOP-T6L47BI" failures="0" tests="1" name="live_functions.A_testClass_dailyCheckPointList" time="29.511" errors="0" timestamp="2024-12-18T12:31:21 IST" skipped="0">
  <testcase classname="live_functions.A_testClass_dailyCheckPointList" name="createInformationByAttribute" time="29.511">
    <system-out>
      <![CDATA[ 
The process of creating information by attribute is started.
The process of creating information by attribute is complete.
 ]]>
    </system-out>
  </testcase> <!-- createInformationByAttribute -->
  <system-out>
    <![CDATA[Hello, Daily check point checking process of 1 has started.-18.12.2024>08:00
 
Todays is 3 Wednesday of this month.
 
 
The process of creating information by attribute is started.
The process of creating information by attribute is complete.
 
Logout sucessfully.
 
Refresh the URL before successfully closing the browser.
Browser close sucessfully.
 ]]>
  </system-out>
</testsuite> <!-- live_functions.A_testClass_dailyCheckPointList -->
