<?xml version="1.0" encoding="UTF-8"?>
<!-- Generated by org.testng.reporters.JUnitReportReporter -->
<testsuite hostname="DESKTOP-T6L47BI" failures="0" tests="23" name="live_functions.AAA_testClass_delete" time="389.041" errors="0" timestamp="2024-11-28T12:54:32 IST" skipped="0">
  <testcase classname="live_functions.AAA_testClass_delete" name="deleteCheckList" time="17.507">
    <system-out>
      <![CDATA[ 
The process of delete check list is started.
The total available check list count is-0 in the list for delete.
The process of delete  check list is complete.
 ]]>
    </system-out>
  </testcase> <!-- deleteCheckList -->
  <testcase classname="live_functions.AAA_testClass_delete" name="deleteAlarmLoop" time="18.491">
    <system-out>
      <![CDATA[ 
The process of delete alarm loop is started.
The total availabe alarm loop cout is -0 in the list for delete.
The process of delete alarm loop is complete.
 ]]>
    </system-out>
  </testcase> <!-- deleteAlarmLoop -->
  <testcase classname="live_functions.AAA_testClass_delete" name="userDetails" time="2.261">
    <system-out>
      <![CDATA[ 
live department user # bhupesh.dept_dev@atpl.in # log in sucessfully
 ]]>
    </system-out>
  </testcase> <!-- userDetails -->
  <testcase classname="live_functions.AAA_testClass_delete" name="deletePermissionGroup" time="18.406">
    <system-out>
      <![CDATA[ 
The process of delete permission group is started.
The total available permission count is-0 in the list for delete.
The process of delete permission group is complete.
 ]]>
    </system-out>
  </testcase> <!-- deletePermissionGroup -->
  <testcase classname="live_functions.AAA_testClass_delete" name="detailsAboutScript" time="2.499">
    <system-out>
      <![CDATA[ 
Login  date-28.11.2024 & login  time -08:17
Logout date-28-11-2024 & logout time -08:24
 ]]>
    </system-out>
  </testcase> <!-- detailsAboutScript -->
  <testcase classname="live_functions.AAA_testClass_delete" name="deleteTestAlarmFromOverview" time="16.880">
    <system-out>
      <![CDATA[ 
The process of deleting a test alarm from overview is started.
The total available test alarms count is-0 in the overview for delete.
The process of deleting a test alarm from overview is complted.
 ]]>
    </system-out>
  </testcase> <!-- deleteTestAlarmFromOverview -->
  <testcase classname="live_functions.AAA_testClass_delete" name="deleteManualAlarm" time="16.920">
    <system-out>
      <![CDATA[ 
The process of deleting a manual alarm is started.
The total available manual alarms count is-0 in the list for delete.
The process of deleting a manual alarm is complted.
 ]]>
    </system-out>
  </testcase> <!-- deleteManualAlarm -->
  <testcase classname="live_functions.AAA_testClass_delete" name="deleteAlarmTemplate" time="17.713">
    <system-out>
      <![CDATA[ 
The process of delete alarm template is started.
The availabler alarm template count is-0 in the list for delete.
The process of delete alarm template is complete.
 ]]>
    </system-out>
  </testcase> <!-- deleteAlarmTemplate -->
  <testcase classname="live_functions.AAA_testClass_delete" name="deleteARFromList" time="13.036">
    <system-out>
      <![CDATA[ 
The process of deleting availability request from list is started.
The total available availability request count is-0 in the list for delete.
The process of deleting availability request from list is complted.
 ]]>
    </system-out>
  </testcase> <!-- deleteARFromList -->
  <testcase classname="live_functions.AAA_testClass_delete" name="deleteCalendarEventCreatedByFirefighter" time="24.553">
    <system-out>
      <![CDATA[ 
The process of delete calendar event by firefighter is started.
The total available calendar event created by fire fighter count is-0 in the list for delate.
The process of delete calendar event is by firefighter complete.
 ]]>
    </system-out>
  </testcase> <!-- deleteCalendarEventCreatedByFirefighter -->
  <testcase classname="live_functions.AAA_testClass_delete" name="deleteInfoEvent" time="16.035">
    <system-out>
      <![CDATA[ 
The process of deleting information and event is started.
The total available information or event count is-0 in the list for delate.
Process of delete information and event is complted.
 ]]>
    </system-out>
  </testcase> <!-- deleteInfoEvent -->
  <testcase classname="live_functions.AAA_testClass_delete" name="deleteUers" time="17.793">
    <system-out>
      <![CDATA[ 
The process of delete user is started.
The available user cout is 0 in the list for delete
The process of delete user is complete.
 ]]>
    </system-out>
  </testcase> <!-- deleteUers -->
  <testcase classname="live_functions.AAA_testClass_delete" name="deleteChatGroup" time="17.819">
    <system-out>
      <![CDATA[ 
The process of delete Chat group is started.
The total available chat group count is-0 in the list for delete.
The process of delete  delete Chat group is complete.
 ]]>
    </system-out>
  </testcase> <!-- deleteChatGroup -->
  <testcase classname="live_functions.AAA_testClass_delete" name="deleteResource" time="15.509">
    <system-out>
      <![CDATA[ 
The process of delete resource is started.
The available resorce countt is-0 in the list for delete.
The process of delete resorce is is complete.
 ]]>
    </system-out>
  </testcase> <!-- deleteResource -->
  <testcase classname="live_functions.AAA_testClass_delete" name="deleteCalendarEventCreatedByAttribute" time="25.105">
    <system-out>
      <![CDATA[ 
The process of delete calendar eventcreated by attribute is started.
The total available calendar event created by attribute count is-0 in the list for delate.
The process of delete calendar event by attribute is complete.
 ]]>
    </system-out>
  </testcase> <!-- deleteCalendarEventCreatedByAttribute -->
  <testcase classname="live_functions.AAA_testClass_delete" name="deleteVehicleUser" time="18.017">
    <system-out>
      <![CDATA[ 
The process of delete vehicle is started.
the availabe vehicle count is -0in the list for delete.
The process ofdelete vehicle is complete.
 ]]>
    </system-out>
  </testcase> <!-- deleteVehicleUser -->
  <testcase classname="live_functions.AAA_testClass_delete" name="deleteARFromHistory" time="14.749">
    <system-out>
      <![CDATA[ 
The process of deleting availability request from history is started.
The total available availability request count is-0 in the history for delete.
The process of deleting availability request from history is complted.
 ]]>
    </system-out>
  </testcase> <!-- deleteARFromHistory -->
  <testcase classname="live_functions.AAA_testClass_delete" name="deleteAttribute" time="15.025">
    <system-out>
      <![CDATA[ 
The process of deleting attribute is started.
The availabler attribute count is-0 in the list for delete.
The process of deleting attribute is complted.
 ]]>
    </system-out>
  </testcase> <!-- deleteAttribute -->
  <testcase classname="live_functions.AAA_testClass_delete" name="deactiveTestAlarmFromOverview" time="19.829">
    <system-out>
      <![CDATA[ 
The process of deactive a test alarm from ovieview is started.
The total available test alarms count is-0 in the overview for deactive.
The process of deactive a test alarm from ovieview is complted.
 ]]>
    </system-out>
  </testcase> <!-- deactiveTestAlarmFromOverview -->
  <testcase classname="live_functions.AAA_testClass_delete" name="deleteCalendarEventCreatedByResource" time="25.633">
    <system-out>
      <![CDATA[ 
The process of delete calendar event by resource is started.
The total available calendar event created by resource count is-0 in the list for delate.
The process of delete calendar event by resource is complete.
 ]]>
    </system-out>
  </testcase> <!-- deleteCalendarEventCreatedByResource -->
  <testcase classname="live_functions.AAA_testClass_delete" name="deleteTestAlarmFromList" time="15.734">
    <system-out>
      <![CDATA[ 
The process of deleting a test alarm from list is started.
The total available test alarms count is-0 in the list for delete.
The process of deleting a test alarm from list is complted.
 ]]>
    </system-out>
  </testcase> <!-- deleteTestAlarmFromList -->
  <testcase classname="live_functions.AAA_testClass_delete" name="deleteEventCategory" time="21.431">
    <system-out>
      <![CDATA[ 
The process of delete event category is started.
The availabler event catagory count is-0 in the list for delete.
The process of delete event category is complete.
 ]]>
    </system-out>
  </testcase> <!-- deleteEventCategory -->
  <testcase classname="live_functions.AAA_testClass_delete" name="deleteFireStation" time="18.096">
    <system-out>
      <![CDATA[ 
The process of delete fire station is started.
The available station count is-0 in the list for delete.
The process of delete fire station is complete.
 ]]>
    </system-out>
  </testcase> <!-- deleteFireStation -->
  <system-out>
    <![CDATA[Hello, Live branch deleting process has started.-28.11.2024>08:17
 
 
live department user # bhupesh.dept_dev@atpl.in # log in sucessfully
 
 
The process of deactive a test alarm from ovieview is started.
The total available test alarms count is-0 in the overview for deactive.
The process of deactive a test alarm from ovieview is complted.
 
 
The process of deleting a manual alarm is started.
The total available manual alarms count is-0 in the list for delete.
The process of deleting a manual alarm is complted.
 
 
The process of deleting a test alarm from overview is started.
The total available test alarms count is-0 in the overview for delete.
The process of deleting a test alarm from overview is complted.
 
 
The process of deleting a test alarm from list is started.
The total available test alarms count is-0 in the list for delete.
The process of deleting a test alarm from list is complted.
 
 
The process of deleting information and event is started.
The total available information or event count is-0 in the list for delate.
Process of delete information and event is complted.
 
 
The process of delete calendar eventcreated by attribute is started.
The total available calendar event created by attribute count is-0 in the list for delate.
The process of delete calendar event by attribute is complete.
 
 
The process of delete calendar event by resource is started.
The total available calendar event created by resource count is-0 in the list for delate.
The process of delete calendar event by resource is complete.
 
 
The process of delete calendar event by firefighter is started.
The total available calendar event created by fire fighter count is-0 in the list for delate.
The process of delete calendar event is by firefighter complete.
 
 
The process of deleting availability request from history is started.
The total available availability request count is-0 in the history for delete.
The process of deleting availability request from history is complted.
 
 
The process of deleting availability request from list is started.
The total available availability request count is-0 in the list for delete.
The process of deleting availability request from list is complted.
 
 
The process of delete Chat group is started.
The total available chat group count is-0 in the list for delete.
The process of delete  delete Chat group is complete.
 
 
The process of delete check list is started.
The total available check list count is-0 in the list for delete.
The process of delete  check list is complete.
 
 
The process of delete permission group is started.
The total available permission count is-0 in the list for delete.
The process of delete permission group is complete.
 
 
The process of delete alarm loop is started.
The total availabe alarm loop cout is -0 in the list for delete.
The process of delete alarm loop is complete.
 
 
The process of delete user is started.
The available user cout is 0 in the list for delete
The process of delete user is complete.
 
 
The process of delete resource is started.
The available resorce countt is-0 in the list for delete.
The process of delete resorce is is complete.
 
 
The process of deleting attribute is started.
The availabler attribute count is-0 in the list for delete.
The process of deleting attribute is complted.
 
 
The process of delete vehicle is started.
the availabe vehicle count is -0in the list for delete.
The process ofdelete vehicle is complete.
 
 
The process of delete fire station is started.
The available station count is-0 in the list for delete.
The process of delete fire station is complete.
 
 
The process of delete alarm template is started.
The availabler alarm template count is-0 in the list for delete.
The process of delete alarm template is complete.
 
 
The process of delete event category is started.
The availabler event catagory count is-0 in the list for delete.
The process of delete event category is complete.
 
 
Login  date-28.11.2024 & login  time -08:17
Logout date-28-11-2024 & logout time -08:24
 
Logout sucessfully.
 
Browser close sucessfully.
 ]]>
  </system-out>
</testsuite> <!-- live_functions.AAA_testClass_delete -->
