<?xml version="1.0" encoding="UTF-8"?>
<!-- Generated by org.testng.reporters.JUnitReportReporter -->
<testsuite hostname="DESKTOP-T6L47BI" failures="0" tests="3" name="live_functions.A_testClass_dailyCheckPointList" time="83.187" errors="0" timestamp="2024-12-13T17:40:11 IST" skipped="0">
  <testcase classname="live_functions.A_testClass_dailyCheckPointList" name="userDetails" time="3.171">
    <system-out>
      <![CDATA[ 
Department user # bhupesh.dept_dev@atpl.in # log in sucessfully
 ]]>
    </system-out>
  </testcase> <!-- userDetails -->
  <testcase classname="live_functions.A_testClass_dailyCheckPointList" name="detailsAboutScript" time="7.436">
    <system-out>
      <![CDATA[ 
Login  date-13.12.2024 & login  time -13:08
Logout date-13-12-2024 & logout time -13:10
 ]]>
    </system-out>
  </testcase> <!-- detailsAboutScript -->
  <testcase classname="live_functions.A_testClass_dailyCheckPointList" name="extendLowPriorityAlarmFrom07To06ByAttribute" time="72.580">
    <system-out>
      <![CDATA[ 
The process of create low priority alarm from stataion 06 and extend to station 07 is started.
The create low priority alarm from stataion 06 and extend to station 07 is complete.
 ]]>
    </system-out>
  </testcase> <!-- extendLowPriorityAlarmFrom07To06ByAttribute -->
  <system-out>
    <![CDATA[Hello, Daily check point checking process of 3 has started.-13.12.2024>13:08
 
Todays is 2 Friday of this month.
 
 
Department user # bhupesh.dept_dev@atpl.in # log in sucessfully
 
 
The process of create low priority alarm from stataion 06 and extend to station 07 is started.
The create low priority alarm from stataion 06 and extend to station 07 is complete.
 
 
Login  date-13.12.2024 & login  time -13:08
Logout date-13-12-2024 & logout time -13:10
 
Logout sucessfully.
 
Refresh the URL before successfully closing the browser.
Browser close sucessfully.
 ]]>
  </system-out>
</testsuite> <!-- live_functions.A_testClass_dailyCheckPointList -->
