<?xml version="1.0" encoding="UTF-8"?>
<!-- Generated by org.testng.reporters.JUnitReportReporter -->
<testsuite hostname="DESKTOP-T6L47BI" failures="0" tests="7" name="functions_testing.A_testClass_dailyCheckPointList" time="102.660" errors="0" timestamp="2024-07-12T18:02:34 IST" skipped="0">
  <testcase classname="functions_testing.A_testClass_dailyCheckPointList" name="CreateAttributeForDepartment" time="18.161">
    <system-out>
      <![CDATA[ 
The process of creating attribute is started.
BG:Attri>1207143049>added successfully
The process of creating attribute is is complete.
 ]]>
    </system-out>
  </testcase> <!-- CreateAttributeForDepartment -->
  <testcase classname="functions_testing.A_testClass_dailyCheckPointList" name="userDetails" time="2.706">
    <system-out>
      <![CDATA[ 
live department user # 914-IN-U11-U011-1 # log in sucessfully
 ]]>
    </system-out>
  </testcase> <!-- userDetails -->
  <testcase classname="functions_testing.A_testClass_dailyCheckPointList" name="createAlamLoop" time="13.089">
    <system-out>
      <![CDATA[ 
The process of adding new alarm loop is started.
Alarm Loop >BG:AlarmLoop-1207_143049 added successfully.
The process of adding new alarm loop is complete.
 ]]>
    </system-out>
  </testcase> <!-- createAlamLoop -->
  <testcase classname="functions_testing.A_testClass_dailyCheckPointList" name="createAlamTemplate" time="26.880">
    <system-out>
      <![CDATA[ 
The process of adding new alarm template is started.
Alarm Template> BG-Template-1207_143049 adde successfully.
The process of adding new alarm template is complete.
 ]]>
    </system-out>
  </testcase> <!-- createAlamTemplate -->
  <testcase classname="functions_testing.A_testClass_dailyCheckPointList" name="addEventCategory" time="21.552">
    <system-out>
      <![CDATA[ 
The process of adding new event category is started.
 BG-EventCategoty-1207_143049 added successfully.
The process of new event category is complete.
 ]]>
    </system-out>
  </testcase> <!-- addEventCategory -->
  <testcase classname="functions_testing.A_testClass_dailyCheckPointList" name="detailsAboutScript" time="5.374">
    <system-out>
      <![CDATA[ 
Login  date-12.07.2024 & login  time -14:30
Logout date-12-07-2024 & logout time -14:32
 ]]>
    </system-out>
  </testcase> <!-- detailsAboutScript -->
  <testcase classname="functions_testing.A_testClass_dailyCheckPointList" name="createResource" time="14.898">
    <system-out>
      <![CDATA[ 
The process of adding new resource is started.
BG:Resorce-1207_143049> added successfully
The process of adding new resource is complete.
 ]]>
    </system-out>
  </testcase> <!-- createResource -->
  <system-out>
    <![CDATA[Hello, Daily check point checking process has started.-12.07.2024>14:30
 
Todays is 2 Friday of this month.
 
 
live department user # 914-IN-U11-U011-1 # log in sucessfully
 
 
The process of creating attribute is started.
BG:Attri>1207143049>added successfully
The process of creating attribute is is complete.
 
 
The process of adding new resource is started.
BG:Resorce-1207_143049> added successfully
The process of adding new resource is complete.
 
 
The process of adding new alarm loop is started.
Alarm Loop >BG:AlarmLoop-1207_143049 added successfully.
The process of adding new alarm loop is complete.
 
 
The process of adding new alarm template is started.
Alarm Template> BG-Template-1207_143049 adde successfully.
The process of adding new alarm template is complete.
 
 
The process of adding new event category is started.
 BG-EventCategoty-1207_143049 added successfully.
The process of new event category is complete.
 
 
Login  date-12.07.2024 & login  time -14:30
Logout date-12-07-2024 & logout time -14:32
 
Logout sucessfully.
 
Browser close sucessfully.
 ]]>
  </system-out>
</testsuite> <!-- functions_testing.A_testClass_dailyCheckPointList -->
