<?xml version="1.0" encoding="UTF-8"?>
<!-- Generated by org.testng.reporters.JUnitReportReporter -->
<testsuite hostname="DESKTOP-T6L47BI" failures="0" tests="1" name="live_functions.A_testClass_dailyCheckPointList" time="39.328" errors="0" timestamp="2025-01-04T13:39:00 IST" skipped="0">
  <testcase classname="live_functions.A_testClass_dailyCheckPointList" name="createTestAlarmByAttributeRecursiveWeekly" time="39.328">
    <system-out>
      <![CDATA[ 
The process of creating a test alarm by fire fighter with remindar recursive > weekly is started.
test alarm created for >04.01.2025-09:15
The process of creating a test alarm by fire fighter with remindar recursive > weekly is complete.
 ]]>
    </system-out>
  </testcase> <!-- createTestAlarmByAttributeRecursiveWeekly -->
  <system-out>
    <![CDATA[Hello, Daily check point checking process of 3 has started.-04.01.2025>09:08
 
Todays is 1 Saturday of this month.
 
 
The process of creating a test alarm by fire fighter with remindar recursive > weekly is started.
test alarm created for >04.01.2025-09:15
The process of creating a test alarm by fire fighter with remindar recursive > weekly is complete.
 
Logout sucessfully.
 
Refresh the URL before successfully closing the browser.
Browser close sucessfully.
 ]]>
  </system-out>
</testsuite> <!-- live_functions.A_testClass_dailyCheckPointList -->
