<?xml version="1.0" encoding="UTF-8"?>
<!-- Generated by org.testng.reporters.JUnitReportReporter -->
<testsuite hostname="DESKTOP-T6L47BI" failures="0" tests="10" name="live_functions.AA_TestclassForNewData" time="0.365" errors="1" timestamp="2024-10-30T15:14:11 IST" skipped="9">
  <testcase classname="live_functions.AA_TestclassForNewData" name="addFirefighterForNewStation" time="0.000">
    <skipped/>
  </testcase> <!-- addFirefighterForNewStation -->
  <testcase classname="live_functions.AA_TestclassForNewData" name="addVehicleUserForNewStation" time="0.000">
    <skipped/>
  </testcase> <!-- addVehicleUserForNewStation -->
  <testcase classname="live_functions.AA_TestclassForNewData" name="addResourceForNewStation" time="0.000">
    <skipped/>
  </testcase> <!-- addResourceForNewStation -->
  <testcase classname="live_functions.AA_TestclassForNewData" name="addFireStation" time="0.000">
    <skipped/>
  </testcase> <!-- addFireStation -->
  <testcase classname="live_functions.AA_TestclassForNewData" name="createNewStationMonitorUser" time="0.000">
    <skipped/>
  </testcase> <!-- createNewStationMonitorUser -->
  <testcase classname="live_functions.AA_TestclassForNewData" name="CreateAttributeForDepartment" time="0.001">
    <skipped/>
  </testcase> <!-- CreateAttributeForDepartment -->
  <testcase classname="live_functions.AA_TestclassForNewData" name="addNewStationUserForNewStation" time="0.000">
    <skipped/>
  </testcase> <!-- addNewStationUserForNewStation -->
  <testcase classname="live_functions.AA_TestclassForNewData" name="createManualAlarmByNewFireighterForNewStation" time="0.000">
    <skipped/>
  </testcase> <!-- createManualAlarmByNewFireighterForNewStation -->
  <testcase classname="live_functions.AA_TestclassForNewData" name="lounchBrowser" time="0.364">
    <error message="Cannot invoke &quot;org.apache.poi.xssf.usermodel.XSSFRow.getCell(int)&quot; because the return value of &quot;org.apache.poi.xssf.usermodel.XSSFSheet.getRow(int)&quot; is null" type="java.lang.NullPointerException">
      <![CDATA[java.lang.NullPointerException: Cannot invoke "org.apache.poi.xssf.usermodel.XSSFRow.getCell(int)" because the return value of "org.apache.poi.xssf.usermodel.XSSFSheet.getRow(int)" is null
at live_functions.B_baseClass.browserLounch(B_baseClass.java:35)
at live_functions.AA_TestclassForNewData.lounchBrowser(AA_TestclassForNewData.java:97)
at java.base/jdk.internal.reflect.NativeMethodAccessorImpl.invoke0(Native Method)
at java.base/jdk.internal.reflect.NativeMethodAccessorImpl.invoke(NativeMethodAccessorImpl.java:77)
at java.base/jdk.internal.reflect.DelegatingMethodAccessorImpl.invoke(DelegatingMethodAccessorImpl.java:43)
at java.base/java.lang.reflect.Method.invoke(Method.java:568)
at org.testng.internal.invokers.MethodInvocationHelper.invokeMethod(MethodInvocationHelper.java:139)
at org.testng.internal.invokers.MethodInvocationHelper.invokeMethodConsideringTimeout(MethodInvocationHelper.java:69)
at org.testng.internal.invokers.ConfigInvoker.invokeConfigurationMethod(ConfigInvoker.java:393)
at org.testng.internal.invokers.ConfigInvoker.invokeConfigurations(ConfigInvoker.java:326)
at org.testng.internal.invokers.TestMethodWorker.invokeBeforeClassMethods(TestMethodWorker.java:180)
at org.testng.internal.invokers.TestMethodWorker.run(TestMethodWorker.java:122)
at java.base/java.util.ArrayList.forEach(ArrayList.java:1511)
at org.testng.TestRunner.privateRun(TestRunner.java:819)
at org.testng.TestRunner.run(TestRunner.java:619)
at org.testng.SuiteRunner.runTest(SuiteRunner.java:443)
at org.testng.SuiteRunner.runSequentially(SuiteRunner.java:437)
at org.testng.SuiteRunner.privateRun(SuiteRunner.java:397)
at org.testng.SuiteRunner.run(SuiteRunner.java:336)
at org.testng.SuiteRunnerWorker.runSuite(SuiteRunnerWorker.java:52)
at org.testng.SuiteRunnerWorker.run(SuiteRunnerWorker.java:95)
at org.testng.TestNG.runSuitesSequentially(TestNG.java:1301)
at org.testng.TestNG.runSuitesLocally(TestNG.java:1228)
at org.testng.TestNG.runSuites(TestNG.java:1134)
at org.testng.TestNG.run(TestNG.java:1101)
at org.testng.remote.AbstractRemoteTestNG.run(AbstractRemoteTestNG.java:115)
at org.testng.remote.RemoteTestNG.initAndRun(RemoteTestNG.java:251)
at org.testng.remote.RemoteTestNG.main(RemoteTestNG.java:77)
]]>
    </error>
  </testcase> <!-- lounchBrowser -->
  <testcase classname="live_functions.AA_TestclassForNewData" name="userDetails" time="0.000">
    <skipped/>
  </testcase> <!-- userDetails -->
</testsuite> <!-- live_functions.AA_TestclassForNewData -->
