<?xml version="1.0" encoding="UTF-8"?>
<!-- Generated by org.testng.reporters.JUnitReportReporter -->
<testsuite hostname="DESKTOP-T6L47BI" failures="0" tests="4" name="live_functions.A_testClass_dailyCheckPointList" time="241.662" errors="0" timestamp="2025-01-08T11:23:57 IST" skipped="0">
  <testcase classname="live_functions.A_testClass_dailyCheckPointList" name="extendAlarmFrom07To06ByAttribute" time="79.907">
    <system-out>
      <![CDATA[ 
The process of create alarm from stataion 06 and extend to station 07 is started.
The create alarm from stataion 06 and extend to station 07 is complete.
 ]]>
    </system-out>
  </testcase> <!-- extendAlarmFrom07To06ByAttribute -->
  <testcase classname="live_functions.A_testClass_dailyCheckPointList" name="extendLowPriorityAlarmFrom07To06ByAttribute" time="75.062">
    <system-out>
      <![CDATA[ 
The process of create low priority alarm from stataion 06 and extend to station 07 is started.
The create low priority alarm from stataion 06 and extend to station 07 is complete.
 ]]>
    </system-out>
  </testcase> <!-- extendLowPriorityAlarmFrom07To06ByAttribute -->
  <testcase classname="live_functions.A_testClass_dailyCheckPointList" name="createTestAlarmByAttributeOneTime" time="50.874">
    <system-out>
      <![CDATA[ 
The process of creating a test alarm by attribute with remindar one time is started.
test alarm created for >08.01.2025-07:00
The process of creating a test alarm by attribute with remindar one time is complete.
 ]]>
    </system-out>
  </testcase> <!-- createTestAlarmByAttributeOneTime -->
  <testcase classname="live_functions.A_testClass_dailyCheckPointList" name="createStormAlarm" time="35.819">
    <system-out>
      <![CDATA[ 
The process of create new storm is started.
The process of create new storm is complete.
 
The process of extend storm is started.
The process of extend storm is complete.
 ]]>
    </system-out>
  </testcase> <!-- createStormAlarm -->
  <system-out>
    <![CDATA[Hello, Daily check point checking process of 1 has started.-08.01.2025>06:49
 
Todays is 2 Wednesday of this month.
 
 
The process of create alarm from stataion 06 and extend to station 07 is started.
The create alarm from stataion 06 and extend to station 07 is complete.
 
 
The process of create low priority alarm from stataion 06 and extend to station 07 is started.
The create low priority alarm from stataion 06 and extend to station 07 is complete.
 
 
The process of create new storm is started.
The process of create new storm is complete.
 
The process of extend storm is started.
The process of extend storm is complete.
 
 
The process of creating a test alarm by attribute with remindar one time is started.
test alarm created for >08.01.2025-07:00
The process of creating a test alarm by attribute with remindar one time is complete.
 
Logout sucessfully.
 
Refresh the URL before successfully closing the browser.
Browser close sucessfully.
 ]]>
  </system-out>
</testsuite> <!-- live_functions.A_testClass_dailyCheckPointList -->
