<?xml version="1.0" encoding="UTF-8"?>
<!-- Generated by org.testng.reporters.JUnitReportReporter -->
<testsuite hostname="DESKTOP-T6L47BI" failures="0" tests="5" name="live_functions.A_testClass_dailyCheckPointList" time="220.458" errors="0" timestamp="2024-12-17T16:11:29 IST" skipped="0">
  <testcase classname="live_functions.A_testClass_dailyCheckPointList" name="addStationUserForStation06" time="36.617">
    <system-out>
      <![CDATA[ 
The process of add station user is started.
basic detailas save successfully.
adding role save successfully.
user details
User first name >ghatole
User last name > NewStUser
User mail id > ghatole.NewStUser@atpl.in
The process of add station uers is complete.
 ]]>
    </system-out>
  </testcase> <!-- addStationUserForStation06 -->
  <testcase classname="live_functions.A_testClass_dailyCheckPointList" name="addFirefighterForNewStation06" time="123.290">
    <system-out>
      <![CDATA[ 
The process of add fire fighter is started.
basic detailas save successfully.
user role save successfully.
permission save successfully.
adding atrribute successfully.
adding resource successfully.
user details
User first name > ghatole
User last name > ff-1
User mail id > dghatole.ff1@atpl.in
  
basic detailas save successfully.
user role save successfully.
permission save successfully.
adding atrribute successfully.
adding resource successfully.
user details
User first name > ghatole
User last name > ff-2
User mail id > dghatole.ff2@atpl.in
  
The process of add fire fighter is complete.
 ]]>
    </system-out>
  </testcase> <!-- addFirefighterForNewStation06 -->
  <testcase classname="live_functions.A_testClass_dailyCheckPointList" name="detailsAboutScript" time="6.531">
    <system-out>
      <![CDATA[ 
Login  date-17.12.2024 & login  time -11:37
Logout date-17-12-2024 & logout time -11:41
 ]]>
    </system-out>
  </testcase> <!-- detailsAboutScript -->
  <testcase classname="live_functions.A_testClass_dailyCheckPointList" name="userDetails" time="3.812">
    <system-out>
      <![CDATA[ 
Department user # 6039-DE-andrew-deptu-2 # log in sucessfully
 ]]>
    </system-out>
  </testcase> <!-- userDetails -->
  <testcase classname="live_functions.A_testClass_dailyCheckPointList" name="addVehicleUserForStation06" time="50.208">
    <system-out>
      <![CDATA[ 
The process of add new vehicle for station 06 is started.
vehicle Bhupesh+adst06V1newDaily@atinatechnology.in added successfully.
vehicle Bhupesh+adst06V2newDaily@atinatechnology.in added successfully.
The process of aadd new vehicle for station 06 is complete.
 ]]>
    </system-out>
  </testcase> <!-- addVehicleUserForStation06 -->
  <system-out>
    <![CDATA[Hello, Daily check point checking process of 1 has started.-17.12.2024>11:37
 
Todays is 3 Tuesday of this month.
 
 
Department user # 6039-DE-andrew-deptu-2 # log in sucessfully
 
 
The process of add station user is started.
basic detailas save successfully.
adding role save successfully.
user details
User first name >ghatole
User last name > NewStUser
User mail id > ghatole.NewStUser@atpl.in
The process of add station uers is complete.
 
 
The process of add fire fighter is started.
basic detailas save successfully.
user role save successfully.
permission save successfully.
adding atrribute successfully.
adding resource successfully.
user details
User first name > ghatole
User last name > ff-1
User mail id > dghatole.ff1@atpl.in
  
basic detailas save successfully.
user role save successfully.
permission save successfully.
adding atrribute successfully.
adding resource successfully.
user details
User first name > ghatole
User last name > ff-2
User mail id > dghatole.ff2@atpl.in
  
The process of add fire fighter is complete.
 
 
The process of add new vehicle for station 06 is started.
vehicle Bhupesh+adst06V1newDaily@atinatechnology.in added successfully.
vehicle Bhupesh+adst06V2newDaily@atinatechnology.in added successfully.
The process of aadd new vehicle for station 06 is complete.
 
 
Login  date-17.12.2024 & login  time -11:37
Logout date-17-12-2024 & logout time -11:41
 
Logout sucessfully.
 
Refresh the URL before successfully closing the browser.
Browser close sucessfully.
 ]]>
  </system-out>
</testsuite> <!-- live_functions.A_testClass_dailyCheckPointList -->
