<?xml version="1.0" encoding="UTF-8"?>
<!-- Generated by org.testng.reporters.JUnitReportReporter -->
<testsuite hostname="DESKTOP-T6L47BI" failures="0" tests="3" name="live_functions.A_testClass_dailyCheckPointList" time="63.422" errors="0" timestamp="2024-11-28T19:10:15 IST" skipped="0">
  <testcase classname="live_functions.A_testClass_dailyCheckPointList" name="addVehicleUserForStation06" time="49.062">
    <system-out>
      <![CDATA[ 
The process of add new vehicle for station 06 is started.
vehicle Bhupesh+adst06V1newDaily@atinatechnology.in added successfully.
vehicle Bhupesh+adst06V2newDaily@atinatechnology.in added successfully.
The process of aadd new vehicle for station 06 is complete.
 ]]>
    </system-out>
  </testcase> <!-- addVehicleUserForStation06 -->
  <testcase classname="live_functions.A_testClass_dailyCheckPointList" name="userDetails" time="5.048">
    <system-out>
      <![CDATA[ 
Department user # 6039-DE-andrew-deptu-2 # log in sucessfully
 ]]>
    </system-out>
  </testcase> <!-- userDetails -->
  <testcase classname="live_functions.A_testClass_dailyCheckPointList" name="detailsAboutScript" time="9.312">
    <system-out>
      <![CDATA[ 
Login  date-28.11.2024 & login  time -14:39
Logout date-28-11-2024 & logout time -14:40
 ]]>
    </system-out>
  </testcase> <!-- detailsAboutScript -->
  <system-out>
    <![CDATA[Hello, Daily check point checking process of live has started.-28.11.2024>14:39
 
Todays is 4 Thursday of this month.
 
 
Department user # 6039-DE-andrew-deptu-2 # log in sucessfully
 
 
The process of add new vehicle for station 06 is started.
vehicle Bhupesh+adst06V1newDaily@atinatechnology.in added successfully.
vehicle Bhupesh+adst06V2newDaily@atinatechnology.in added successfully.
The process of aadd new vehicle for station 06 is complete.
 
 
Login  date-28.11.2024 & login  time -14:39
Logout date-28-11-2024 & logout time -14:40
 
Logout sucessfully.
 
Refresh the URL before successfully closing the browser.
Browser close sucessfully.
 ]]>
  </system-out>
</testsuite> <!-- live_functions.A_testClass_dailyCheckPointList -->
