<?xml version="1.0" encoding="UTF-8"?>
<!-- Generated by org.testng.reporters.JUnitReportReporter -->
<testsuite hostname="DESKTOP-T6L47BI" failures="0" tests="3" name="live_functions.A_testClass_dailyCheckPointList" time="465.664" errors="0" timestamp="2024-11-18T18:15:20 IST" skipped="0">
  <testcase classname="live_functions.A_testClass_dailyCheckPointList" name="userDetails" time="5.206">
    <system-out>
      <![CDATA[ 
live department user # 6039-DE-andrew-deptu-2 # log in sucessfully
 ]]>
    </system-out>
  </testcase> <!-- userDetails -->
  <testcase classname="live_functions.A_testClass_dailyCheckPointList" name="ManulaAlarmRepeate" time="451.951">
    <system-out>
      <![CDATA[ 
The process of creating a manual alarm by new firefighter is started.
alarm bnumber 0
alarm bnumber 1
alarm bnumber 2
alarm bnumber 3
alarm bnumber 4
alarm bnumber 5
alarm bnumber 6
alarm bnumber 7
alarm bnumber 8
alarm bnumber 9
alarm bnumber 10
alarm bnumber 11
alarm bnumber 12
alarm bnumber 13
alarm bnumber 14
alarm bnumber 15
alarm bnumber 16
alarm bnumber 17
alarm bnumber 18
alarm bnumber 19
alarm bnumber 20
The process of creating a manual alarm by new firefighter is complete.
 ]]>
    </system-out>
  </testcase> <!-- ManulaAlarmRepeate -->
  <testcase classname="live_functions.A_testClass_dailyCheckPointList" name="detailsAboutScript" time="8.507">
    <system-out>
      <![CDATA[ 
Login  date-18.11.2024 & login  time -13:37
Logout date-18-11-2024 & logout time -13:45
 ]]>
    </system-out>
  </testcase> <!-- detailsAboutScript -->
  <system-out>
    <![CDATA[Hello, Daily check point checking process has started.-18.11.2024>13:37
 
Todays is 3 Monday of this month.
 
 
live department user # 6039-DE-andrew-deptu-2 # log in sucessfully
 
 
The process of creating a manual alarm by new firefighter is started.
alarm bnumber 0
alarm bnumber 1
alarm bnumber 2
alarm bnumber 3
alarm bnumber 4
alarm bnumber 5
alarm bnumber 6
alarm bnumber 7
alarm bnumber 8
alarm bnumber 9
alarm bnumber 10
alarm bnumber 11
alarm bnumber 12
alarm bnumber 13
alarm bnumber 14
alarm bnumber 15
alarm bnumber 16
alarm bnumber 17
alarm bnumber 18
alarm bnumber 19
alarm bnumber 20
The process of creating a manual alarm by new firefighter is complete.
 
 
Login  date-18.11.2024 & login  time -13:37
Logout date-18-11-2024 & logout time -13:45
 
Logout sucessfully.
 
Refresh the URL before successfully closing the browser.
Browser close sucessfully.
 ]]>
  </system-out>
</testsuite> <!-- live_functions.A_testClass_dailyCheckPointList -->
