<?xml version="1.0" encoding="UTF-8"?>
<!-- Generated by org.testng.reporters.JUnitReportReporter -->
<testsuite hostname="DESKTOP-T6L47BI" failures="0" tests="3" name="live_functions.A_testClass_dailyCheckPointList" time="43.674" errors="0" timestamp="2024-11-14T11:58:02 IST" skipped="0">
  <testcase classname="live_functions.A_testClass_dailyCheckPointList" name="userDetails" time="4.562">
    <system-out>
      <![CDATA[ 
live department user # 6039-DE-andrew-deptu-2 # log in sucessfully
 ]]>
    </system-out>
  </testcase> <!-- userDetails -->
  <testcase classname="live_functions.A_testClass_dailyCheckPointList" name="createInfoEventByFirefighter" time="30.971">
    <system-out>
      <![CDATA[ 
The process of create info-event by firefighter is started.
The process of create info-event by firefighter is complete.
 ]]>
    </system-out>
  </testcase> <!-- createInfoEventByFirefighter -->
  <testcase classname="live_functions.A_testClass_dailyCheckPointList" name="detailsAboutScript" time="8.141">
    <system-out>
      <![CDATA[ 
Login  date-14.11.2024 & login  time -07:27
Logout date-14-11-2024 & logout time -07:27
 ]]>
    </system-out>
  </testcase> <!-- detailsAboutScript -->
  <system-out>
    <![CDATA[Hello, Daily check point checking process has started.-14.11.2024>07:27
 
Todays is 2 Thursday of this month.
 
 
live department user # 6039-DE-andrew-deptu-2 # log in sucessfully
 
 
The process of create info-event by firefighter is started.
The process of create info-event by firefighter is complete.
 
 
Login  date-14.11.2024 & login  time -07:27
Logout date-14-11-2024 & logout time -07:27
 
Logout sucessfully.
 
Refresh the URL before successfully closing the browser.
Browser close sucessfully.
 ]]>
  </system-out>
</testsuite> <!-- live_functions.A_testClass_dailyCheckPointList -->
