<?xml version="1.0" encoding="UTF-8"?>
<!-- Generated by org.testng.reporters.JUnitReportReporter -->
<testsuite hostname="DESKTOP-T6L47BI" failures="0" tests="6" name="live_functions.A_testClass_dailyCheckPointList" time="101.484" errors="0" timestamp="2025-01-13T19:05:27 IST" skipped="0">
  <testcase classname="live_functions.A_testClass_dailyCheckPointList" name="createAvailabilityRequestSendSchedule" time="21.578">
    <system-out>
      <![CDATA[ 
The process of create availability request > schedule is started.
Availability request schedule>13.01.2025-14:40
The process of create availability request > schedule is complete.
 ]]>
    </system-out>
  </testcase> <!-- createAvailabilityRequestSendSchedule -->
  <testcase classname="live_functions.A_testClass_dailyCheckPointList" name="createAvailabilityRequestSendMultipleDays" time="21.404">
    <system-out>
      <![CDATA[ 
The process of create availability request > multiple days is started.
Availability request recursive >13.01.2025-14:40
Availability request recursive >13.01.2025-14:44
Availability request recursive >13.01.2025-14:48
The process of create availability request > multiple days is complete.
 ]]>
    </system-out>
  </testcase> <!-- createAvailabilityRequestSendMultipleDays -->
  <testcase classname="live_functions.A_testClass_dailyCheckPointList" name="userDetails" time="4.133">
    <system-out>
      <![CDATA[ 
Department user # 914-IN-U11-U011-1 # log in sucessfully
 ]]>
    </system-out>
  </testcase> <!-- userDetails -->
  <testcase classname="live_functions.A_testClass_dailyCheckPointList" name="detailsAboutScript" time="5.605">
    <system-out>
      <![CDATA[ 
Login  date-13.01.2025 & login  time -14:33
Logout date-13-01-2025 & logout time -14:35
 ]]>
    </system-out>
  </testcase> <!-- detailsAboutScript -->
  <testcase classname="live_functions.A_testClass_dailyCheckPointList" name="createAvailabilityRequestSendRecursive" time="21.513">
    <system-out>
      <![CDATA[ 
The process of create availability request > recursive is started.
Availability request recursive >13.01.2025-Monday-14:40
The process of create availability request > recursive is complete.
 ]]>
    </system-out>
  </testcase> <!-- createAvailabilityRequestSendRecursive -->
  <testcase classname="live_functions.A_testClass_dailyCheckPointList" name="createAvailabilityRequestSendImmediat" time="27.251">
    <system-out>
      <![CDATA[ 
The process of create availability request > send imediate is started.
The process of create availability request > send imediate is complete.
 ]]>
    </system-out>
  </testcase> <!-- createAvailabilityRequestSendImmediat -->
  <system-out>
    <![CDATA[Hello, Daily check point checking process of 2 has started.-13.01.2025>14:33
 
Todays is 2 Monday of this month.
 
 
Department user # 914-IN-U11-U011-1 # log in sucessfully
 
 
The process of create availability request > send imediate is started.
The process of create availability request > send imediate is complete.
 
 
The process of create availability request > schedule is started.
Availability request schedule>13.01.2025-14:40
The process of create availability request > schedule is complete.
 
 
The process of create availability request > recursive is started.
Availability request recursive >13.01.2025-Monday-14:40
The process of create availability request > recursive is complete.
 
 
The process of create availability request > multiple days is started.
Availability request recursive >13.01.2025-14:40
Availability request recursive >13.01.2025-14:44
Availability request recursive >13.01.2025-14:48
The process of create availability request > multiple days is complete.
 
 
Login  date-13.01.2025 & login  time -14:33
Logout date-13-01-2025 & logout time -14:35
 
Logout sucessfully.
 
Refresh the URL before successfully closing the browser.
Browser close sucessfully.
 ]]>
  </system-out>
</testsuite> <!-- live_functions.A_testClass_dailyCheckPointList -->
